[2023-05-09 10:55:45,853] {taskinstance.py:1159} INFO - Dependencies all met for <TaskInstance: TwitterDag.transform_twitter_datascience scheduled__2023-05-07T00:00:00+00:00 [queued]>
[2023-05-09 10:55:45,862] {taskinstance.py:1159} INFO - Dependencies all met for <TaskInstance: TwitterDag.transform_twitter_datascience scheduled__2023-05-07T00:00:00+00:00 [queued]>
[2023-05-09 10:55:45,862] {taskinstance.py:1356} INFO - 
--------------------------------------------------------------------------------
[2023-05-09 10:55:45,862] {taskinstance.py:1357} INFO - Starting attempt 1 of 1
[2023-05-09 10:55:45,862] {taskinstance.py:1358} INFO - 
--------------------------------------------------------------------------------
[2023-05-09 10:55:45,877] {taskinstance.py:1377} INFO - Executing <Task(SparkSubmitOperator): transform_twitter_datascience> on 2023-05-07 00:00:00+00:00
[2023-05-09 10:55:45,879] {standard_task_runner.py:52} INFO - Started process 18813 to run task
[2023-05-09 10:55:45,882] {standard_task_runner.py:79} INFO - Running: ['airflow', 'tasks', 'run', 'TwitterDag', 'transform_twitter_datascience', 'scheduled__2023-05-07T00:00:00+00:00', '--job-id', '22', '--raw', '--subdir', 'DAGS_FOLDER/twitter_dag.py', '--cfg-path', '/tmp/tmpe1q7jiro', '--error-file', '/tmp/tmp18dd_rhv']
[2023-05-09 10:55:45,882] {standard_task_runner.py:80} INFO - Job 22: Subtask transform_twitter_datascience
[2023-05-09 10:55:45,929] {task_command.py:370} INFO - Running <TaskInstance: TwitterDag.transform_twitter_datascience scheduled__2023-05-07T00:00:00+00:00 [running]> on host kirsch-Virtual-Machine
[2023-05-09 10:55:45,999] {taskinstance.py:1569} INFO - Exporting the following env vars:
AIRFLOW_CTX_DAG_OWNER=airflow
AIRFLOW_CTX_DAG_ID=TwitterDag
AIRFLOW_CTX_TASK_ID=transform_twitter_datascience
AIRFLOW_CTX_EXECUTION_DATE=2023-05-07T00:00:00+00:00
AIRFLOW_CTX_TRY_NUMBER=1
AIRFLOW_CTX_DAG_RUN_ID=scheduled__2023-05-07T00:00:00+00:00
[2023-05-09 10:55:46,003] {base.py:68} INFO - Using connection ID 'spark_default' for task execution.
[2023-05-09 10:55:46,004] {spark_submit.py:339} INFO - Spark-Submit cmd: spark-submit --master local --name twitter_transformation /home/kirsch/airflow-alura/src/spark/transformation.py --src /home/kirsch/airflow-alura/datalake/Bronze/twitter_datascience/extract_date=2023-05-07 --dest /home/kirsch/airflow-alura/datalake/Silver/twitter_datascience/ --process-date 2023-05-07
[2023-05-09 10:55:47,332] {spark_submit.py:490} INFO - 23/05/09 10:55:47 WARN Utils: Your hostname, kirsch-Virtual-Machine resolves to a loopback address: 127.0.1.1; using 172.18.244.229 instead (on interface eth0)
[2023-05-09 10:55:47,332] {spark_submit.py:490} INFO - 23/05/09 10:55:47 WARN Utils: Set SPARK_LOCAL_IP if you need to bind to another address
[2023-05-09 10:55:48,259] {spark_submit.py:490} INFO - Using Spark's default log4j profile: org/apache/spark/log4j-defaults.properties
[2023-05-09 10:55:48,268] {spark_submit.py:490} INFO - 23/05/09 10:55:48 INFO SparkContext: Running Spark version 3.2.4
[2023-05-09 10:55:48,379] {spark_submit.py:490} INFO - 23/05/09 10:55:48 WARN NativeCodeLoader: Unable to load native-hadoop library for your platform... using builtin-java classes where applicable
[2023-05-09 10:55:48,466] {spark_submit.py:490} INFO - 23/05/09 10:55:48 INFO ResourceUtils: ==============================================================
[2023-05-09 10:55:48,466] {spark_submit.py:490} INFO - 23/05/09 10:55:48 INFO ResourceUtils: No custom resources configured for spark.driver.
[2023-05-09 10:55:48,466] {spark_submit.py:490} INFO - 23/05/09 10:55:48 INFO ResourceUtils: ==============================================================
[2023-05-09 10:55:48,466] {spark_submit.py:490} INFO - 23/05/09 10:55:48 INFO SparkContext: Submitted application: twitter_transformation
[2023-05-09 10:55:48,496] {spark_submit.py:490} INFO - 23/05/09 10:55:48 INFO ResourceProfile: Default ResourceProfile created, executor resources: Map(cores -> name: cores, amount: 1, script: , vendor: , memory -> name: memory, amount: 1024, script: , vendor: , offHeap -> name: offHeap, amount: 0, script: , vendor: ), task resources: Map(cpus -> name: cpus, amount: 1.0)
[2023-05-09 10:55:48,512] {spark_submit.py:490} INFO - 23/05/09 10:55:48 INFO ResourceProfile: Limiting resource is cpu
[2023-05-09 10:55:48,513] {spark_submit.py:490} INFO - 23/05/09 10:55:48 INFO ResourceProfileManager: Added ResourceProfile id: 0
[2023-05-09 10:55:48,576] {spark_submit.py:490} INFO - 23/05/09 10:55:48 INFO SecurityManager: Changing view acls to: kirsch
[2023-05-09 10:55:48,578] {spark_submit.py:490} INFO - 23/05/09 10:55:48 INFO SecurityManager: Changing modify acls to: kirsch
[2023-05-09 10:55:48,579] {spark_submit.py:490} INFO - 23/05/09 10:55:48 INFO SecurityManager: Changing view acls groups to:
[2023-05-09 10:55:48,580] {spark_submit.py:490} INFO - 23/05/09 10:55:48 INFO SecurityManager: Changing modify acls groups to:
[2023-05-09 10:55:48,580] {spark_submit.py:490} INFO - 23/05/09 10:55:48 INFO SecurityManager: SecurityManager: authentication disabled; ui acls disabled; users  with view permissions: Set(kirsch); groups with view permissions: Set(); users  with modify permissions: Set(kirsch); groups with modify permissions: Set()
[2023-05-09 10:55:48,819] {spark_submit.py:490} INFO - 23/05/09 10:55:48 INFO Utils: Successfully started service 'sparkDriver' on port 42827.
[2023-05-09 10:55:48,855] {spark_submit.py:490} INFO - 23/05/09 10:55:48 INFO SparkEnv: Registering MapOutputTracker
[2023-05-09 10:55:48,903] {spark_submit.py:490} INFO - 23/05/09 10:55:48 INFO SparkEnv: Registering BlockManagerMaster
[2023-05-09 10:55:48,930] {spark_submit.py:490} INFO - 23/05/09 10:55:48 INFO BlockManagerMasterEndpoint: Using org.apache.spark.storage.DefaultTopologyMapper for getting topology information
[2023-05-09 10:55:48,930] {spark_submit.py:490} INFO - 23/05/09 10:55:48 INFO BlockManagerMasterEndpoint: BlockManagerMasterEndpoint up
[2023-05-09 10:55:48,935] {spark_submit.py:490} INFO - 23/05/09 10:55:48 INFO SparkEnv: Registering BlockManagerMasterHeartbeat
[2023-05-09 10:55:48,963] {spark_submit.py:490} INFO - 23/05/09 10:55:48 INFO DiskBlockManager: Created local directory at /tmp/blockmgr-ed4d6c1a-78c2-4bbf-a3ff-0fac8e8e091e
[2023-05-09 10:55:48,998] {spark_submit.py:490} INFO - 23/05/09 10:55:48 INFO MemoryStore: MemoryStore started with capacity 366.3 MiB
[2023-05-09 10:55:49,020] {spark_submit.py:490} INFO - 23/05/09 10:55:49 INFO SparkEnv: Registering OutputCommitCoordinator
[2023-05-09 10:55:49,302] {spark_submit.py:490} INFO - 23/05/09 10:55:49 INFO Utils: Successfully started service 'SparkUI' on port 4040.
[2023-05-09 10:55:49,398] {spark_submit.py:490} INFO - 23/05/09 10:55:49 INFO SparkUI: Bound SparkUI to 0.0.0.0, and started at http://kirsch-Virtual-Machine.mshome.net:4040
[2023-05-09 10:55:49,642] {spark_submit.py:490} INFO - 23/05/09 10:55:49 INFO Executor: Starting executor ID driver on host kirsch-Virtual-Machine.mshome.net
[2023-05-09 10:55:49,684] {spark_submit.py:490} INFO - 23/05/09 10:55:49 INFO Utils: Successfully started service 'org.apache.spark.network.netty.NettyBlockTransferService' on port 40785.
[2023-05-09 10:55:49,684] {spark_submit.py:490} INFO - 23/05/09 10:55:49 INFO NettyBlockTransferService: Server created on kirsch-Virtual-Machine.mshome.net:40785
[2023-05-09 10:55:49,685] {spark_submit.py:490} INFO - 23/05/09 10:55:49 INFO BlockManager: Using org.apache.spark.storage.RandomBlockReplicationPolicy for block replication policy
[2023-05-09 10:55:49,693] {spark_submit.py:490} INFO - 23/05/09 10:55:49 INFO BlockManagerMaster: Registering BlockManager BlockManagerId(driver, kirsch-Virtual-Machine.mshome.net, 40785, None)
[2023-05-09 10:55:49,703] {spark_submit.py:490} INFO - 23/05/09 10:55:49 INFO BlockManagerMasterEndpoint: Registering block manager kirsch-Virtual-Machine.mshome.net:40785 with 366.3 MiB RAM, BlockManagerId(driver, kirsch-Virtual-Machine.mshome.net, 40785, None)
[2023-05-09 10:55:49,703] {spark_submit.py:490} INFO - 23/05/09 10:55:49 INFO BlockManagerMaster: Registered BlockManager BlockManagerId(driver, kirsch-Virtual-Machine.mshome.net, 40785, None)
[2023-05-09 10:55:49,705] {spark_submit.py:490} INFO - 23/05/09 10:55:49 INFO BlockManager: Initialized BlockManager: BlockManagerId(driver, kirsch-Virtual-Machine.mshome.net, 40785, None)
[2023-05-09 10:55:50,502] {spark_submit.py:490} INFO - 23/05/09 10:55:50 INFO SharedState: Setting hive.metastore.warehouse.dir ('null') to the value of spark.sql.warehouse.dir.
[2023-05-09 10:55:50,550] {spark_submit.py:490} INFO - 23/05/09 10:55:50 INFO SharedState: Warehouse path is 'file:/home/kirsch/airflow-alura/spark-warehouse'.
[2023-05-09 10:55:51,539] {spark_submit.py:490} INFO - 23/05/09 10:55:51 INFO InMemoryFileIndex: It took 40 ms to list leaf files for 1 paths.
[2023-05-09 10:55:51,699] {spark_submit.py:490} INFO - 23/05/09 10:55:51 INFO InMemoryFileIndex: It took 4 ms to list leaf files for 1 paths.
[2023-05-09 10:55:54,169] {spark_submit.py:490} INFO - 23/05/09 10:55:54 INFO FileSourceStrategy: Pushed Filters:
[2023-05-09 10:55:54,170] {spark_submit.py:490} INFO - 23/05/09 10:55:54 INFO FileSourceStrategy: Post-Scan Filters:
[2023-05-09 10:55:54,172] {spark_submit.py:490} INFO - 23/05/09 10:55:54 INFO FileSourceStrategy: Output Data Schema: struct<value: string>
[2023-05-09 10:55:54,529] {spark_submit.py:490} INFO - 23/05/09 10:55:54 INFO MemoryStore: Block broadcast_0 stored as values in memory (estimated size 338.2 KiB, free 366.0 MiB)
[2023-05-09 10:55:54,588] {spark_submit.py:490} INFO - 23/05/09 10:55:54 INFO MemoryStore: Block broadcast_0_piece0 stored as bytes in memory (estimated size 32.5 KiB, free 365.9 MiB)
[2023-05-09 10:55:54,592] {spark_submit.py:490} INFO - 23/05/09 10:55:54 INFO BlockManagerInfo: Added broadcast_0_piece0 in memory on kirsch-Virtual-Machine.mshome.net:40785 (size: 32.5 KiB, free: 366.3 MiB)
[2023-05-09 10:55:54,600] {spark_submit.py:490} INFO - 23/05/09 10:55:54 INFO SparkContext: Created broadcast 0 from json at NativeMethodAccessorImpl.java:0
[2023-05-09 10:55:54,610] {spark_submit.py:490} INFO - 23/05/09 10:55:54 INFO FileSourceScanExec: Planning scan with bin packing, max size: 4202961 bytes, open cost is considered as scanning 4194304 bytes.
[2023-05-09 10:55:54,841] {spark_submit.py:490} INFO - 23/05/09 10:55:54 INFO SparkContext: Starting job: json at NativeMethodAccessorImpl.java:0
[2023-05-09 10:55:54,865] {spark_submit.py:490} INFO - 23/05/09 10:55:54 INFO DAGScheduler: Got job 0 (json at NativeMethodAccessorImpl.java:0) with 1 output partitions
[2023-05-09 10:55:54,866] {spark_submit.py:490} INFO - 23/05/09 10:55:54 INFO DAGScheduler: Final stage: ResultStage 0 (json at NativeMethodAccessorImpl.java:0)
[2023-05-09 10:55:54,868] {spark_submit.py:490} INFO - 23/05/09 10:55:54 INFO DAGScheduler: Parents of final stage: List()
[2023-05-09 10:55:54,869] {spark_submit.py:490} INFO - 23/05/09 10:55:54 INFO DAGScheduler: Missing parents: List()
[2023-05-09 10:55:54,875] {spark_submit.py:490} INFO - 23/05/09 10:55:54 INFO DAGScheduler: Submitting ResultStage 0 (MapPartitionsRDD[3] at json at NativeMethodAccessorImpl.java:0), which has no missing parents
[2023-05-09 10:55:54,985] {spark_submit.py:490} INFO - 23/05/09 10:55:54 INFO MemoryStore: Block broadcast_1 stored as values in memory (estimated size 12.5 KiB, free 365.9 MiB)
[2023-05-09 10:55:54,988] {spark_submit.py:490} INFO - 23/05/09 10:55:54 INFO MemoryStore: Block broadcast_1_piece0 stored as bytes in memory (estimated size 6.5 KiB, free 365.9 MiB)
[2023-05-09 10:55:54,989] {spark_submit.py:490} INFO - 23/05/09 10:55:54 INFO BlockManagerInfo: Added broadcast_1_piece0 in memory on kirsch-Virtual-Machine.mshome.net:40785 (size: 6.5 KiB, free: 366.3 MiB)
[2023-05-09 10:55:54,990] {spark_submit.py:490} INFO - 23/05/09 10:55:54 INFO SparkContext: Created broadcast 1 from broadcast at DAGScheduler.scala:1474
[2023-05-09 10:55:55,005] {spark_submit.py:490} INFO - 23/05/09 10:55:55 INFO DAGScheduler: Submitting 1 missing tasks from ResultStage 0 (MapPartitionsRDD[3] at json at NativeMethodAccessorImpl.java:0) (first 15 tasks are for partitions Vector(0))
[2023-05-09 10:55:55,006] {spark_submit.py:490} INFO - 23/05/09 10:55:55 INFO TaskSchedulerImpl: Adding task set 0.0 with 1 tasks resource profile 0
[2023-05-09 10:55:55,070] {spark_submit.py:490} INFO - 23/05/09 10:55:55 INFO TaskSetManager: Starting task 0.0 in stage 0.0 (TID 0) (kirsch-Virtual-Machine.mshome.net, executor driver, partition 0, PROCESS_LOCAL, 4944 bytes) taskResourceAssignments Map()
[2023-05-09 10:55:55,086] {spark_submit.py:490} INFO - 23/05/09 10:55:55 INFO Executor: Running task 0.0 in stage 0.0 (TID 0)
[2023-05-09 10:55:55,506] {spark_submit.py:490} INFO - 23/05/09 10:55:55 INFO FileScanRDD: Reading File path: file:///home/kirsch/airflow-alura/datalake/Bronze/twitter_datascience/extract_date=2023-05-07/datascience_20230507.json, range: 0-8657, partition values: [empty row]
[2023-05-09 10:55:55,727] {spark_submit.py:490} INFO - 23/05/09 10:55:55 INFO CodeGenerator: Code generated in 153.707366 ms
[2023-05-09 10:55:55,812] {spark_submit.py:490} INFO - 23/05/09 10:55:55 INFO Executor: Finished task 0.0 in stage 0.0 (TID 0). 2841 bytes result sent to driver
[2023-05-09 10:55:55,826] {spark_submit.py:490} INFO - 23/05/09 10:55:55 INFO TaskSetManager: Finished task 0.0 in stage 0.0 (TID 0) in 770 ms on kirsch-Virtual-Machine.mshome.net (executor driver) (1/1)
[2023-05-09 10:55:55,835] {spark_submit.py:490} INFO - 23/05/09 10:55:55 INFO TaskSchedulerImpl: Removed TaskSet 0.0, whose tasks have all completed, from pool
[2023-05-09 10:55:55,838] {spark_submit.py:490} INFO - 23/05/09 10:55:55 INFO DAGScheduler: ResultStage 0 (json at NativeMethodAccessorImpl.java:0) finished in 0,943 s
[2023-05-09 10:55:55,841] {spark_submit.py:490} INFO - 23/05/09 10:55:55 INFO DAGScheduler: Job 0 is finished. Cancelling potential speculative or zombie tasks for this job
[2023-05-09 10:55:55,841] {spark_submit.py:490} INFO - 23/05/09 10:55:55 INFO TaskSchedulerImpl: Killing all running tasks in stage 0: Stage finished
[2023-05-09 10:55:55,844] {spark_submit.py:490} INFO - 23/05/09 10:55:55 INFO DAGScheduler: Job 0 finished: json at NativeMethodAccessorImpl.java:0, took 1,002425 s
[2023-05-09 10:55:56,436] {spark_submit.py:490} INFO - 23/05/09 10:55:56 INFO FileSourceStrategy: Pushed Filters: IsNotNull(data)
[2023-05-09 10:55:56,438] {spark_submit.py:490} INFO - 23/05/09 10:55:56 INFO FileSourceStrategy: Post-Scan Filters: (size(data#7, true) > 0),isnotnull(data#7)
[2023-05-09 10:55:56,438] {spark_submit.py:490} INFO - 23/05/09 10:55:56 INFO FileSourceStrategy: Output Data Schema: struct<data: array<struct<author_id:string,conversation_id:string,created_at:string,edit_history_tweet_ids:array<bigint>,id:string,in_reply_to_user_id:string,lang:string,public_metrics:struct<like_count:bigint,quote_count:bigint,reply_count:bigint,retweet_count:bigint>,text:string>>>
[2023-05-09 10:55:56,526] {spark_submit.py:490} INFO - 23/05/09 10:55:56 INFO FileOutputCommitter: File Output Committer Algorithm version is 1
[2023-05-09 10:55:56,526] {spark_submit.py:490} INFO - 23/05/09 10:55:56 INFO FileOutputCommitter: FileOutputCommitter skip cleanup _temporary folders under output directory:false, ignore cleanup failures: false
[2023-05-09 10:55:56,526] {spark_submit.py:490} INFO - 23/05/09 10:55:56 INFO SQLHadoopMapReduceCommitProtocol: Using output committer class org.apache.hadoop.mapreduce.lib.output.FileOutputCommitter
[2023-05-09 10:55:56,761] {spark_submit.py:490} INFO - 23/05/09 10:55:56 INFO CodeGenerator: Code generated in 127.828538 ms
[2023-05-09 10:55:56,770] {spark_submit.py:490} INFO - 23/05/09 10:55:56 INFO MemoryStore: Block broadcast_2 stored as values in memory (estimated size 338.0 KiB, free 365.6 MiB)
[2023-05-09 10:55:56,779] {spark_submit.py:490} INFO - 23/05/09 10:55:56 INFO MemoryStore: Block broadcast_2_piece0 stored as bytes in memory (estimated size 32.5 KiB, free 365.6 MiB)
[2023-05-09 10:55:56,780] {spark_submit.py:490} INFO - 23/05/09 10:55:56 INFO BlockManagerInfo: Added broadcast_2_piece0 in memory on kirsch-Virtual-Machine.mshome.net:40785 (size: 32.5 KiB, free: 366.2 MiB)
[2023-05-09 10:55:56,783] {spark_submit.py:490} INFO - 23/05/09 10:55:56 INFO SparkContext: Created broadcast 2 from json at NativeMethodAccessorImpl.java:0
[2023-05-09 10:55:56,788] {spark_submit.py:490} INFO - 23/05/09 10:55:56 INFO FileSourceScanExec: Planning scan with bin packing, max size: 4202961 bytes, open cost is considered as scanning 4194304 bytes.
[2023-05-09 10:55:56,859] {spark_submit.py:490} INFO - 23/05/09 10:55:56 INFO SparkContext: Starting job: json at NativeMethodAccessorImpl.java:0
[2023-05-09 10:55:56,861] {spark_submit.py:490} INFO - 23/05/09 10:55:56 INFO DAGScheduler: Got job 1 (json at NativeMethodAccessorImpl.java:0) with 1 output partitions
[2023-05-09 10:55:56,862] {spark_submit.py:490} INFO - 23/05/09 10:55:56 INFO DAGScheduler: Final stage: ResultStage 1 (json at NativeMethodAccessorImpl.java:0)
[2023-05-09 10:55:56,862] {spark_submit.py:490} INFO - 23/05/09 10:55:56 INFO DAGScheduler: Parents of final stage: List()
[2023-05-09 10:55:56,862] {spark_submit.py:490} INFO - 23/05/09 10:55:56 INFO DAGScheduler: Missing parents: List()
[2023-05-09 10:55:56,865] {spark_submit.py:490} INFO - 23/05/09 10:55:56 INFO DAGScheduler: Submitting ResultStage 1 (CoalescedRDD[7] at json at NativeMethodAccessorImpl.java:0), which has no missing parents
[2023-05-09 10:55:56,896] {spark_submit.py:490} INFO - 23/05/09 10:55:56 INFO MemoryStore: Block broadcast_3 stored as values in memory (estimated size 228.8 KiB, free 365.3 MiB)
[2023-05-09 10:55:56,900] {spark_submit.py:490} INFO - 23/05/09 10:55:56 INFO MemoryStore: Block broadcast_3_piece0 stored as bytes in memory (estimated size 79.5 KiB, free 365.3 MiB)
[2023-05-09 10:55:56,903] {spark_submit.py:490} INFO - 23/05/09 10:55:56 INFO BlockManagerInfo: Added broadcast_3_piece0 in memory on kirsch-Virtual-Machine.mshome.net:40785 (size: 79.5 KiB, free: 366.2 MiB)
[2023-05-09 10:55:56,904] {spark_submit.py:490} INFO - 23/05/09 10:55:56 INFO SparkContext: Created broadcast 3 from broadcast at DAGScheduler.scala:1474
[2023-05-09 10:55:56,905] {spark_submit.py:490} INFO - 23/05/09 10:55:56 INFO DAGScheduler: Submitting 1 missing tasks from ResultStage 1 (CoalescedRDD[7] at json at NativeMethodAccessorImpl.java:0) (first 15 tasks are for partitions Vector(0))
[2023-05-09 10:55:56,905] {spark_submit.py:490} INFO - 23/05/09 10:55:56 INFO TaskSchedulerImpl: Adding task set 1.0 with 1 tasks resource profile 0
[2023-05-09 10:55:56,910] {spark_submit.py:490} INFO - 23/05/09 10:55:56 INFO TaskSetManager: Starting task 0.0 in stage 1.0 (TID 1) (kirsch-Virtual-Machine.mshome.net, executor driver, partition 0, PROCESS_LOCAL, 5173 bytes) taskResourceAssignments Map()
[2023-05-09 10:55:56,911] {spark_submit.py:490} INFO - 23/05/09 10:55:56 INFO Executor: Running task 0.0 in stage 1.0 (TID 1)
[2023-05-09 10:55:56,979] {spark_submit.py:490} INFO - 23/05/09 10:55:56 INFO FileOutputCommitter: File Output Committer Algorithm version is 1
[2023-05-09 10:55:56,979] {spark_submit.py:490} INFO - 23/05/09 10:55:56 INFO FileOutputCommitter: FileOutputCommitter skip cleanup _temporary folders under output directory:false, ignore cleanup failures: false
[2023-05-09 10:55:56,980] {spark_submit.py:490} INFO - 23/05/09 10:55:56 INFO SQLHadoopMapReduceCommitProtocol: Using output committer class org.apache.hadoop.mapreduce.lib.output.FileOutputCommitter
[2023-05-09 10:55:57,025] {spark_submit.py:490} INFO - 23/05/09 10:55:57 INFO FileScanRDD: Reading File path: file:///home/kirsch/airflow-alura/datalake/Bronze/twitter_datascience/extract_date=2023-05-07/datascience_20230507.json, range: 0-8657, partition values: [empty row]
[2023-05-09 10:55:57,056] {spark_submit.py:490} INFO - 23/05/09 10:55:57 INFO CodeGenerator: Code generated in 27.676638 ms
[2023-05-09 10:55:57,093] {spark_submit.py:490} INFO - 23/05/09 10:55:57 INFO CodeGenerator: Code generated in 5.99893 ms
[2023-05-09 10:55:57,155] {spark_submit.py:490} INFO - 23/05/09 10:55:57 INFO FileOutputCommitter: Saved output of task 'attempt_202305091055562761670782301457821_0001_m_000000_1' to file:/home/kirsch/airflow-alura/datalake/Silver/twitter_datascience/tweet/process_date=2023-05-07/_temporary/0/task_202305091055562761670782301457821_0001_m_000000
[2023-05-09 10:55:57,156] {spark_submit.py:490} INFO - 23/05/09 10:55:57 INFO SparkHadoopMapRedUtil: attempt_202305091055562761670782301457821_0001_m_000000_1: Committed
[2023-05-09 10:55:57,163] {spark_submit.py:490} INFO - 23/05/09 10:55:57 INFO Executor: Finished task 0.0 in stage 1.0 (TID 1). 2670 bytes result sent to driver
[2023-05-09 10:55:57,170] {spark_submit.py:490} INFO - 23/05/09 10:55:57 INFO TaskSetManager: Finished task 0.0 in stage 1.0 (TID 1) in 263 ms on kirsch-Virtual-Machine.mshome.net (executor driver) (1/1)
[2023-05-09 10:55:57,171] {spark_submit.py:490} INFO - 23/05/09 10:55:57 INFO TaskSchedulerImpl: Removed TaskSet 1.0, whose tasks have all completed, from pool
[2023-05-09 10:55:57,173] {spark_submit.py:490} INFO - 23/05/09 10:55:57 INFO DAGScheduler: ResultStage 1 (json at NativeMethodAccessorImpl.java:0) finished in 0,304 s
[2023-05-09 10:55:57,173] {spark_submit.py:490} INFO - 23/05/09 10:55:57 INFO DAGScheduler: Job 1 is finished. Cancelling potential speculative or zombie tasks for this job
[2023-05-09 10:55:57,173] {spark_submit.py:490} INFO - 23/05/09 10:55:57 INFO TaskSchedulerImpl: Killing all running tasks in stage 1: Stage finished
[2023-05-09 10:55:57,173] {spark_submit.py:490} INFO - 23/05/09 10:55:57 INFO DAGScheduler: Job 1 finished: json at NativeMethodAccessorImpl.java:0, took 0,313424 s
[2023-05-09 10:55:57,177] {spark_submit.py:490} INFO - 23/05/09 10:55:57 INFO FileFormatWriter: Start to commit write Job 17fd6b92-5bcc-4852-9e1b-d68964143b8b.
[2023-05-09 10:55:57,205] {spark_submit.py:490} INFO - 23/05/09 10:55:57 INFO FileFormatWriter: Write Job 17fd6b92-5bcc-4852-9e1b-d68964143b8b committed. Elapsed time: 27 ms.
[2023-05-09 10:55:57,209] {spark_submit.py:490} INFO - 23/05/09 10:55:57 INFO FileFormatWriter: Finished processing stats for write job 17fd6b92-5bcc-4852-9e1b-d68964143b8b.
[2023-05-09 10:55:57,287] {spark_submit.py:490} INFO - 23/05/09 10:55:57 INFO FileSourceStrategy: Pushed Filters:
[2023-05-09 10:55:57,288] {spark_submit.py:490} INFO - 23/05/09 10:55:57 INFO FileSourceStrategy: Post-Scan Filters:
[2023-05-09 10:55:57,289] {spark_submit.py:490} INFO - 23/05/09 10:55:57 INFO FileSourceStrategy: Output Data Schema: struct<includes: struct<users: array<struct<created_at:string,id:string,name:string,username:string>>>>
[2023-05-09 10:55:57,305] {spark_submit.py:490} INFO - 23/05/09 10:55:57 INFO FileOutputCommitter: File Output Committer Algorithm version is 1
[2023-05-09 10:55:57,305] {spark_submit.py:490} INFO - 23/05/09 10:55:57 INFO FileOutputCommitter: FileOutputCommitter skip cleanup _temporary folders under output directory:false, ignore cleanup failures: false
[2023-05-09 10:55:57,306] {spark_submit.py:490} INFO - 23/05/09 10:55:57 INFO SQLHadoopMapReduceCommitProtocol: Using output committer class org.apache.hadoop.mapreduce.lib.output.FileOutputCommitter
[2023-05-09 10:55:57,359] {spark_submit.py:490} INFO - 23/05/09 10:55:57 INFO CodeGenerator: Code generated in 19.005095 ms
[2023-05-09 10:55:57,363] {spark_submit.py:490} INFO - 23/05/09 10:55:57 INFO MemoryStore: Block broadcast_4 stored as values in memory (estimated size 338.0 KiB, free 364.9 MiB)
[2023-05-09 10:55:57,379] {spark_submit.py:490} INFO - 23/05/09 10:55:57 INFO MemoryStore: Block broadcast_4_piece0 stored as bytes in memory (estimated size 32.5 KiB, free 364.9 MiB)
[2023-05-09 10:55:57,380] {spark_submit.py:490} INFO - 23/05/09 10:55:57 INFO BlockManagerInfo: Added broadcast_4_piece0 in memory on kirsch-Virtual-Machine.mshome.net:40785 (size: 32.5 KiB, free: 366.1 MiB)
[2023-05-09 10:55:57,381] {spark_submit.py:490} INFO - 23/05/09 10:55:57 INFO SparkContext: Created broadcast 4 from json at NativeMethodAccessorImpl.java:0
[2023-05-09 10:55:57,384] {spark_submit.py:490} INFO - 23/05/09 10:55:57 INFO FileSourceScanExec: Planning scan with bin packing, max size: 4202961 bytes, open cost is considered as scanning 4194304 bytes.
[2023-05-09 10:55:57,409] {spark_submit.py:490} INFO - 23/05/09 10:55:57 INFO SparkContext: Starting job: json at NativeMethodAccessorImpl.java:0
[2023-05-09 10:55:57,411] {spark_submit.py:490} INFO - 23/05/09 10:55:57 INFO DAGScheduler: Got job 2 (json at NativeMethodAccessorImpl.java:0) with 1 output partitions
[2023-05-09 10:55:57,412] {spark_submit.py:490} INFO - 23/05/09 10:55:57 INFO DAGScheduler: Final stage: ResultStage 2 (json at NativeMethodAccessorImpl.java:0)
[2023-05-09 10:55:57,412] {spark_submit.py:490} INFO - 23/05/09 10:55:57 INFO DAGScheduler: Parents of final stage: List()
[2023-05-09 10:55:57,412] {spark_submit.py:490} INFO - 23/05/09 10:55:57 INFO DAGScheduler: Missing parents: List()
[2023-05-09 10:55:57,414] {spark_submit.py:490} INFO - 23/05/09 10:55:57 INFO DAGScheduler: Submitting ResultStage 2 (CoalescedRDD[11] at json at NativeMethodAccessorImpl.java:0), which has no missing parents
[2023-05-09 10:55:57,437] {spark_submit.py:490} INFO - 23/05/09 10:55:57 INFO MemoryStore: Block broadcast_5 stored as values in memory (estimated size 208.9 KiB, free 364.7 MiB)
[2023-05-09 10:55:57,440] {spark_submit.py:490} INFO - 23/05/09 10:55:57 INFO MemoryStore: Block broadcast_5_piece0 stored as bytes in memory (estimated size 74.9 KiB, free 364.6 MiB)
[2023-05-09 10:55:57,440] {spark_submit.py:490} INFO - 23/05/09 10:55:57 INFO BlockManagerInfo: Added broadcast_5_piece0 in memory on kirsch-Virtual-Machine.mshome.net:40785 (size: 74.9 KiB, free: 366.0 MiB)
[2023-05-09 10:55:57,441] {spark_submit.py:490} INFO - 23/05/09 10:55:57 INFO SparkContext: Created broadcast 5 from broadcast at DAGScheduler.scala:1474
[2023-05-09 10:55:57,442] {spark_submit.py:490} INFO - 23/05/09 10:55:57 INFO DAGScheduler: Submitting 1 missing tasks from ResultStage 2 (CoalescedRDD[11] at json at NativeMethodAccessorImpl.java:0) (first 15 tasks are for partitions Vector(0))
[2023-05-09 10:55:57,443] {spark_submit.py:490} INFO - 23/05/09 10:55:57 INFO TaskSchedulerImpl: Adding task set 2.0 with 1 tasks resource profile 0
[2023-05-09 10:55:57,445] {spark_submit.py:490} INFO - 23/05/09 10:55:57 INFO TaskSetManager: Starting task 0.0 in stage 2.0 (TID 2) (kirsch-Virtual-Machine.mshome.net, executor driver, partition 0, PROCESS_LOCAL, 5173 bytes) taskResourceAssignments Map()
[2023-05-09 10:55:57,445] {spark_submit.py:490} INFO - 23/05/09 10:55:57 INFO Executor: Running task 0.0 in stage 2.0 (TID 2)
[2023-05-09 10:55:57,467] {spark_submit.py:490} INFO - 23/05/09 10:55:57 INFO FileOutputCommitter: File Output Committer Algorithm version is 1
[2023-05-09 10:55:57,468] {spark_submit.py:490} INFO - 23/05/09 10:55:57 INFO FileOutputCommitter: FileOutputCommitter skip cleanup _temporary folders under output directory:false, ignore cleanup failures: false
[2023-05-09 10:55:57,469] {spark_submit.py:490} INFO - 23/05/09 10:55:57 INFO SQLHadoopMapReduceCommitProtocol: Using output committer class org.apache.hadoop.mapreduce.lib.output.FileOutputCommitter
[2023-05-09 10:55:57,498] {spark_submit.py:490} INFO - 23/05/09 10:55:57 INFO FileScanRDD: Reading File path: file:///home/kirsch/airflow-alura/datalake/Bronze/twitter_datascience/extract_date=2023-05-07/datascience_20230507.json, range: 0-8657, partition values: [empty row]
[2023-05-09 10:55:57,521] {spark_submit.py:490} INFO - 23/05/09 10:55:57 INFO CodeGenerator: Code generated in 16.439583 ms
[2023-05-09 10:55:57,531] {spark_submit.py:490} INFO - 23/05/09 10:55:57 INFO FileOutputCommitter: Saved output of task 'attempt_202305091055571787515161755058109_0002_m_000000_2' to file:/home/kirsch/airflow-alura/datalake/Silver/twitter_datascience/user/process_date=2023-05-07/_temporary/0/task_202305091055571787515161755058109_0002_m_000000
[2023-05-09 10:55:57,532] {spark_submit.py:490} INFO - 23/05/09 10:55:57 INFO SparkHadoopMapRedUtil: attempt_202305091055571787515161755058109_0002_m_000000_2: Committed
[2023-05-09 10:55:57,537] {spark_submit.py:490} INFO - 23/05/09 10:55:57 INFO Executor: Finished task 0.0 in stage 2.0 (TID 2). 2571 bytes result sent to driver
[2023-05-09 10:55:57,539] {spark_submit.py:490} INFO - 23/05/09 10:55:57 INFO TaskSetManager: Finished task 0.0 in stage 2.0 (TID 2) in 95 ms on kirsch-Virtual-Machine.mshome.net (executor driver) (1/1)
[2023-05-09 10:55:57,539] {spark_submit.py:490} INFO - 23/05/09 10:55:57 INFO TaskSchedulerImpl: Removed TaskSet 2.0, whose tasks have all completed, from pool
[2023-05-09 10:55:57,541] {spark_submit.py:490} INFO - 23/05/09 10:55:57 INFO DAGScheduler: ResultStage 2 (json at NativeMethodAccessorImpl.java:0) finished in 0,126 s
[2023-05-09 10:55:57,541] {spark_submit.py:490} INFO - 23/05/09 10:55:57 INFO DAGScheduler: Job 2 is finished. Cancelling potential speculative or zombie tasks for this job
[2023-05-09 10:55:57,541] {spark_submit.py:490} INFO - 23/05/09 10:55:57 INFO TaskSchedulerImpl: Killing all running tasks in stage 2: Stage finished
[2023-05-09 10:55:57,541] {spark_submit.py:490} INFO - 23/05/09 10:55:57 INFO DAGScheduler: Job 2 finished: json at NativeMethodAccessorImpl.java:0, took 0,130794 s
[2023-05-09 10:55:57,541] {spark_submit.py:490} INFO - 23/05/09 10:55:57 INFO FileFormatWriter: Start to commit write Job d949e76a-4f78-4b4d-b129-119372f7eed0.
[2023-05-09 10:55:57,557] {spark_submit.py:490} INFO - 23/05/09 10:55:57 INFO FileFormatWriter: Write Job d949e76a-4f78-4b4d-b129-119372f7eed0 committed. Elapsed time: 16 ms.
[2023-05-09 10:55:57,558] {spark_submit.py:490} INFO - 23/05/09 10:55:57 INFO FileFormatWriter: Finished processing stats for write job d949e76a-4f78-4b4d-b129-119372f7eed0.
[2023-05-09 10:55:57,606] {spark_submit.py:490} INFO - 23/05/09 10:55:57 INFO SparkContext: Invoking stop() from shutdown hook
[2023-05-09 10:55:57,618] {spark_submit.py:490} INFO - 23/05/09 10:55:57 INFO SparkUI: Stopped Spark web UI at http://kirsch-Virtual-Machine.mshome.net:4040
[2023-05-09 10:55:57,631] {spark_submit.py:490} INFO - 23/05/09 10:55:57 INFO MapOutputTrackerMasterEndpoint: MapOutputTrackerMasterEndpoint stopped!
[2023-05-09 10:55:57,644] {spark_submit.py:490} INFO - 23/05/09 10:55:57 INFO MemoryStore: MemoryStore cleared
[2023-05-09 10:55:57,644] {spark_submit.py:490} INFO - 23/05/09 10:55:57 INFO BlockManager: BlockManager stopped
[2023-05-09 10:55:57,657] {spark_submit.py:490} INFO - 23/05/09 10:55:57 INFO BlockManagerMaster: BlockManagerMaster stopped
[2023-05-09 10:55:57,660] {spark_submit.py:490} INFO - 23/05/09 10:55:57 INFO OutputCommitCoordinator$OutputCommitCoordinatorEndpoint: OutputCommitCoordinator stopped!
[2023-05-09 10:55:57,687] {spark_submit.py:490} INFO - 23/05/09 10:55:57 INFO SparkContext: Successfully stopped SparkContext
[2023-05-09 10:55:57,688] {spark_submit.py:490} INFO - 23/05/09 10:55:57 INFO ShutdownHookManager: Shutdown hook called
[2023-05-09 10:55:57,690] {spark_submit.py:490} INFO - 23/05/09 10:55:57 INFO ShutdownHookManager: Deleting directory /tmp/spark-78a91198-9437-43d1-b7b2-e1bdfe7236cd/pyspark-3361fd38-dc5c-451a-93c2-5edf43c482fc
[2023-05-09 10:55:57,693] {spark_submit.py:490} INFO - 23/05/09 10:55:57 INFO ShutdownHookManager: Deleting directory /tmp/spark-224d43d9-5877-4dbf-8192-668188fcfd71
[2023-05-09 10:55:57,696] {spark_submit.py:490} INFO - 23/05/09 10:55:57 INFO ShutdownHookManager: Deleting directory /tmp/spark-78a91198-9437-43d1-b7b2-e1bdfe7236cd
[2023-05-09 10:55:57,755] {taskinstance.py:1395} INFO - Marking task as SUCCESS. dag_id=TwitterDag, task_id=transform_twitter_datascience, execution_date=20230507T000000, start_date=20230509T135545, end_date=20230509T135557
[2023-05-09 10:55:57,780] {local_task_job.py:156} INFO - Task exited with return code 0
[2023-05-09 10:55:57,804] {local_task_job.py:273} INFO - 1 downstream tasks scheduled from follow-on schedule check
