[2023-05-09 10:54:03,237] {taskinstance.py:1159} INFO - Dependencies all met for <TaskInstance: TwitterDag.transform_twitter_datascience scheduled__2023-05-04T00:00:00+00:00 [queued]>
[2023-05-09 10:54:03,242] {taskinstance.py:1159} INFO - Dependencies all met for <TaskInstance: TwitterDag.transform_twitter_datascience scheduled__2023-05-04T00:00:00+00:00 [queued]>
[2023-05-09 10:54:03,243] {taskinstance.py:1356} INFO - 
--------------------------------------------------------------------------------
[2023-05-09 10:54:03,243] {taskinstance.py:1357} INFO - Starting attempt 1 of 1
[2023-05-09 10:54:03,243] {taskinstance.py:1358} INFO - 
--------------------------------------------------------------------------------
[2023-05-09 10:54:03,259] {taskinstance.py:1377} INFO - Executing <Task(SparkSubmitOperator): transform_twitter_datascience> on 2023-05-04 00:00:00+00:00
[2023-05-09 10:54:03,260] {standard_task_runner.py:52} INFO - Started process 16691 to run task
[2023-05-09 10:54:03,263] {standard_task_runner.py:79} INFO - Running: ['airflow', 'tasks', 'run', 'TwitterDag', 'transform_twitter_datascience', 'scheduled__2023-05-04T00:00:00+00:00', '--job-id', '13', '--raw', '--subdir', 'DAGS_FOLDER/twitter_dag.py', '--cfg-path', '/tmp/tmpz3vwu5af', '--error-file', '/tmp/tmpnhey0l2b']
[2023-05-09 10:54:03,263] {standard_task_runner.py:80} INFO - Job 13: Subtask transform_twitter_datascience
[2023-05-09 10:54:03,320] {task_command.py:370} INFO - Running <TaskInstance: TwitterDag.transform_twitter_datascience scheduled__2023-05-04T00:00:00+00:00 [running]> on host kirsch-Virtual-Machine
[2023-05-09 10:54:03,384] {taskinstance.py:1569} INFO - Exporting the following env vars:
AIRFLOW_CTX_DAG_OWNER=airflow
AIRFLOW_CTX_DAG_ID=TwitterDag
AIRFLOW_CTX_TASK_ID=transform_twitter_datascience
AIRFLOW_CTX_EXECUTION_DATE=2023-05-04T00:00:00+00:00
AIRFLOW_CTX_TRY_NUMBER=1
AIRFLOW_CTX_DAG_RUN_ID=scheduled__2023-05-04T00:00:00+00:00
[2023-05-09 10:54:03,391] {base.py:68} INFO - Using connection ID 'spark_default' for task execution.
[2023-05-09 10:54:03,392] {spark_submit.py:339} INFO - Spark-Submit cmd: spark-submit --master local --name twitter_transformation /home/kirsch/airflow-alura/src/spark/transformation.py --src /home/kirsch/airflow-alura/datalake/Bronze/twitter_datascience/extract_date=2023-05-04 --dest /home/kirsch/airflow-alura/datalake/Silver/twitter_datascience/ --process-date 2023-05-04
[2023-05-09 10:54:04,417] {spark_submit.py:490} INFO - 23/05/09 10:54:04 WARN Utils: Your hostname, kirsch-Virtual-Machine resolves to a loopback address: 127.0.1.1; using 172.18.244.229 instead (on interface eth0)
[2023-05-09 10:54:04,417] {spark_submit.py:490} INFO - 23/05/09 10:54:04 WARN Utils: Set SPARK_LOCAL_IP if you need to bind to another address
[2023-05-09 10:54:05,414] {spark_submit.py:490} INFO - Using Spark's default log4j profile: org/apache/spark/log4j-defaults.properties
[2023-05-09 10:54:05,424] {spark_submit.py:490} INFO - 23/05/09 10:54:05 INFO SparkContext: Running Spark version 3.2.4
[2023-05-09 10:54:05,518] {spark_submit.py:490} INFO - 23/05/09 10:54:05 WARN NativeCodeLoader: Unable to load native-hadoop library for your platform... using builtin-java classes where applicable
[2023-05-09 10:54:05,610] {spark_submit.py:490} INFO - 23/05/09 10:54:05 INFO ResourceUtils: ==============================================================
[2023-05-09 10:54:05,610] {spark_submit.py:490} INFO - 23/05/09 10:54:05 INFO ResourceUtils: No custom resources configured for spark.driver.
[2023-05-09 10:54:05,610] {spark_submit.py:490} INFO - 23/05/09 10:54:05 INFO ResourceUtils: ==============================================================
[2023-05-09 10:54:05,610] {spark_submit.py:490} INFO - 23/05/09 10:54:05 INFO SparkContext: Submitted application: twitter_transformation
[2023-05-09 10:54:05,634] {spark_submit.py:490} INFO - 23/05/09 10:54:05 INFO ResourceProfile: Default ResourceProfile created, executor resources: Map(cores -> name: cores, amount: 1, script: , vendor: , memory -> name: memory, amount: 1024, script: , vendor: , offHeap -> name: offHeap, amount: 0, script: , vendor: ), task resources: Map(cpus -> name: cpus, amount: 1.0)
[2023-05-09 10:54:05,648] {spark_submit.py:490} INFO - 23/05/09 10:54:05 INFO ResourceProfile: Limiting resource is cpu
[2023-05-09 10:54:05,649] {spark_submit.py:490} INFO - 23/05/09 10:54:05 INFO ResourceProfileManager: Added ResourceProfile id: 0
[2023-05-09 10:54:05,715] {spark_submit.py:490} INFO - 23/05/09 10:54:05 INFO SecurityManager: Changing view acls to: kirsch
[2023-05-09 10:54:05,715] {spark_submit.py:490} INFO - 23/05/09 10:54:05 INFO SecurityManager: Changing modify acls to: kirsch
[2023-05-09 10:54:05,715] {spark_submit.py:490} INFO - 23/05/09 10:54:05 INFO SecurityManager: Changing view acls groups to:
[2023-05-09 10:54:05,716] {spark_submit.py:490} INFO - 23/05/09 10:54:05 INFO SecurityManager: Changing modify acls groups to:
[2023-05-09 10:54:05,716] {spark_submit.py:490} INFO - 23/05/09 10:54:05 INFO SecurityManager: SecurityManager: authentication disabled; ui acls disabled; users  with view permissions: Set(kirsch); groups with view permissions: Set(); users  with modify permissions: Set(kirsch); groups with modify permissions: Set()
[2023-05-09 10:54:05,933] {spark_submit.py:490} INFO - 23/05/09 10:54:05 INFO Utils: Successfully started service 'sparkDriver' on port 32949.
[2023-05-09 10:54:05,962] {spark_submit.py:490} INFO - 23/05/09 10:54:05 INFO SparkEnv: Registering MapOutputTracker
[2023-05-09 10:54:05,997] {spark_submit.py:490} INFO - 23/05/09 10:54:05 INFO SparkEnv: Registering BlockManagerMaster
[2023-05-09 10:54:06,012] {spark_submit.py:490} INFO - 23/05/09 10:54:06 INFO BlockManagerMasterEndpoint: Using org.apache.spark.storage.DefaultTopologyMapper for getting topology information
[2023-05-09 10:54:06,013] {spark_submit.py:490} INFO - 23/05/09 10:54:06 INFO BlockManagerMasterEndpoint: BlockManagerMasterEndpoint up
[2023-05-09 10:54:06,016] {spark_submit.py:490} INFO - 23/05/09 10:54:06 INFO SparkEnv: Registering BlockManagerMasterHeartbeat
[2023-05-09 10:54:06,040] {spark_submit.py:490} INFO - 23/05/09 10:54:06 INFO DiskBlockManager: Created local directory at /tmp/blockmgr-36269eba-62e5-44ff-9b22-bb920f3374d5
[2023-05-09 10:54:06,065] {spark_submit.py:490} INFO - 23/05/09 10:54:06 INFO MemoryStore: MemoryStore started with capacity 366.3 MiB
[2023-05-09 10:54:06,085] {spark_submit.py:490} INFO - 23/05/09 10:54:06 INFO SparkEnv: Registering OutputCommitCoordinator
[2023-05-09 10:54:06,319] {spark_submit.py:490} INFO - 23/05/09 10:54:06 INFO Utils: Successfully started service 'SparkUI' on port 4040.
[2023-05-09 10:54:06,431] {spark_submit.py:490} INFO - 23/05/09 10:54:06 INFO SparkUI: Bound SparkUI to 0.0.0.0, and started at http://kirsch-Virtual-Machine.mshome.net:4040
[2023-05-09 10:54:06,645] {spark_submit.py:490} INFO - 23/05/09 10:54:06 INFO Executor: Starting executor ID driver on host kirsch-Virtual-Machine.mshome.net
[2023-05-09 10:54:06,680] {spark_submit.py:490} INFO - 23/05/09 10:54:06 INFO Utils: Successfully started service 'org.apache.spark.network.netty.NettyBlockTransferService' on port 43063.
[2023-05-09 10:54:06,680] {spark_submit.py:490} INFO - 23/05/09 10:54:06 INFO NettyBlockTransferService: Server created on kirsch-Virtual-Machine.mshome.net:43063
[2023-05-09 10:54:06,682] {spark_submit.py:490} INFO - 23/05/09 10:54:06 INFO BlockManager: Using org.apache.spark.storage.RandomBlockReplicationPolicy for block replication policy
[2023-05-09 10:54:06,687] {spark_submit.py:490} INFO - 23/05/09 10:54:06 INFO BlockManagerMaster: Registering BlockManager BlockManagerId(driver, kirsch-Virtual-Machine.mshome.net, 43063, None)
[2023-05-09 10:54:06,696] {spark_submit.py:490} INFO - 23/05/09 10:54:06 INFO BlockManagerMasterEndpoint: Registering block manager kirsch-Virtual-Machine.mshome.net:43063 with 366.3 MiB RAM, BlockManagerId(driver, kirsch-Virtual-Machine.mshome.net, 43063, None)
[2023-05-09 10:54:06,699] {spark_submit.py:490} INFO - 23/05/09 10:54:06 INFO BlockManagerMaster: Registered BlockManager BlockManagerId(driver, kirsch-Virtual-Machine.mshome.net, 43063, None)
[2023-05-09 10:54:06,700] {spark_submit.py:490} INFO - 23/05/09 10:54:06 INFO BlockManager: Initialized BlockManager: BlockManagerId(driver, kirsch-Virtual-Machine.mshome.net, 43063, None)
[2023-05-09 10:54:07,304] {spark_submit.py:490} INFO - 23/05/09 10:54:07 INFO SharedState: Setting hive.metastore.warehouse.dir ('null') to the value of spark.sql.warehouse.dir.
[2023-05-09 10:54:07,346] {spark_submit.py:490} INFO - 23/05/09 10:54:07 INFO SharedState: Warehouse path is 'file:/home/kirsch/airflow-alura/spark-warehouse'.
[2023-05-09 10:54:08,322] {spark_submit.py:490} INFO - 23/05/09 10:54:08 INFO InMemoryFileIndex: It took 49 ms to list leaf files for 1 paths.
[2023-05-09 10:54:08,468] {spark_submit.py:490} INFO - 23/05/09 10:54:08 INFO InMemoryFileIndex: It took 1 ms to list leaf files for 1 paths.
[2023-05-09 10:54:10,650] {spark_submit.py:490} INFO - 23/05/09 10:54:10 INFO FileSourceStrategy: Pushed Filters:
[2023-05-09 10:54:10,651] {spark_submit.py:490} INFO - 23/05/09 10:54:10 INFO FileSourceStrategy: Post-Scan Filters:
[2023-05-09 10:54:10,654] {spark_submit.py:490} INFO - 23/05/09 10:54:10 INFO FileSourceStrategy: Output Data Schema: struct<value: string>
[2023-05-09 10:54:11,156] {spark_submit.py:490} INFO - 23/05/09 10:54:11 INFO MemoryStore: Block broadcast_0 stored as values in memory (estimated size 338.2 KiB, free 366.0 MiB)
[2023-05-09 10:54:11,221] {spark_submit.py:490} INFO - 23/05/09 10:54:11 INFO MemoryStore: Block broadcast_0_piece0 stored as bytes in memory (estimated size 32.5 KiB, free 365.9 MiB)
[2023-05-09 10:54:11,224] {spark_submit.py:490} INFO - 23/05/09 10:54:11 INFO BlockManagerInfo: Added broadcast_0_piece0 in memory on kirsch-Virtual-Machine.mshome.net:43063 (size: 32.5 KiB, free: 366.3 MiB)
[2023-05-09 10:54:11,233] {spark_submit.py:490} INFO - 23/05/09 10:54:11 INFO SparkContext: Created broadcast 0 from json at NativeMethodAccessorImpl.java:0
[2023-05-09 10:54:11,240] {spark_submit.py:490} INFO - 23/05/09 10:54:11 INFO FileSourceScanExec: Planning scan with bin packing, max size: 4198592 bytes, open cost is considered as scanning 4194304 bytes.
[2023-05-09 10:54:11,408] {spark_submit.py:490} INFO - 23/05/09 10:54:11 INFO SparkContext: Starting job: json at NativeMethodAccessorImpl.java:0
[2023-05-09 10:54:11,433] {spark_submit.py:490} INFO - 23/05/09 10:54:11 INFO DAGScheduler: Got job 0 (json at NativeMethodAccessorImpl.java:0) with 1 output partitions
[2023-05-09 10:54:11,433] {spark_submit.py:490} INFO - 23/05/09 10:54:11 INFO DAGScheduler: Final stage: ResultStage 0 (json at NativeMethodAccessorImpl.java:0)
[2023-05-09 10:54:11,433] {spark_submit.py:490} INFO - 23/05/09 10:54:11 INFO DAGScheduler: Parents of final stage: List()
[2023-05-09 10:54:11,434] {spark_submit.py:490} INFO - 23/05/09 10:54:11 INFO DAGScheduler: Missing parents: List()
[2023-05-09 10:54:11,440] {spark_submit.py:490} INFO - 23/05/09 10:54:11 INFO DAGScheduler: Submitting ResultStage 0 (MapPartitionsRDD[3] at json at NativeMethodAccessorImpl.java:0), which has no missing parents
[2023-05-09 10:54:11,548] {spark_submit.py:490} INFO - 23/05/09 10:54:11 INFO MemoryStore: Block broadcast_1 stored as values in memory (estimated size 12.5 KiB, free 365.9 MiB)
[2023-05-09 10:54:11,551] {spark_submit.py:490} INFO - 23/05/09 10:54:11 INFO MemoryStore: Block broadcast_1_piece0 stored as bytes in memory (estimated size 6.5 KiB, free 365.9 MiB)
[2023-05-09 10:54:11,551] {spark_submit.py:490} INFO - 23/05/09 10:54:11 INFO BlockManagerInfo: Added broadcast_1_piece0 in memory on kirsch-Virtual-Machine.mshome.net:43063 (size: 6.5 KiB, free: 366.3 MiB)
[2023-05-09 10:54:11,552] {spark_submit.py:490} INFO - 23/05/09 10:54:11 INFO SparkContext: Created broadcast 1 from broadcast at DAGScheduler.scala:1474
[2023-05-09 10:54:11,568] {spark_submit.py:490} INFO - 23/05/09 10:54:11 INFO DAGScheduler: Submitting 1 missing tasks from ResultStage 0 (MapPartitionsRDD[3] at json at NativeMethodAccessorImpl.java:0) (first 15 tasks are for partitions Vector(0))
[2023-05-09 10:54:11,570] {spark_submit.py:490} INFO - 23/05/09 10:54:11 INFO TaskSchedulerImpl: Adding task set 0.0 with 1 tasks resource profile 0
[2023-05-09 10:54:11,625] {spark_submit.py:490} INFO - 23/05/09 10:54:11 INFO TaskSetManager: Starting task 0.0 in stage 0.0 (TID 0) (kirsch-Virtual-Machine.mshome.net, executor driver, partition 0, PROCESS_LOCAL, 4944 bytes) taskResourceAssignments Map()
[2023-05-09 10:54:11,641] {spark_submit.py:490} INFO - 23/05/09 10:54:11 INFO Executor: Running task 0.0 in stage 0.0 (TID 0)
[2023-05-09 10:54:12,100] {spark_submit.py:490} INFO - 23/05/09 10:54:12 INFO FileScanRDD: Reading File path: file:///home/kirsch/airflow-alura/datalake/Bronze/twitter_datascience/extract_date=2023-05-04/datascience_20230504.json, range: 0-4288, partition values: [empty row]
[2023-05-09 10:54:12,271] {spark_submit.py:490} INFO - 23/05/09 10:54:12 INFO CodeGenerator: Code generated in 132.633204 ms
[2023-05-09 10:54:12,341] {spark_submit.py:490} INFO - 23/05/09 10:54:12 INFO Executor: Finished task 0.0 in stage 0.0 (TID 0). 2768 bytes result sent to driver
[2023-05-09 10:54:12,354] {spark_submit.py:490} INFO - 23/05/09 10:54:12 INFO TaskSetManager: Finished task 0.0 in stage 0.0 (TID 0) in 743 ms on kirsch-Virtual-Machine.mshome.net (executor driver) (1/1)
[2023-05-09 10:54:12,357] {spark_submit.py:490} INFO - 23/05/09 10:54:12 INFO TaskSchedulerImpl: Removed TaskSet 0.0, whose tasks have all completed, from pool
[2023-05-09 10:54:12,366] {spark_submit.py:490} INFO - 23/05/09 10:54:12 INFO DAGScheduler: ResultStage 0 (json at NativeMethodAccessorImpl.java:0) finished in 0,896 s
[2023-05-09 10:54:12,370] {spark_submit.py:490} INFO - 23/05/09 10:54:12 INFO DAGScheduler: Job 0 is finished. Cancelling potential speculative or zombie tasks for this job
[2023-05-09 10:54:12,370] {spark_submit.py:490} INFO - 23/05/09 10:54:12 INFO TaskSchedulerImpl: Killing all running tasks in stage 0: Stage finished
[2023-05-09 10:54:12,373] {spark_submit.py:490} INFO - 23/05/09 10:54:12 INFO DAGScheduler: Job 0 finished: json at NativeMethodAccessorImpl.java:0, took 0,964426 s
[2023-05-09 10:54:12,807] {spark_submit.py:490} INFO - 23/05/09 10:54:12 INFO FileSourceStrategy: Pushed Filters: IsNotNull(data)
[2023-05-09 10:54:12,808] {spark_submit.py:490} INFO - 23/05/09 10:54:12 INFO FileSourceStrategy: Post-Scan Filters: (size(data#7, true) > 0),isnotnull(data#7)
[2023-05-09 10:54:12,808] {spark_submit.py:490} INFO - 23/05/09 10:54:12 INFO FileSourceStrategy: Output Data Schema: struct<data: array<struct<author_id:string,conversation_id:string,created_at:string,edit_history_tweet_ids:array<bigint>,id:string,in_reply_to_user_id:string,lang:string,public_metrics:struct<like_count:bigint,quote_count:bigint,reply_count:bigint,retweet_count:bigint>,text:string>>>
[2023-05-09 10:54:12,890] {spark_submit.py:490} INFO - 23/05/09 10:54:12 INFO FileOutputCommitter: File Output Committer Algorithm version is 1
[2023-05-09 10:54:12,890] {spark_submit.py:490} INFO - 23/05/09 10:54:12 INFO FileOutputCommitter: FileOutputCommitter skip cleanup _temporary folders under output directory:false, ignore cleanup failures: false
[2023-05-09 10:54:12,891] {spark_submit.py:490} INFO - 23/05/09 10:54:12 INFO SQLHadoopMapReduceCommitProtocol: Using output committer class org.apache.hadoop.mapreduce.lib.output.FileOutputCommitter
[2023-05-09 10:54:13,137] {spark_submit.py:490} INFO - 23/05/09 10:54:13 INFO CodeGenerator: Code generated in 144.097256 ms
[2023-05-09 10:54:13,142] {spark_submit.py:490} INFO - 23/05/09 10:54:13 INFO MemoryStore: Block broadcast_2 stored as values in memory (estimated size 338.0 KiB, free 365.6 MiB)
[2023-05-09 10:54:13,173] {spark_submit.py:490} INFO - 23/05/09 10:54:13 INFO MemoryStore: Block broadcast_2_piece0 stored as bytes in memory (estimated size 32.5 KiB, free 365.6 MiB)
[2023-05-09 10:54:13,174] {spark_submit.py:490} INFO - 23/05/09 10:54:13 INFO BlockManagerInfo: Added broadcast_2_piece0 in memory on kirsch-Virtual-Machine.mshome.net:43063 (size: 32.5 KiB, free: 366.2 MiB)
[2023-05-09 10:54:13,174] {spark_submit.py:490} INFO - 23/05/09 10:54:13 INFO SparkContext: Created broadcast 2 from json at NativeMethodAccessorImpl.java:0
[2023-05-09 10:54:13,176] {spark_submit.py:490} INFO - 23/05/09 10:54:13 INFO FileSourceScanExec: Planning scan with bin packing, max size: 4198592 bytes, open cost is considered as scanning 4194304 bytes.
[2023-05-09 10:54:13,242] {spark_submit.py:490} INFO - 23/05/09 10:54:13 INFO SparkContext: Starting job: json at NativeMethodAccessorImpl.java:0
[2023-05-09 10:54:13,244] {spark_submit.py:490} INFO - 23/05/09 10:54:13 INFO DAGScheduler: Got job 1 (json at NativeMethodAccessorImpl.java:0) with 1 output partitions
[2023-05-09 10:54:13,244] {spark_submit.py:490} INFO - 23/05/09 10:54:13 INFO DAGScheduler: Final stage: ResultStage 1 (json at NativeMethodAccessorImpl.java:0)
[2023-05-09 10:54:13,245] {spark_submit.py:490} INFO - 23/05/09 10:54:13 INFO DAGScheduler: Parents of final stage: List()
[2023-05-09 10:54:13,245] {spark_submit.py:490} INFO - 23/05/09 10:54:13 INFO DAGScheduler: Missing parents: List()
[2023-05-09 10:54:13,247] {spark_submit.py:490} INFO - 23/05/09 10:54:13 INFO DAGScheduler: Submitting ResultStage 1 (CoalescedRDD[7] at json at NativeMethodAccessorImpl.java:0), which has no missing parents
[2023-05-09 10:54:13,279] {spark_submit.py:490} INFO - 23/05/09 10:54:13 INFO MemoryStore: Block broadcast_3 stored as values in memory (estimated size 228.8 KiB, free 365.3 MiB)
[2023-05-09 10:54:13,285] {spark_submit.py:490} INFO - 23/05/09 10:54:13 INFO MemoryStore: Block broadcast_3_piece0 stored as bytes in memory (estimated size 79.5 KiB, free 365.3 MiB)
[2023-05-09 10:54:13,286] {spark_submit.py:490} INFO - 23/05/09 10:54:13 INFO BlockManagerInfo: Added broadcast_3_piece0 in memory on kirsch-Virtual-Machine.mshome.net:43063 (size: 79.5 KiB, free: 366.2 MiB)
[2023-05-09 10:54:13,287] {spark_submit.py:490} INFO - 23/05/09 10:54:13 INFO SparkContext: Created broadcast 3 from broadcast at DAGScheduler.scala:1474
[2023-05-09 10:54:13,287] {spark_submit.py:490} INFO - 23/05/09 10:54:13 INFO DAGScheduler: Submitting 1 missing tasks from ResultStage 1 (CoalescedRDD[7] at json at NativeMethodAccessorImpl.java:0) (first 15 tasks are for partitions Vector(0))
[2023-05-09 10:54:13,287] {spark_submit.py:490} INFO - 23/05/09 10:54:13 INFO TaskSchedulerImpl: Adding task set 1.0 with 1 tasks resource profile 0
[2023-05-09 10:54:13,291] {spark_submit.py:490} INFO - 23/05/09 10:54:13 INFO TaskSetManager: Starting task 0.0 in stage 1.0 (TID 1) (kirsch-Virtual-Machine.mshome.net, executor driver, partition 0, PROCESS_LOCAL, 5173 bytes) taskResourceAssignments Map()
[2023-05-09 10:54:13,292] {spark_submit.py:490} INFO - 23/05/09 10:54:13 INFO Executor: Running task 0.0 in stage 1.0 (TID 1)
[2023-05-09 10:54:13,346] {spark_submit.py:490} INFO - 23/05/09 10:54:13 INFO FileOutputCommitter: File Output Committer Algorithm version is 1
[2023-05-09 10:54:13,348] {spark_submit.py:490} INFO - 23/05/09 10:54:13 INFO FileOutputCommitter: FileOutputCommitter skip cleanup _temporary folders under output directory:false, ignore cleanup failures: false
[2023-05-09 10:54:13,351] {spark_submit.py:490} INFO - 23/05/09 10:54:13 INFO SQLHadoopMapReduceCommitProtocol: Using output committer class org.apache.hadoop.mapreduce.lib.output.FileOutputCommitter
[2023-05-09 10:54:13,387] {spark_submit.py:490} INFO - 23/05/09 10:54:13 INFO FileScanRDD: Reading File path: file:///home/kirsch/airflow-alura/datalake/Bronze/twitter_datascience/extract_date=2023-05-04/datascience_20230504.json, range: 0-4288, partition values: [empty row]
[2023-05-09 10:54:13,413] {spark_submit.py:490} INFO - 23/05/09 10:54:13 INFO CodeGenerator: Code generated in 21.9938 ms
[2023-05-09 10:54:13,455] {spark_submit.py:490} INFO - 23/05/09 10:54:13 INFO CodeGenerator: Code generated in 5.204424 ms
[2023-05-09 10:54:13,497] {spark_submit.py:490} INFO - 23/05/09 10:54:13 INFO FileOutputCommitter: Saved output of task 'attempt_202305091054137333785700023432023_0001_m_000000_1' to file:/home/kirsch/airflow-alura/datalake/Silver/twitter_datascience/tweet/process_date=2023-05-04/_temporary/0/task_202305091054137333785700023432023_0001_m_000000
[2023-05-09 10:54:13,501] {spark_submit.py:490} INFO - 23/05/09 10:54:13 INFO SparkHadoopMapRedUtil: attempt_202305091054137333785700023432023_0001_m_000000_1: Committed
[2023-05-09 10:54:13,507] {spark_submit.py:490} INFO - 23/05/09 10:54:13 INFO Executor: Finished task 0.0 in stage 1.0 (TID 1). 2670 bytes result sent to driver
[2023-05-09 10:54:13,517] {spark_submit.py:490} INFO - 23/05/09 10:54:13 INFO TaskSetManager: Finished task 0.0 in stage 1.0 (TID 1) in 229 ms on kirsch-Virtual-Machine.mshome.net (executor driver) (1/1)
[2023-05-09 10:54:13,517] {spark_submit.py:490} INFO - 23/05/09 10:54:13 INFO TaskSchedulerImpl: Removed TaskSet 1.0, whose tasks have all completed, from pool
[2023-05-09 10:54:13,519] {spark_submit.py:490} INFO - 23/05/09 10:54:13 INFO DAGScheduler: ResultStage 1 (json at NativeMethodAccessorImpl.java:0) finished in 0,267 s
[2023-05-09 10:54:13,519] {spark_submit.py:490} INFO - 23/05/09 10:54:13 INFO DAGScheduler: Job 1 is finished. Cancelling potential speculative or zombie tasks for this job
[2023-05-09 10:54:13,519] {spark_submit.py:490} INFO - 23/05/09 10:54:13 INFO TaskSchedulerImpl: Killing all running tasks in stage 1: Stage finished
[2023-05-09 10:54:13,519] {spark_submit.py:490} INFO - 23/05/09 10:54:13 INFO DAGScheduler: Job 1 finished: json at NativeMethodAccessorImpl.java:0, took 0,276601 s
[2023-05-09 10:54:13,523] {spark_submit.py:490} INFO - 23/05/09 10:54:13 INFO FileFormatWriter: Start to commit write Job bc3e79c0-4c02-45c1-add1-c0c9fd1d4cd6.
[2023-05-09 10:54:13,554] {spark_submit.py:490} INFO - 23/05/09 10:54:13 INFO FileFormatWriter: Write Job bc3e79c0-4c02-45c1-add1-c0c9fd1d4cd6 committed. Elapsed time: 31 ms.
[2023-05-09 10:54:13,558] {spark_submit.py:490} INFO - 23/05/09 10:54:13 INFO FileFormatWriter: Finished processing stats for write job bc3e79c0-4c02-45c1-add1-c0c9fd1d4cd6.
[2023-05-09 10:54:13,604] {spark_submit.py:490} INFO - 23/05/09 10:54:13 INFO FileSourceStrategy: Pushed Filters:
[2023-05-09 10:54:13,604] {spark_submit.py:490} INFO - 23/05/09 10:54:13 INFO FileSourceStrategy: Post-Scan Filters:
[2023-05-09 10:54:13,605] {spark_submit.py:490} INFO - 23/05/09 10:54:13 INFO FileSourceStrategy: Output Data Schema: struct<includes: struct<users: array<struct<created_at:string,id:string,name:string,username:string>>>>
[2023-05-09 10:54:13,617] {spark_submit.py:490} INFO - 23/05/09 10:54:13 INFO FileOutputCommitter: File Output Committer Algorithm version is 1
[2023-05-09 10:54:13,617] {spark_submit.py:490} INFO - 23/05/09 10:54:13 INFO FileOutputCommitter: FileOutputCommitter skip cleanup _temporary folders under output directory:false, ignore cleanup failures: false
[2023-05-09 10:54:13,618] {spark_submit.py:490} INFO - 23/05/09 10:54:13 INFO SQLHadoopMapReduceCommitProtocol: Using output committer class org.apache.hadoop.mapreduce.lib.output.FileOutputCommitter
[2023-05-09 10:54:13,652] {spark_submit.py:490} INFO - 23/05/09 10:54:13 INFO CodeGenerator: Code generated in 16.294174 ms
[2023-05-09 10:54:13,655] {spark_submit.py:490} INFO - 23/05/09 10:54:13 INFO MemoryStore: Block broadcast_4 stored as values in memory (estimated size 338.0 KiB, free 364.9 MiB)
[2023-05-09 10:54:13,667] {spark_submit.py:490} INFO - 23/05/09 10:54:13 INFO MemoryStore: Block broadcast_4_piece0 stored as bytes in memory (estimated size 32.5 KiB, free 364.9 MiB)
[2023-05-09 10:54:13,667] {spark_submit.py:490} INFO - 23/05/09 10:54:13 INFO BlockManagerInfo: Added broadcast_4_piece0 in memory on kirsch-Virtual-Machine.mshome.net:43063 (size: 32.5 KiB, free: 366.1 MiB)
[2023-05-09 10:54:13,668] {spark_submit.py:490} INFO - 23/05/09 10:54:13 INFO SparkContext: Created broadcast 4 from json at NativeMethodAccessorImpl.java:0
[2023-05-09 10:54:13,669] {spark_submit.py:490} INFO - 23/05/09 10:54:13 INFO FileSourceScanExec: Planning scan with bin packing, max size: 4198592 bytes, open cost is considered as scanning 4194304 bytes.
[2023-05-09 10:54:13,689] {spark_submit.py:490} INFO - 23/05/09 10:54:13 INFO SparkContext: Starting job: json at NativeMethodAccessorImpl.java:0
[2023-05-09 10:54:13,691] {spark_submit.py:490} INFO - 23/05/09 10:54:13 INFO DAGScheduler: Got job 2 (json at NativeMethodAccessorImpl.java:0) with 1 output partitions
[2023-05-09 10:54:13,691] {spark_submit.py:490} INFO - 23/05/09 10:54:13 INFO DAGScheduler: Final stage: ResultStage 2 (json at NativeMethodAccessorImpl.java:0)
[2023-05-09 10:54:13,691] {spark_submit.py:490} INFO - 23/05/09 10:54:13 INFO DAGScheduler: Parents of final stage: List()
[2023-05-09 10:54:13,691] {spark_submit.py:490} INFO - 23/05/09 10:54:13 INFO DAGScheduler: Missing parents: List()
[2023-05-09 10:54:13,691] {spark_submit.py:490} INFO - 23/05/09 10:54:13 INFO DAGScheduler: Submitting ResultStage 2 (CoalescedRDD[11] at json at NativeMethodAccessorImpl.java:0), which has no missing parents
[2023-05-09 10:54:13,717] {spark_submit.py:490} INFO - 23/05/09 10:54:13 INFO MemoryStore: Block broadcast_5 stored as values in memory (estimated size 208.9 KiB, free 364.7 MiB)
[2023-05-09 10:54:13,719] {spark_submit.py:490} INFO - 23/05/09 10:54:13 INFO MemoryStore: Block broadcast_5_piece0 stored as bytes in memory (estimated size 74.9 KiB, free 364.6 MiB)
[2023-05-09 10:54:13,720] {spark_submit.py:490} INFO - 23/05/09 10:54:13 INFO BlockManagerInfo: Added broadcast_5_piece0 in memory on kirsch-Virtual-Machine.mshome.net:43063 (size: 74.9 KiB, free: 366.0 MiB)
[2023-05-09 10:54:13,721] {spark_submit.py:490} INFO - 23/05/09 10:54:13 INFO SparkContext: Created broadcast 5 from broadcast at DAGScheduler.scala:1474
[2023-05-09 10:54:13,721] {spark_submit.py:490} INFO - 23/05/09 10:54:13 INFO DAGScheduler: Submitting 1 missing tasks from ResultStage 2 (CoalescedRDD[11] at json at NativeMethodAccessorImpl.java:0) (first 15 tasks are for partitions Vector(0))
[2023-05-09 10:54:13,721] {spark_submit.py:490} INFO - 23/05/09 10:54:13 INFO TaskSchedulerImpl: Adding task set 2.0 with 1 tasks resource profile 0
[2023-05-09 10:54:13,722] {spark_submit.py:490} INFO - 23/05/09 10:54:13 INFO TaskSetManager: Starting task 0.0 in stage 2.0 (TID 2) (kirsch-Virtual-Machine.mshome.net, executor driver, partition 0, PROCESS_LOCAL, 5173 bytes) taskResourceAssignments Map()
[2023-05-09 10:54:13,723] {spark_submit.py:490} INFO - 23/05/09 10:54:13 INFO Executor: Running task 0.0 in stage 2.0 (TID 2)
[2023-05-09 10:54:13,739] {spark_submit.py:490} INFO - 23/05/09 10:54:13 INFO FileOutputCommitter: File Output Committer Algorithm version is 1
[2023-05-09 10:54:13,739] {spark_submit.py:490} INFO - 23/05/09 10:54:13 INFO FileOutputCommitter: FileOutputCommitter skip cleanup _temporary folders under output directory:false, ignore cleanup failures: false
[2023-05-09 10:54:13,740] {spark_submit.py:490} INFO - 23/05/09 10:54:13 INFO SQLHadoopMapReduceCommitProtocol: Using output committer class org.apache.hadoop.mapreduce.lib.output.FileOutputCommitter
[2023-05-09 10:54:13,770] {spark_submit.py:490} INFO - 23/05/09 10:54:13 INFO FileScanRDD: Reading File path: file:///home/kirsch/airflow-alura/datalake/Bronze/twitter_datascience/extract_date=2023-05-04/datascience_20230504.json, range: 0-4288, partition values: [empty row]
[2023-05-09 10:54:13,787] {spark_submit.py:490} INFO - 23/05/09 10:54:13 INFO CodeGenerator: Code generated in 14.548966 ms
[2023-05-09 10:54:13,799] {spark_submit.py:490} INFO - 23/05/09 10:54:13 INFO FileOutputCommitter: Saved output of task 'attempt_202305091054132945619239593935980_0002_m_000000_2' to file:/home/kirsch/airflow-alura/datalake/Silver/twitter_datascience/user/process_date=2023-05-04/_temporary/0/task_202305091054132945619239593935980_0002_m_000000
[2023-05-09 10:54:13,800] {spark_submit.py:490} INFO - 23/05/09 10:54:13 INFO SparkHadoopMapRedUtil: attempt_202305091054132945619239593935980_0002_m_000000_2: Committed
[2023-05-09 10:54:13,801] {spark_submit.py:490} INFO - 23/05/09 10:54:13 INFO Executor: Finished task 0.0 in stage 2.0 (TID 2). 2571 bytes result sent to driver
[2023-05-09 10:54:13,803] {spark_submit.py:490} INFO - 23/05/09 10:54:13 INFO TaskSetManager: Finished task 0.0 in stage 2.0 (TID 2) in 81 ms on kirsch-Virtual-Machine.mshome.net (executor driver) (1/1)
[2023-05-09 10:54:13,803] {spark_submit.py:490} INFO - 23/05/09 10:54:13 INFO TaskSchedulerImpl: Removed TaskSet 2.0, whose tasks have all completed, from pool
[2023-05-09 10:54:13,803] {spark_submit.py:490} INFO - 23/05/09 10:54:13 INFO DAGScheduler: ResultStage 2 (json at NativeMethodAccessorImpl.java:0) finished in 0,111 s
[2023-05-09 10:54:13,804] {spark_submit.py:490} INFO - 23/05/09 10:54:13 INFO DAGScheduler: Job 2 is finished. Cancelling potential speculative or zombie tasks for this job
[2023-05-09 10:54:13,804] {spark_submit.py:490} INFO - 23/05/09 10:54:13 INFO TaskSchedulerImpl: Killing all running tasks in stage 2: Stage finished
[2023-05-09 10:54:13,804] {spark_submit.py:490} INFO - 23/05/09 10:54:13 INFO DAGScheduler: Job 2 finished: json at NativeMethodAccessorImpl.java:0, took 0,114461 s
[2023-05-09 10:54:13,804] {spark_submit.py:490} INFO - 23/05/09 10:54:13 INFO FileFormatWriter: Start to commit write Job 70681585-748e-422b-bfbd-b1bacbf88ba6.
[2023-05-09 10:54:13,825] {spark_submit.py:490} INFO - 23/05/09 10:54:13 INFO FileFormatWriter: Write Job 70681585-748e-422b-bfbd-b1bacbf88ba6 committed. Elapsed time: 20 ms.
[2023-05-09 10:54:13,825] {spark_submit.py:490} INFO - 23/05/09 10:54:13 INFO FileFormatWriter: Finished processing stats for write job 70681585-748e-422b-bfbd-b1bacbf88ba6.
[2023-05-09 10:54:13,884] {spark_submit.py:490} INFO - 23/05/09 10:54:13 INFO SparkContext: Invoking stop() from shutdown hook
[2023-05-09 10:54:13,919] {spark_submit.py:490} INFO - 23/05/09 10:54:13 INFO SparkUI: Stopped Spark web UI at http://kirsch-Virtual-Machine.mshome.net:4040
[2023-05-09 10:54:13,942] {spark_submit.py:490} INFO - 23/05/09 10:54:13 INFO MapOutputTrackerMasterEndpoint: MapOutputTrackerMasterEndpoint stopped!
[2023-05-09 10:54:13,966] {spark_submit.py:490} INFO - 23/05/09 10:54:13 INFO MemoryStore: MemoryStore cleared
[2023-05-09 10:54:13,966] {spark_submit.py:490} INFO - 23/05/09 10:54:13 INFO BlockManager: BlockManager stopped
[2023-05-09 10:54:13,992] {spark_submit.py:490} INFO - 23/05/09 10:54:13 INFO BlockManagerMaster: BlockManagerMaster stopped
[2023-05-09 10:54:14,004] {spark_submit.py:490} INFO - 23/05/09 10:54:14 INFO OutputCommitCoordinator$OutputCommitCoordinatorEndpoint: OutputCommitCoordinator stopped!
[2023-05-09 10:54:14,022] {spark_submit.py:490} INFO - 23/05/09 10:54:14 INFO SparkContext: Successfully stopped SparkContext
[2023-05-09 10:54:14,022] {spark_submit.py:490} INFO - 23/05/09 10:54:14 INFO ShutdownHookManager: Shutdown hook called
[2023-05-09 10:54:14,022] {spark_submit.py:490} INFO - 23/05/09 10:54:14 INFO ShutdownHookManager: Deleting directory /tmp/spark-246bef92-2c2c-4e2c-bf35-bf19578365db
[2023-05-09 10:54:14,024] {spark_submit.py:490} INFO - 23/05/09 10:54:14 INFO ShutdownHookManager: Deleting directory /tmp/spark-246bef92-2c2c-4e2c-bf35-bf19578365db/pyspark-18484c09-02e2-4109-9be5-5ab057abca06
[2023-05-09 10:54:14,032] {spark_submit.py:490} INFO - 23/05/09 10:54:14 INFO ShutdownHookManager: Deleting directory /tmp/spark-1b7623b8-af7f-484c-b2a8-7d0509d0eca0
[2023-05-09 10:54:14,108] {taskinstance.py:1395} INFO - Marking task as SUCCESS. dag_id=TwitterDag, task_id=transform_twitter_datascience, execution_date=20230504T000000, start_date=20230509T135403, end_date=20230509T135414
[2023-05-09 10:54:14,175] {local_task_job.py:156} INFO - Task exited with return code 0
[2023-05-09 10:54:14,194] {local_task_job.py:273} INFO - 1 downstream tasks scheduled from follow-on schedule check
