[2023-05-05 14:21:08,131] {processor.py:153} INFO - Started process (PID=5877) to work on /home/kirsch/airflowalura/dags/twitter_dag.py
[2023-05-05 14:21:08,131] {processor.py:641} INFO - Processing file /home/kirsch/airflowalura/dags/twitter_dag.py for tasks to queue
[2023-05-05 14:21:08,132] {logging_mixin.py:115} INFO - [2023-05-05 14:21:08,131] {dagbag.py:507} INFO - Filling up the DagBag from /home/kirsch/airflowalura/dags/twitter_dag.py
[2023-05-05 14:21:08,148] {processor.py:651} INFO - DAG(s) dict_keys(['TwitterDag']) retrieved from /home/kirsch/airflowalura/dags/twitter_dag.py
[2023-05-05 14:21:08,194] {logging_mixin.py:115} INFO - [2023-05-05 14:21:08,194] {dag.py:2379} INFO - Sync 1 DAGs
[2023-05-05 14:21:08,216] {logging_mixin.py:115} INFO - [2023-05-05 14:21:08,216] {dag.py:2927} INFO - Setting next_dagrun for TwitterDag to 2023-05-04T00:00:00+00:00, run_after=2023-05-05T00:00:00+00:00
[2023-05-05 14:21:08,230] {processor.py:161} INFO - Processing /home/kirsch/airflowalura/dags/twitter_dag.py took 0.101 seconds
[2023-05-05 14:21:39,304] {processor.py:153} INFO - Started process (PID=6657) to work on /home/kirsch/airflowalura/dags/twitter_dag.py
[2023-05-05 14:21:39,305] {processor.py:641} INFO - Processing file /home/kirsch/airflowalura/dags/twitter_dag.py for tasks to queue
[2023-05-05 14:21:39,308] {logging_mixin.py:115} INFO - [2023-05-05 14:21:39,307] {dagbag.py:507} INFO - Filling up the DagBag from /home/kirsch/airflowalura/dags/twitter_dag.py
[2023-05-05 14:21:39,313] {processor.py:651} INFO - DAG(s) dict_keys(['TwitterDag']) retrieved from /home/kirsch/airflowalura/dags/twitter_dag.py
[2023-05-05 14:21:39,325] {logging_mixin.py:115} INFO - [2023-05-05 14:21:39,325] {dag.py:2379} INFO - Sync 1 DAGs
[2023-05-05 14:21:39,338] {logging_mixin.py:115} INFO - [2023-05-05 14:21:39,338] {dag.py:2927} INFO - Setting next_dagrun for TwitterDag to 2023-05-05T00:00:00+00:00, run_after=2023-05-06T00:00:00+00:00
[2023-05-05 14:21:39,353] {processor.py:161} INFO - Processing /home/kirsch/airflowalura/dags/twitter_dag.py took 0.053 seconds
[2023-05-05 14:22:09,464] {processor.py:153} INFO - Started process (PID=6665) to work on /home/kirsch/airflowalura/dags/twitter_dag.py
[2023-05-05 14:22:09,464] {processor.py:641} INFO - Processing file /home/kirsch/airflowalura/dags/twitter_dag.py for tasks to queue
[2023-05-05 14:22:09,467] {logging_mixin.py:115} INFO - [2023-05-05 14:22:09,467] {dagbag.py:507} INFO - Filling up the DagBag from /home/kirsch/airflowalura/dags/twitter_dag.py
[2023-05-05 14:22:09,472] {processor.py:651} INFO - DAG(s) dict_keys(['TwitterDag']) retrieved from /home/kirsch/airflowalura/dags/twitter_dag.py
[2023-05-05 14:22:09,482] {logging_mixin.py:115} INFO - [2023-05-05 14:22:09,482] {dag.py:2379} INFO - Sync 1 DAGs
[2023-05-05 14:22:09,493] {logging_mixin.py:115} INFO - [2023-05-05 14:22:09,493] {dag.py:2927} INFO - Setting next_dagrun for TwitterDag to 2023-05-05T00:00:00+00:00, run_after=2023-05-06T00:00:00+00:00
[2023-05-05 14:22:09,508] {processor.py:161} INFO - Processing /home/kirsch/airflowalura/dags/twitter_dag.py took 0.046 seconds
[2023-05-05 14:22:39,703] {processor.py:153} INFO - Started process (PID=6671) to work on /home/kirsch/airflowalura/dags/twitter_dag.py
[2023-05-05 14:22:39,705] {processor.py:641} INFO - Processing file /home/kirsch/airflowalura/dags/twitter_dag.py for tasks to queue
[2023-05-05 14:22:39,706] {logging_mixin.py:115} INFO - [2023-05-05 14:22:39,706] {dagbag.py:507} INFO - Filling up the DagBag from /home/kirsch/airflowalura/dags/twitter_dag.py
[2023-05-05 14:22:39,713] {processor.py:651} INFO - DAG(s) dict_keys(['TwitterDag']) retrieved from /home/kirsch/airflowalura/dags/twitter_dag.py
[2023-05-05 14:22:39,726] {logging_mixin.py:115} INFO - [2023-05-05 14:22:39,725] {dag.py:2379} INFO - Sync 1 DAGs
[2023-05-05 14:22:39,762] {logging_mixin.py:115} INFO - [2023-05-05 14:22:39,762] {dag.py:2927} INFO - Setting next_dagrun for TwitterDag to 2023-05-05T00:00:00+00:00, run_after=2023-05-06T00:00:00+00:00
[2023-05-05 14:22:39,776] {processor.py:161} INFO - Processing /home/kirsch/airflowalura/dags/twitter_dag.py took 0.078 seconds
[2023-05-05 14:23:09,980] {processor.py:153} INFO - Started process (PID=6989) to work on /home/kirsch/airflowalura/dags/twitter_dag.py
[2023-05-05 14:23:09,980] {processor.py:641} INFO - Processing file /home/kirsch/airflowalura/dags/twitter_dag.py for tasks to queue
[2023-05-05 14:23:09,981] {logging_mixin.py:115} INFO - [2023-05-05 14:23:09,981] {dagbag.py:507} INFO - Filling up the DagBag from /home/kirsch/airflowalura/dags/twitter_dag.py
[2023-05-05 14:23:09,988] {processor.py:651} INFO - DAG(s) dict_keys(['TwitterDag']) retrieved from /home/kirsch/airflowalura/dags/twitter_dag.py
[2023-05-05 14:23:10,003] {logging_mixin.py:115} INFO - [2023-05-05 14:23:10,003] {dag.py:2379} INFO - Sync 1 DAGs
[2023-05-05 14:23:10,021] {logging_mixin.py:115} INFO - [2023-05-05 14:23:10,021] {dag.py:2927} INFO - Setting next_dagrun for TwitterDag to 2023-05-05T00:00:00+00:00, run_after=2023-05-06T00:00:00+00:00
[2023-05-05 14:23:10,047] {processor.py:161} INFO - Processing /home/kirsch/airflowalura/dags/twitter_dag.py took 0.073 seconds
[2023-05-05 14:23:40,375] {processor.py:153} INFO - Started process (PID=7230) to work on /home/kirsch/airflowalura/dags/twitter_dag.py
[2023-05-05 14:23:40,377] {processor.py:641} INFO - Processing file /home/kirsch/airflowalura/dags/twitter_dag.py for tasks to queue
[2023-05-05 14:23:40,378] {logging_mixin.py:115} INFO - [2023-05-05 14:23:40,378] {dagbag.py:507} INFO - Filling up the DagBag from /home/kirsch/airflowalura/dags/twitter_dag.py
[2023-05-05 14:23:40,383] {processor.py:651} INFO - DAG(s) dict_keys(['TwitterDag']) retrieved from /home/kirsch/airflowalura/dags/twitter_dag.py
[2023-05-05 14:23:40,394] {logging_mixin.py:115} INFO - [2023-05-05 14:23:40,394] {dag.py:2379} INFO - Sync 1 DAGs
[2023-05-05 14:23:40,405] {logging_mixin.py:115} INFO - [2023-05-05 14:23:40,405] {dag.py:2927} INFO - Setting next_dagrun for TwitterDag to 2023-05-05T00:00:00+00:00, run_after=2023-05-06T00:00:00+00:00
[2023-05-05 14:23:40,419] {processor.py:161} INFO - Processing /home/kirsch/airflowalura/dags/twitter_dag.py took 0.048 seconds
[2023-05-05 14:24:10,614] {processor.py:153} INFO - Started process (PID=7253) to work on /home/kirsch/airflowalura/dags/twitter_dag.py
[2023-05-05 14:24:10,615] {processor.py:641} INFO - Processing file /home/kirsch/airflowalura/dags/twitter_dag.py for tasks to queue
[2023-05-05 14:24:10,615] {logging_mixin.py:115} INFO - [2023-05-05 14:24:10,615] {dagbag.py:507} INFO - Filling up the DagBag from /home/kirsch/airflowalura/dags/twitter_dag.py
[2023-05-05 14:24:10,621] {processor.py:651} INFO - DAG(s) dict_keys(['TwitterDag']) retrieved from /home/kirsch/airflowalura/dags/twitter_dag.py
[2023-05-05 14:24:10,632] {logging_mixin.py:115} INFO - [2023-05-05 14:24:10,632] {dag.py:2379} INFO - Sync 1 DAGs
[2023-05-05 14:24:10,646] {logging_mixin.py:115} INFO - [2023-05-05 14:24:10,646] {dag.py:2927} INFO - Setting next_dagrun for TwitterDag to 2023-05-05T00:00:00+00:00, run_after=2023-05-06T00:00:00+00:00
[2023-05-05 14:24:10,659] {processor.py:161} INFO - Processing /home/kirsch/airflowalura/dags/twitter_dag.py took 0.049 seconds
[2023-05-05 14:24:40,855] {processor.py:153} INFO - Started process (PID=7337) to work on /home/kirsch/airflowalura/dags/twitter_dag.py
[2023-05-05 14:24:40,857] {processor.py:641} INFO - Processing file /home/kirsch/airflowalura/dags/twitter_dag.py for tasks to queue
[2023-05-05 14:24:40,858] {logging_mixin.py:115} INFO - [2023-05-05 14:24:40,858] {dagbag.py:507} INFO - Filling up the DagBag from /home/kirsch/airflowalura/dags/twitter_dag.py
[2023-05-05 14:24:40,864] {processor.py:651} INFO - DAG(s) dict_keys(['TwitterDag']) retrieved from /home/kirsch/airflowalura/dags/twitter_dag.py
[2023-05-05 14:24:40,875] {logging_mixin.py:115} INFO - [2023-05-05 14:24:40,875] {dag.py:2379} INFO - Sync 1 DAGs
[2023-05-05 14:24:40,889] {logging_mixin.py:115} INFO - [2023-05-05 14:24:40,889] {dag.py:2927} INFO - Setting next_dagrun for TwitterDag to 2023-05-05T00:00:00+00:00, run_after=2023-05-06T00:00:00+00:00
[2023-05-05 14:24:40,903] {processor.py:161} INFO - Processing /home/kirsch/airflowalura/dags/twitter_dag.py took 0.052 seconds
[2023-05-05 14:25:11,125] {processor.py:153} INFO - Started process (PID=8893) to work on /home/kirsch/airflowalura/dags/twitter_dag.py
[2023-05-05 14:25:11,127] {processor.py:641} INFO - Processing file /home/kirsch/airflowalura/dags/twitter_dag.py for tasks to queue
[2023-05-05 14:25:11,128] {logging_mixin.py:115} INFO - [2023-05-05 14:25:11,128] {dagbag.py:507} INFO - Filling up the DagBag from /home/kirsch/airflowalura/dags/twitter_dag.py
[2023-05-05 14:25:11,133] {processor.py:651} INFO - DAG(s) dict_keys(['TwitterDag']) retrieved from /home/kirsch/airflowalura/dags/twitter_dag.py
[2023-05-05 14:25:11,144] {logging_mixin.py:115} INFO - [2023-05-05 14:25:11,143] {dag.py:2379} INFO - Sync 1 DAGs
[2023-05-05 14:25:11,156] {logging_mixin.py:115} INFO - [2023-05-05 14:25:11,156] {dag.py:2927} INFO - Setting next_dagrun for TwitterDag to 2023-05-05T00:00:00+00:00, run_after=2023-05-06T00:00:00+00:00
[2023-05-05 14:25:11,173] {processor.py:161} INFO - Processing /home/kirsch/airflowalura/dags/twitter_dag.py took 0.052 seconds
[2023-05-05 14:25:41,418] {processor.py:153} INFO - Started process (PID=8909) to work on /home/kirsch/airflowalura/dags/twitter_dag.py
[2023-05-05 14:25:41,420] {processor.py:641} INFO - Processing file /home/kirsch/airflowalura/dags/twitter_dag.py for tasks to queue
[2023-05-05 14:25:41,421] {logging_mixin.py:115} INFO - [2023-05-05 14:25:41,421] {dagbag.py:507} INFO - Filling up the DagBag from /home/kirsch/airflowalura/dags/twitter_dag.py
[2023-05-05 14:25:41,426] {processor.py:651} INFO - DAG(s) dict_keys(['TwitterDag']) retrieved from /home/kirsch/airflowalura/dags/twitter_dag.py
[2023-05-05 14:25:41,437] {logging_mixin.py:115} INFO - [2023-05-05 14:25:41,437] {dag.py:2379} INFO - Sync 1 DAGs
[2023-05-05 14:25:41,450] {logging_mixin.py:115} INFO - [2023-05-05 14:25:41,450] {dag.py:2927} INFO - Setting next_dagrun for TwitterDag to 2023-05-05T00:00:00+00:00, run_after=2023-05-06T00:00:00+00:00
[2023-05-05 14:25:41,465] {processor.py:161} INFO - Processing /home/kirsch/airflowalura/dags/twitter_dag.py took 0.050 seconds
[2023-05-05 14:26:11,649] {processor.py:153} INFO - Started process (PID=8910) to work on /home/kirsch/airflowalura/dags/twitter_dag.py
[2023-05-05 14:26:11,650] {processor.py:641} INFO - Processing file /home/kirsch/airflowalura/dags/twitter_dag.py for tasks to queue
[2023-05-05 14:26:11,650] {logging_mixin.py:115} INFO - [2023-05-05 14:26:11,650] {dagbag.py:507} INFO - Filling up the DagBag from /home/kirsch/airflowalura/dags/twitter_dag.py
[2023-05-05 14:26:11,657] {processor.py:651} INFO - DAG(s) dict_keys(['TwitterDag']) retrieved from /home/kirsch/airflowalura/dags/twitter_dag.py
[2023-05-05 14:26:11,668] {logging_mixin.py:115} INFO - [2023-05-05 14:26:11,668] {dag.py:2379} INFO - Sync 1 DAGs
[2023-05-05 14:26:11,681] {logging_mixin.py:115} INFO - [2023-05-05 14:26:11,680] {dag.py:2927} INFO - Setting next_dagrun for TwitterDag to 2023-05-05T00:00:00+00:00, run_after=2023-05-06T00:00:00+00:00
[2023-05-05 14:26:11,696] {processor.py:161} INFO - Processing /home/kirsch/airflowalura/dags/twitter_dag.py took 0.049 seconds
[2023-05-05 14:26:41,895] {processor.py:153} INFO - Started process (PID=8916) to work on /home/kirsch/airflowalura/dags/twitter_dag.py
[2023-05-05 14:26:41,897] {processor.py:641} INFO - Processing file /home/kirsch/airflowalura/dags/twitter_dag.py for tasks to queue
[2023-05-05 14:26:41,897] {logging_mixin.py:115} INFO - [2023-05-05 14:26:41,897] {dagbag.py:507} INFO - Filling up the DagBag from /home/kirsch/airflowalura/dags/twitter_dag.py
[2023-05-05 14:26:41,904] {processor.py:651} INFO - DAG(s) dict_keys(['TwitterDag']) retrieved from /home/kirsch/airflowalura/dags/twitter_dag.py
[2023-05-05 14:26:41,916] {logging_mixin.py:115} INFO - [2023-05-05 14:26:41,916] {dag.py:2379} INFO - Sync 1 DAGs
[2023-05-05 14:26:41,929] {logging_mixin.py:115} INFO - [2023-05-05 14:26:41,929] {dag.py:2927} INFO - Setting next_dagrun for TwitterDag to 2023-05-05T00:00:00+00:00, run_after=2023-05-06T00:00:00+00:00
[2023-05-05 14:26:41,943] {processor.py:161} INFO - Processing /home/kirsch/airflowalura/dags/twitter_dag.py took 0.050 seconds
[2023-05-05 14:27:12,152] {processor.py:153} INFO - Started process (PID=8917) to work on /home/kirsch/airflowalura/dags/twitter_dag.py
[2023-05-05 14:27:12,152] {processor.py:641} INFO - Processing file /home/kirsch/airflowalura/dags/twitter_dag.py for tasks to queue
[2023-05-05 14:27:12,153] {logging_mixin.py:115} INFO - [2023-05-05 14:27:12,153] {dagbag.py:507} INFO - Filling up the DagBag from /home/kirsch/airflowalura/dags/twitter_dag.py
[2023-05-05 14:27:12,159] {processor.py:651} INFO - DAG(s) dict_keys(['TwitterDag']) retrieved from /home/kirsch/airflowalura/dags/twitter_dag.py
[2023-05-05 14:27:12,170] {logging_mixin.py:115} INFO - [2023-05-05 14:27:12,170] {dag.py:2379} INFO - Sync 1 DAGs
[2023-05-05 14:27:12,182] {logging_mixin.py:115} INFO - [2023-05-05 14:27:12,182] {dag.py:2927} INFO - Setting next_dagrun for TwitterDag to 2023-05-05T00:00:00+00:00, run_after=2023-05-06T00:00:00+00:00
[2023-05-05 14:27:12,197] {processor.py:161} INFO - Processing /home/kirsch/airflowalura/dags/twitter_dag.py took 0.047 seconds
[2023-05-05 14:27:42,370] {processor.py:153} INFO - Started process (PID=8935) to work on /home/kirsch/airflowalura/dags/twitter_dag.py
[2023-05-05 14:27:42,373] {processor.py:641} INFO - Processing file /home/kirsch/airflowalura/dags/twitter_dag.py for tasks to queue
[2023-05-05 14:27:42,373] {logging_mixin.py:115} INFO - [2023-05-05 14:27:42,373] {dagbag.py:507} INFO - Filling up the DagBag from /home/kirsch/airflowalura/dags/twitter_dag.py
[2023-05-05 14:27:42,381] {processor.py:651} INFO - DAG(s) dict_keys(['TwitterDag']) retrieved from /home/kirsch/airflowalura/dags/twitter_dag.py
[2023-05-05 14:27:42,393] {logging_mixin.py:115} INFO - [2023-05-05 14:27:42,393] {dag.py:2379} INFO - Sync 1 DAGs
[2023-05-05 14:27:42,413] {logging_mixin.py:115} INFO - [2023-05-05 14:27:42,412] {dag.py:2927} INFO - Setting next_dagrun for TwitterDag to 2023-05-05T00:00:00+00:00, run_after=2023-05-06T00:00:00+00:00
[2023-05-05 14:27:42,428] {processor.py:161} INFO - Processing /home/kirsch/airflowalura/dags/twitter_dag.py took 0.061 seconds
[2023-05-05 14:28:12,627] {processor.py:153} INFO - Started process (PID=8966) to work on /home/kirsch/airflowalura/dags/twitter_dag.py
[2023-05-05 14:28:12,629] {processor.py:641} INFO - Processing file /home/kirsch/airflowalura/dags/twitter_dag.py for tasks to queue
[2023-05-05 14:28:12,629] {logging_mixin.py:115} INFO - [2023-05-05 14:28:12,629] {dagbag.py:507} INFO - Filling up the DagBag from /home/kirsch/airflowalura/dags/twitter_dag.py
[2023-05-05 14:28:12,636] {processor.py:651} INFO - DAG(s) dict_keys(['TwitterDag']) retrieved from /home/kirsch/airflowalura/dags/twitter_dag.py
[2023-05-05 14:28:12,647] {logging_mixin.py:115} INFO - [2023-05-05 14:28:12,647] {dag.py:2379} INFO - Sync 1 DAGs
[2023-05-05 14:28:12,662] {logging_mixin.py:115} INFO - [2023-05-05 14:28:12,662] {dag.py:2927} INFO - Setting next_dagrun for TwitterDag to 2023-05-05T00:00:00+00:00, run_after=2023-05-06T00:00:00+00:00
[2023-05-05 14:28:12,678] {processor.py:161} INFO - Processing /home/kirsch/airflowalura/dags/twitter_dag.py took 0.054 seconds
[2023-05-05 14:28:42,909] {processor.py:153} INFO - Started process (PID=8969) to work on /home/kirsch/airflowalura/dags/twitter_dag.py
[2023-05-05 14:28:42,909] {processor.py:641} INFO - Processing file /home/kirsch/airflowalura/dags/twitter_dag.py for tasks to queue
[2023-05-05 14:28:42,910] {logging_mixin.py:115} INFO - [2023-05-05 14:28:42,910] {dagbag.py:507} INFO - Filling up the DagBag from /home/kirsch/airflowalura/dags/twitter_dag.py
[2023-05-05 14:28:42,919] {processor.py:651} INFO - DAG(s) dict_keys(['TwitterDag']) retrieved from /home/kirsch/airflowalura/dags/twitter_dag.py
[2023-05-05 14:28:42,932] {logging_mixin.py:115} INFO - [2023-05-05 14:28:42,932] {dag.py:2379} INFO - Sync 1 DAGs
[2023-05-05 14:28:42,947] {logging_mixin.py:115} INFO - [2023-05-05 14:28:42,947] {dag.py:2927} INFO - Setting next_dagrun for TwitterDag to 2023-05-05T00:00:00+00:00, run_after=2023-05-06T00:00:00+00:00
[2023-05-05 14:28:42,962] {processor.py:161} INFO - Processing /home/kirsch/airflowalura/dags/twitter_dag.py took 0.057 seconds
[2023-05-05 14:29:13,169] {processor.py:153} INFO - Started process (PID=8974) to work on /home/kirsch/airflowalura/dags/twitter_dag.py
[2023-05-05 14:29:13,172] {processor.py:641} INFO - Processing file /home/kirsch/airflowalura/dags/twitter_dag.py for tasks to queue
[2023-05-05 14:29:13,173] {logging_mixin.py:115} INFO - [2023-05-05 14:29:13,173] {dagbag.py:507} INFO - Filling up the DagBag from /home/kirsch/airflowalura/dags/twitter_dag.py
[2023-05-05 14:29:13,183] {processor.py:651} INFO - DAG(s) dict_keys(['TwitterDag']) retrieved from /home/kirsch/airflowalura/dags/twitter_dag.py
[2023-05-05 14:29:13,194] {logging_mixin.py:115} INFO - [2023-05-05 14:29:13,194] {dag.py:2379} INFO - Sync 1 DAGs
[2023-05-05 14:29:13,208] {logging_mixin.py:115} INFO - [2023-05-05 14:29:13,208] {dag.py:2927} INFO - Setting next_dagrun for TwitterDag to 2023-05-05T00:00:00+00:00, run_after=2023-05-06T00:00:00+00:00
[2023-05-05 14:29:13,224] {processor.py:161} INFO - Processing /home/kirsch/airflowalura/dags/twitter_dag.py took 0.060 seconds
[2023-05-05 14:29:43,580] {processor.py:153} INFO - Started process (PID=9004) to work on /home/kirsch/airflowalura/dags/twitter_dag.py
[2023-05-05 14:29:43,581] {processor.py:641} INFO - Processing file /home/kirsch/airflowalura/dags/twitter_dag.py for tasks to queue
[2023-05-05 14:29:43,581] {logging_mixin.py:115} INFO - [2023-05-05 14:29:43,581] {dagbag.py:507} INFO - Filling up the DagBag from /home/kirsch/airflowalura/dags/twitter_dag.py
[2023-05-05 14:29:43,591] {processor.py:651} INFO - DAG(s) dict_keys(['TwitterDag']) retrieved from /home/kirsch/airflowalura/dags/twitter_dag.py
[2023-05-05 14:29:43,604] {logging_mixin.py:115} INFO - [2023-05-05 14:29:43,604] {dag.py:2379} INFO - Sync 1 DAGs
[2023-05-05 14:29:43,622] {logging_mixin.py:115} INFO - [2023-05-05 14:29:43,621] {dag.py:2927} INFO - Setting next_dagrun for TwitterDag to 2023-05-05T00:00:00+00:00, run_after=2023-05-06T00:00:00+00:00
[2023-05-05 14:29:43,642] {processor.py:161} INFO - Processing /home/kirsch/airflowalura/dags/twitter_dag.py took 0.064 seconds
[2023-05-05 14:30:13,863] {processor.py:153} INFO - Started process (PID=9041) to work on /home/kirsch/airflowalura/dags/twitter_dag.py
[2023-05-05 14:30:13,866] {processor.py:641} INFO - Processing file /home/kirsch/airflowalura/dags/twitter_dag.py for tasks to queue
[2023-05-05 14:30:13,867] {logging_mixin.py:115} INFO - [2023-05-05 14:30:13,866] {dagbag.py:507} INFO - Filling up the DagBag from /home/kirsch/airflowalura/dags/twitter_dag.py
[2023-05-05 14:30:13,875] {processor.py:651} INFO - DAG(s) dict_keys(['TwitterDag']) retrieved from /home/kirsch/airflowalura/dags/twitter_dag.py
[2023-05-05 14:30:13,890] {logging_mixin.py:115} INFO - [2023-05-05 14:30:13,890] {dag.py:2379} INFO - Sync 1 DAGs
[2023-05-05 14:30:13,906] {logging_mixin.py:115} INFO - [2023-05-05 14:30:13,906] {dag.py:2927} INFO - Setting next_dagrun for TwitterDag to 2023-05-05T00:00:00+00:00, run_after=2023-05-06T00:00:00+00:00
[2023-05-05 14:30:13,923] {processor.py:161} INFO - Processing /home/kirsch/airflowalura/dags/twitter_dag.py took 0.062 seconds
[2023-05-05 14:30:44,133] {processor.py:153} INFO - Started process (PID=9048) to work on /home/kirsch/airflowalura/dags/twitter_dag.py
[2023-05-05 14:30:44,134] {processor.py:641} INFO - Processing file /home/kirsch/airflowalura/dags/twitter_dag.py for tasks to queue
[2023-05-05 14:30:44,135] {logging_mixin.py:115} INFO - [2023-05-05 14:30:44,135] {dagbag.py:507} INFO - Filling up the DagBag from /home/kirsch/airflowalura/dags/twitter_dag.py
[2023-05-05 14:30:44,142] {processor.py:651} INFO - DAG(s) dict_keys(['TwitterDag']) retrieved from /home/kirsch/airflowalura/dags/twitter_dag.py
[2023-05-05 14:30:44,153] {logging_mixin.py:115} INFO - [2023-05-05 14:30:44,153] {dag.py:2379} INFO - Sync 1 DAGs
[2023-05-05 14:30:44,165] {logging_mixin.py:115} INFO - [2023-05-05 14:30:44,165] {dag.py:2927} INFO - Setting next_dagrun for TwitterDag to 2023-05-05T00:00:00+00:00, run_after=2023-05-06T00:00:00+00:00
[2023-05-05 14:30:44,179] {processor.py:161} INFO - Processing /home/kirsch/airflowalura/dags/twitter_dag.py took 0.049 seconds
[2023-05-05 14:31:14,387] {processor.py:153} INFO - Started process (PID=9069) to work on /home/kirsch/airflowalura/dags/twitter_dag.py
[2023-05-05 14:31:14,388] {processor.py:641} INFO - Processing file /home/kirsch/airflowalura/dags/twitter_dag.py for tasks to queue
[2023-05-05 14:31:14,388] {logging_mixin.py:115} INFO - [2023-05-05 14:31:14,388] {dagbag.py:507} INFO - Filling up the DagBag from /home/kirsch/airflowalura/dags/twitter_dag.py
[2023-05-05 14:31:14,396] {processor.py:651} INFO - DAG(s) dict_keys(['TwitterDag']) retrieved from /home/kirsch/airflowalura/dags/twitter_dag.py
[2023-05-05 14:31:14,414] {logging_mixin.py:115} INFO - [2023-05-05 14:31:14,414] {dag.py:2379} INFO - Sync 1 DAGs
[2023-05-05 14:31:14,435] {logging_mixin.py:115} INFO - [2023-05-05 14:31:14,435] {dag.py:2927} INFO - Setting next_dagrun for TwitterDag to 2023-05-05T00:00:00+00:00, run_after=2023-05-06T00:00:00+00:00
[2023-05-05 14:31:14,450] {processor.py:161} INFO - Processing /home/kirsch/airflowalura/dags/twitter_dag.py took 0.066 seconds
[2023-05-05 14:31:44,819] {processor.py:153} INFO - Started process (PID=9081) to work on /home/kirsch/airflowalura/dags/twitter_dag.py
[2023-05-05 14:31:44,821] {processor.py:641} INFO - Processing file /home/kirsch/airflowalura/dags/twitter_dag.py for tasks to queue
[2023-05-05 14:31:44,822] {logging_mixin.py:115} INFO - [2023-05-05 14:31:44,822] {dagbag.py:507} INFO - Filling up the DagBag from /home/kirsch/airflowalura/dags/twitter_dag.py
[2023-05-05 14:31:44,846] {processor.py:651} INFO - DAG(s) dict_keys(['TwitterDag']) retrieved from /home/kirsch/airflowalura/dags/twitter_dag.py
[2023-05-05 14:31:44,891] {logging_mixin.py:115} INFO - [2023-05-05 14:31:44,890] {dag.py:2379} INFO - Sync 1 DAGs
[2023-05-05 14:31:44,948] {logging_mixin.py:115} INFO - [2023-05-05 14:31:44,948] {dag.py:2927} INFO - Setting next_dagrun for TwitterDag to 2023-05-05T00:00:00+00:00, run_after=2023-05-06T00:00:00+00:00
[2023-05-05 14:31:45,001] {processor.py:161} INFO - Processing /home/kirsch/airflowalura/dags/twitter_dag.py took 0.193 seconds
[2023-05-05 14:32:15,156] {processor.py:153} INFO - Started process (PID=9113) to work on /home/kirsch/airflowalura/dags/twitter_dag.py
[2023-05-05 14:32:15,162] {processor.py:641} INFO - Processing file /home/kirsch/airflowalura/dags/twitter_dag.py for tasks to queue
[2023-05-05 14:32:15,163] {logging_mixin.py:115} INFO - [2023-05-05 14:32:15,162] {dagbag.py:507} INFO - Filling up the DagBag from /home/kirsch/airflowalura/dags/twitter_dag.py
[2023-05-05 14:32:15,172] {processor.py:651} INFO - DAG(s) dict_keys(['TwitterDag']) retrieved from /home/kirsch/airflowalura/dags/twitter_dag.py
[2023-05-05 14:32:15,196] {logging_mixin.py:115} INFO - [2023-05-05 14:32:15,196] {dag.py:2379} INFO - Sync 1 DAGs
[2023-05-05 14:32:15,215] {logging_mixin.py:115} INFO - [2023-05-05 14:32:15,215] {dag.py:2927} INFO - Setting next_dagrun for TwitterDag to 2023-05-05T00:00:00+00:00, run_after=2023-05-06T00:00:00+00:00
[2023-05-05 14:32:15,233] {processor.py:161} INFO - Processing /home/kirsch/airflowalura/dags/twitter_dag.py took 0.081 seconds
[2023-05-05 14:32:45,609] {processor.py:153} INFO - Started process (PID=9145) to work on /home/kirsch/airflowalura/dags/twitter_dag.py
[2023-05-05 14:32:45,610] {processor.py:641} INFO - Processing file /home/kirsch/airflowalura/dags/twitter_dag.py for tasks to queue
[2023-05-05 14:32:45,611] {logging_mixin.py:115} INFO - [2023-05-05 14:32:45,610] {dagbag.py:507} INFO - Filling up the DagBag from /home/kirsch/airflowalura/dags/twitter_dag.py
[2023-05-05 14:32:45,624] {processor.py:651} INFO - DAG(s) dict_keys(['TwitterDag']) retrieved from /home/kirsch/airflowalura/dags/twitter_dag.py
[2023-05-05 14:32:45,663] {logging_mixin.py:115} INFO - [2023-05-05 14:32:45,662] {dag.py:2379} INFO - Sync 1 DAGs
[2023-05-05 14:32:45,702] {logging_mixin.py:115} INFO - [2023-05-05 14:32:45,702] {dag.py:2927} INFO - Setting next_dagrun for TwitterDag to 2023-05-05T00:00:00+00:00, run_after=2023-05-06T00:00:00+00:00
[2023-05-05 14:32:45,753] {processor.py:161} INFO - Processing /home/kirsch/airflowalura/dags/twitter_dag.py took 0.152 seconds
[2023-05-05 14:33:16,021] {processor.py:153} INFO - Started process (PID=9187) to work on /home/kirsch/airflowalura/dags/twitter_dag.py
[2023-05-05 14:33:16,023] {processor.py:641} INFO - Processing file /home/kirsch/airflowalura/dags/twitter_dag.py for tasks to queue
[2023-05-05 14:33:16,023] {logging_mixin.py:115} INFO - [2023-05-05 14:33:16,023] {dagbag.py:507} INFO - Filling up the DagBag from /home/kirsch/airflowalura/dags/twitter_dag.py
[2023-05-05 14:33:16,031] {processor.py:651} INFO - DAG(s) dict_keys(['TwitterDag']) retrieved from /home/kirsch/airflowalura/dags/twitter_dag.py
[2023-05-05 14:33:16,043] {logging_mixin.py:115} INFO - [2023-05-05 14:33:16,043] {dag.py:2379} INFO - Sync 1 DAGs
[2023-05-05 14:33:16,058] {logging_mixin.py:115} INFO - [2023-05-05 14:33:16,058] {dag.py:2927} INFO - Setting next_dagrun for TwitterDag to 2023-05-05T00:00:00+00:00, run_after=2023-05-06T00:00:00+00:00
[2023-05-05 14:33:16,073] {processor.py:161} INFO - Processing /home/kirsch/airflowalura/dags/twitter_dag.py took 0.056 seconds
[2023-05-05 14:33:46,409] {processor.py:153} INFO - Started process (PID=9225) to work on /home/kirsch/airflowalura/dags/twitter_dag.py
[2023-05-05 14:33:46,409] {processor.py:641} INFO - Processing file /home/kirsch/airflowalura/dags/twitter_dag.py for tasks to queue
[2023-05-05 14:33:46,409] {logging_mixin.py:115} INFO - [2023-05-05 14:33:46,409] {dagbag.py:507} INFO - Filling up the DagBag from /home/kirsch/airflowalura/dags/twitter_dag.py
[2023-05-05 14:33:46,416] {processor.py:651} INFO - DAG(s) dict_keys(['TwitterDag']) retrieved from /home/kirsch/airflowalura/dags/twitter_dag.py
[2023-05-05 14:33:46,426] {logging_mixin.py:115} INFO - [2023-05-05 14:33:46,426] {dag.py:2379} INFO - Sync 1 DAGs
[2023-05-05 14:33:46,442] {logging_mixin.py:115} INFO - [2023-05-05 14:33:46,442] {dag.py:2927} INFO - Setting next_dagrun for TwitterDag to 2023-05-05T00:00:00+00:00, run_after=2023-05-06T00:00:00+00:00
[2023-05-05 14:33:46,468] {processor.py:161} INFO - Processing /home/kirsch/airflowalura/dags/twitter_dag.py took 0.062 seconds
[2023-05-05 14:34:16,670] {processor.py:153} INFO - Started process (PID=9235) to work on /home/kirsch/airflowalura/dags/twitter_dag.py
[2023-05-05 14:34:16,671] {processor.py:641} INFO - Processing file /home/kirsch/airflowalura/dags/twitter_dag.py for tasks to queue
[2023-05-05 14:34:16,671] {logging_mixin.py:115} INFO - [2023-05-05 14:34:16,671] {dagbag.py:507} INFO - Filling up the DagBag from /home/kirsch/airflowalura/dags/twitter_dag.py
[2023-05-05 14:34:16,679] {processor.py:651} INFO - DAG(s) dict_keys(['TwitterDag']) retrieved from /home/kirsch/airflowalura/dags/twitter_dag.py
[2023-05-05 14:34:16,691] {logging_mixin.py:115} INFO - [2023-05-05 14:34:16,691] {dag.py:2379} INFO - Sync 1 DAGs
[2023-05-05 14:34:16,704] {logging_mixin.py:115} INFO - [2023-05-05 14:34:16,704] {dag.py:2927} INFO - Setting next_dagrun for TwitterDag to 2023-05-05T00:00:00+00:00, run_after=2023-05-06T00:00:00+00:00
[2023-05-05 14:34:16,722] {processor.py:161} INFO - Processing /home/kirsch/airflowalura/dags/twitter_dag.py took 0.054 seconds
[2023-05-05 14:34:47,208] {processor.py:153} INFO - Started process (PID=9242) to work on /home/kirsch/airflowalura/dags/twitter_dag.py
[2023-05-05 14:34:47,209] {processor.py:641} INFO - Processing file /home/kirsch/airflowalura/dags/twitter_dag.py for tasks to queue
[2023-05-05 14:34:47,210] {logging_mixin.py:115} INFO - [2023-05-05 14:34:47,210] {dagbag.py:507} INFO - Filling up the DagBag from /home/kirsch/airflowalura/dags/twitter_dag.py
[2023-05-05 14:34:47,227] {processor.py:651} INFO - DAG(s) dict_keys(['TwitterDag']) retrieved from /home/kirsch/airflowalura/dags/twitter_dag.py
[2023-05-05 14:34:47,257] {logging_mixin.py:115} INFO - [2023-05-05 14:34:47,257] {dag.py:2379} INFO - Sync 1 DAGs
[2023-05-05 14:34:47,286] {logging_mixin.py:115} INFO - [2023-05-05 14:34:47,286] {dag.py:2927} INFO - Setting next_dagrun for TwitterDag to 2023-05-05T00:00:00+00:00, run_after=2023-05-06T00:00:00+00:00
[2023-05-05 14:34:47,320] {processor.py:161} INFO - Processing /home/kirsch/airflowalura/dags/twitter_dag.py took 0.115 seconds
[2023-05-05 14:35:17,513] {processor.py:153} INFO - Started process (PID=9246) to work on /home/kirsch/airflowalura/dags/twitter_dag.py
[2023-05-05 14:35:17,514] {processor.py:641} INFO - Processing file /home/kirsch/airflowalura/dags/twitter_dag.py for tasks to queue
[2023-05-05 14:35:17,514] {logging_mixin.py:115} INFO - [2023-05-05 14:35:17,514] {dagbag.py:507} INFO - Filling up the DagBag from /home/kirsch/airflowalura/dags/twitter_dag.py
[2023-05-05 14:35:17,520] {processor.py:651} INFO - DAG(s) dict_keys(['TwitterDag']) retrieved from /home/kirsch/airflowalura/dags/twitter_dag.py
[2023-05-05 14:35:17,532] {logging_mixin.py:115} INFO - [2023-05-05 14:35:17,532] {dag.py:2379} INFO - Sync 1 DAGs
[2023-05-05 14:35:17,547] {logging_mixin.py:115} INFO - [2023-05-05 14:35:17,547] {dag.py:2927} INFO - Setting next_dagrun for TwitterDag to 2023-05-05T00:00:00+00:00, run_after=2023-05-06T00:00:00+00:00
[2023-05-05 14:35:17,565] {processor.py:161} INFO - Processing /home/kirsch/airflowalura/dags/twitter_dag.py took 0.054 seconds
[2023-05-05 14:35:47,732] {processor.py:153} INFO - Started process (PID=9248) to work on /home/kirsch/airflowalura/dags/twitter_dag.py
[2023-05-05 14:35:47,732] {processor.py:641} INFO - Processing file /home/kirsch/airflowalura/dags/twitter_dag.py for tasks to queue
[2023-05-05 14:35:47,733] {logging_mixin.py:115} INFO - [2023-05-05 14:35:47,733] {dagbag.py:507} INFO - Filling up the DagBag from /home/kirsch/airflowalura/dags/twitter_dag.py
[2023-05-05 14:35:47,740] {processor.py:651} INFO - DAG(s) dict_keys(['TwitterDag']) retrieved from /home/kirsch/airflowalura/dags/twitter_dag.py
[2023-05-05 14:35:47,751] {logging_mixin.py:115} INFO - [2023-05-05 14:35:47,751] {dag.py:2379} INFO - Sync 1 DAGs
[2023-05-05 14:35:47,765] {logging_mixin.py:115} INFO - [2023-05-05 14:35:47,764] {dag.py:2927} INFO - Setting next_dagrun for TwitterDag to 2023-05-05T00:00:00+00:00, run_after=2023-05-06T00:00:00+00:00
[2023-05-05 14:35:47,779] {processor.py:161} INFO - Processing /home/kirsch/airflowalura/dags/twitter_dag.py took 0.050 seconds
[2023-05-05 14:36:17,959] {processor.py:153} INFO - Started process (PID=9249) to work on /home/kirsch/airflowalura/dags/twitter_dag.py
[2023-05-05 14:36:17,962] {processor.py:641} INFO - Processing file /home/kirsch/airflowalura/dags/twitter_dag.py for tasks to queue
[2023-05-05 14:36:17,962] {logging_mixin.py:115} INFO - [2023-05-05 14:36:17,962] {dagbag.py:507} INFO - Filling up the DagBag from /home/kirsch/airflowalura/dags/twitter_dag.py
[2023-05-05 14:36:17,969] {processor.py:651} INFO - DAG(s) dict_keys(['TwitterDag']) retrieved from /home/kirsch/airflowalura/dags/twitter_dag.py
[2023-05-05 14:36:17,980] {logging_mixin.py:115} INFO - [2023-05-05 14:36:17,980] {dag.py:2379} INFO - Sync 1 DAGs
[2023-05-05 14:36:17,993] {logging_mixin.py:115} INFO - [2023-05-05 14:36:17,993] {dag.py:2927} INFO - Setting next_dagrun for TwitterDag to 2023-05-05T00:00:00+00:00, run_after=2023-05-06T00:00:00+00:00
[2023-05-05 14:36:18,007] {processor.py:161} INFO - Processing /home/kirsch/airflowalura/dags/twitter_dag.py took 0.050 seconds
[2023-05-05 14:36:48,320] {processor.py:153} INFO - Started process (PID=9264) to work on /home/kirsch/airflowalura/dags/twitter_dag.py
[2023-05-05 14:36:48,323] {processor.py:641} INFO - Processing file /home/kirsch/airflowalura/dags/twitter_dag.py for tasks to queue
[2023-05-05 14:36:48,324] {logging_mixin.py:115} INFO - [2023-05-05 14:36:48,324] {dagbag.py:507} INFO - Filling up the DagBag from /home/kirsch/airflowalura/dags/twitter_dag.py
[2023-05-05 14:36:48,333] {processor.py:651} INFO - DAG(s) dict_keys(['TwitterDag']) retrieved from /home/kirsch/airflowalura/dags/twitter_dag.py
[2023-05-05 14:36:48,353] {logging_mixin.py:115} INFO - [2023-05-05 14:36:48,353] {dag.py:2379} INFO - Sync 1 DAGs
[2023-05-05 14:36:48,380] {logging_mixin.py:115} INFO - [2023-05-05 14:36:48,380] {dag.py:2927} INFO - Setting next_dagrun for TwitterDag to 2023-05-05T00:00:00+00:00, run_after=2023-05-06T00:00:00+00:00
[2023-05-05 14:36:48,404] {processor.py:161} INFO - Processing /home/kirsch/airflowalura/dags/twitter_dag.py took 0.087 seconds
[2023-05-05 14:37:18,644] {processor.py:153} INFO - Started process (PID=9268) to work on /home/kirsch/airflowalura/dags/twitter_dag.py
[2023-05-05 14:37:18,646] {processor.py:641} INFO - Processing file /home/kirsch/airflowalura/dags/twitter_dag.py for tasks to queue
[2023-05-05 14:37:18,647] {logging_mixin.py:115} INFO - [2023-05-05 14:37:18,647] {dagbag.py:507} INFO - Filling up the DagBag from /home/kirsch/airflowalura/dags/twitter_dag.py
[2023-05-05 14:37:18,653] {processor.py:651} INFO - DAG(s) dict_keys(['TwitterDag']) retrieved from /home/kirsch/airflowalura/dags/twitter_dag.py
[2023-05-05 14:37:18,666] {logging_mixin.py:115} INFO - [2023-05-05 14:37:18,666] {dag.py:2379} INFO - Sync 1 DAGs
[2023-05-05 14:37:18,679] {logging_mixin.py:115} INFO - [2023-05-05 14:37:18,679] {dag.py:2927} INFO - Setting next_dagrun for TwitterDag to 2023-05-05T00:00:00+00:00, run_after=2023-05-06T00:00:00+00:00
[2023-05-05 14:37:18,701] {processor.py:161} INFO - Processing /home/kirsch/airflowalura/dags/twitter_dag.py took 0.058 seconds
[2023-05-05 14:37:48,882] {processor.py:153} INFO - Started process (PID=9269) to work on /home/kirsch/airflowalura/dags/twitter_dag.py
[2023-05-05 14:37:48,883] {processor.py:641} INFO - Processing file /home/kirsch/airflowalura/dags/twitter_dag.py for tasks to queue
[2023-05-05 14:37:48,883] {logging_mixin.py:115} INFO - [2023-05-05 14:37:48,883] {dagbag.py:507} INFO - Filling up the DagBag from /home/kirsch/airflowalura/dags/twitter_dag.py
[2023-05-05 14:37:48,892] {processor.py:651} INFO - DAG(s) dict_keys(['TwitterDag']) retrieved from /home/kirsch/airflowalura/dags/twitter_dag.py
[2023-05-05 14:37:48,903] {logging_mixin.py:115} INFO - [2023-05-05 14:37:48,903] {dag.py:2379} INFO - Sync 1 DAGs
[2023-05-05 14:37:48,915] {logging_mixin.py:115} INFO - [2023-05-05 14:37:48,915] {dag.py:2927} INFO - Setting next_dagrun for TwitterDag to 2023-05-05T00:00:00+00:00, run_after=2023-05-06T00:00:00+00:00
[2023-05-05 14:37:48,930] {processor.py:161} INFO - Processing /home/kirsch/airflowalura/dags/twitter_dag.py took 0.054 seconds
[2023-05-05 14:38:19,086] {processor.py:153} INFO - Started process (PID=9273) to work on /home/kirsch/airflowalura/dags/twitter_dag.py
[2023-05-05 14:38:19,087] {processor.py:641} INFO - Processing file /home/kirsch/airflowalura/dags/twitter_dag.py for tasks to queue
[2023-05-05 14:38:19,088] {logging_mixin.py:115} INFO - [2023-05-05 14:38:19,088] {dagbag.py:507} INFO - Filling up the DagBag from /home/kirsch/airflowalura/dags/twitter_dag.py
[2023-05-05 14:38:19,094] {processor.py:651} INFO - DAG(s) dict_keys(['TwitterDag']) retrieved from /home/kirsch/airflowalura/dags/twitter_dag.py
[2023-05-05 14:38:19,106] {logging_mixin.py:115} INFO - [2023-05-05 14:38:19,106] {dag.py:2379} INFO - Sync 1 DAGs
[2023-05-05 14:38:19,118] {logging_mixin.py:115} INFO - [2023-05-05 14:38:19,118] {dag.py:2927} INFO - Setting next_dagrun for TwitterDag to 2023-05-05T00:00:00+00:00, run_after=2023-05-06T00:00:00+00:00
[2023-05-05 14:38:19,134] {processor.py:161} INFO - Processing /home/kirsch/airflowalura/dags/twitter_dag.py took 0.050 seconds
