[2023-05-09 10:54:31,371] {taskinstance.py:1159} INFO - Dependencies all met for <TaskInstance: TwitterDag.transform_twitter_datascience scheduled__2023-05-05T00:00:00+00:00 [queued]>
[2023-05-09 10:54:31,375] {taskinstance.py:1159} INFO - Dependencies all met for <TaskInstance: TwitterDag.transform_twitter_datascience scheduled__2023-05-05T00:00:00+00:00 [queued]>
[2023-05-09 10:54:31,375] {taskinstance.py:1356} INFO - 
--------------------------------------------------------------------------------
[2023-05-09 10:54:31,376] {taskinstance.py:1357} INFO - Starting attempt 1 of 1
[2023-05-09 10:54:31,376] {taskinstance.py:1358} INFO - 
--------------------------------------------------------------------------------
[2023-05-09 10:54:31,400] {taskinstance.py:1377} INFO - Executing <Task(SparkSubmitOperator): transform_twitter_datascience> on 2023-05-05 00:00:00+00:00
[2023-05-09 10:54:31,404] {standard_task_runner.py:52} INFO - Started process 17334 to run task
[2023-05-09 10:54:31,407] {standard_task_runner.py:79} INFO - Running: ['airflow', 'tasks', 'run', 'TwitterDag', 'transform_twitter_datascience', 'scheduled__2023-05-05T00:00:00+00:00', '--job-id', '16', '--raw', '--subdir', 'DAGS_FOLDER/twitter_dag.py', '--cfg-path', '/tmp/tmp8_84ldqw', '--error-file', '/tmp/tmpv4docv2n']
[2023-05-09 10:54:31,407] {standard_task_runner.py:80} INFO - Job 16: Subtask transform_twitter_datascience
[2023-05-09 10:54:31,470] {task_command.py:370} INFO - Running <TaskInstance: TwitterDag.transform_twitter_datascience scheduled__2023-05-05T00:00:00+00:00 [running]> on host kirsch-Virtual-Machine
[2023-05-09 10:54:31,542] {taskinstance.py:1569} INFO - Exporting the following env vars:
AIRFLOW_CTX_DAG_OWNER=airflow
AIRFLOW_CTX_DAG_ID=TwitterDag
AIRFLOW_CTX_TASK_ID=transform_twitter_datascience
AIRFLOW_CTX_EXECUTION_DATE=2023-05-05T00:00:00+00:00
AIRFLOW_CTX_TRY_NUMBER=1
AIRFLOW_CTX_DAG_RUN_ID=scheduled__2023-05-05T00:00:00+00:00
[2023-05-09 10:54:31,545] {base.py:68} INFO - Using connection ID 'spark_default' for task execution.
[2023-05-09 10:54:31,547] {spark_submit.py:339} INFO - Spark-Submit cmd: spark-submit --master local --name twitter_transformation /home/kirsch/airflow-alura/src/spark/transformation.py --src /home/kirsch/airflow-alura/datalake/Bronze/twitter_datascience/extract_date=2023-05-05 --dest /home/kirsch/airflow-alura/datalake/Silver/twitter_datascience/ --process-date 2023-05-05
[2023-05-09 10:54:32,739] {spark_submit.py:490} INFO - 23/05/09 10:54:32 WARN Utils: Your hostname, kirsch-Virtual-Machine resolves to a loopback address: 127.0.1.1; using 172.18.244.229 instead (on interface eth0)
[2023-05-09 10:54:32,740] {spark_submit.py:490} INFO - 23/05/09 10:54:32 WARN Utils: Set SPARK_LOCAL_IP if you need to bind to another address
[2023-05-09 10:54:33,659] {spark_submit.py:490} INFO - Using Spark's default log4j profile: org/apache/spark/log4j-defaults.properties
[2023-05-09 10:54:33,669] {spark_submit.py:490} INFO - 23/05/09 10:54:33 INFO SparkContext: Running Spark version 3.2.4
[2023-05-09 10:54:33,774] {spark_submit.py:490} INFO - 23/05/09 10:54:33 WARN NativeCodeLoader: Unable to load native-hadoop library for your platform... using builtin-java classes where applicable
[2023-05-09 10:54:33,877] {spark_submit.py:490} INFO - 23/05/09 10:54:33 INFO ResourceUtils: ==============================================================
[2023-05-09 10:54:33,877] {spark_submit.py:490} INFO - 23/05/09 10:54:33 INFO ResourceUtils: No custom resources configured for spark.driver.
[2023-05-09 10:54:33,877] {spark_submit.py:490} INFO - 23/05/09 10:54:33 INFO ResourceUtils: ==============================================================
[2023-05-09 10:54:33,879] {spark_submit.py:490} INFO - 23/05/09 10:54:33 INFO SparkContext: Submitted application: twitter_transformation
[2023-05-09 10:54:33,916] {spark_submit.py:490} INFO - 23/05/09 10:54:33 INFO ResourceProfile: Default ResourceProfile created, executor resources: Map(cores -> name: cores, amount: 1, script: , vendor: , memory -> name: memory, amount: 1024, script: , vendor: , offHeap -> name: offHeap, amount: 0, script: , vendor: ), task resources: Map(cpus -> name: cpus, amount: 1.0)
[2023-05-09 10:54:33,938] {spark_submit.py:490} INFO - 23/05/09 10:54:33 INFO ResourceProfile: Limiting resource is cpu
[2023-05-09 10:54:33,938] {spark_submit.py:490} INFO - 23/05/09 10:54:33 INFO ResourceProfileManager: Added ResourceProfile id: 0
[2023-05-09 10:54:34,009] {spark_submit.py:490} INFO - 23/05/09 10:54:34 INFO SecurityManager: Changing view acls to: kirsch
[2023-05-09 10:54:34,010] {spark_submit.py:490} INFO - 23/05/09 10:54:34 INFO SecurityManager: Changing modify acls to: kirsch
[2023-05-09 10:54:34,010] {spark_submit.py:490} INFO - 23/05/09 10:54:34 INFO SecurityManager: Changing view acls groups to:
[2023-05-09 10:54:34,010] {spark_submit.py:490} INFO - 23/05/09 10:54:34 INFO SecurityManager: Changing modify acls groups to:
[2023-05-09 10:54:34,011] {spark_submit.py:490} INFO - 23/05/09 10:54:34 INFO SecurityManager: SecurityManager: authentication disabled; ui acls disabled; users  with view permissions: Set(kirsch); groups with view permissions: Set(); users  with modify permissions: Set(kirsch); groups with modify permissions: Set()
[2023-05-09 10:54:34,252] {spark_submit.py:490} INFO - 23/05/09 10:54:34 INFO Utils: Successfully started service 'sparkDriver' on port 38009.
[2023-05-09 10:54:34,284] {spark_submit.py:490} INFO - 23/05/09 10:54:34 INFO SparkEnv: Registering MapOutputTracker
[2023-05-09 10:54:34,325] {spark_submit.py:490} INFO - 23/05/09 10:54:34 INFO SparkEnv: Registering BlockManagerMaster
[2023-05-09 10:54:34,343] {spark_submit.py:490} INFO - 23/05/09 10:54:34 INFO BlockManagerMasterEndpoint: Using org.apache.spark.storage.DefaultTopologyMapper for getting topology information
[2023-05-09 10:54:34,344] {spark_submit.py:490} INFO - 23/05/09 10:54:34 INFO BlockManagerMasterEndpoint: BlockManagerMasterEndpoint up
[2023-05-09 10:54:34,347] {spark_submit.py:490} INFO - 23/05/09 10:54:34 INFO SparkEnv: Registering BlockManagerMasterHeartbeat
[2023-05-09 10:54:34,373] {spark_submit.py:490} INFO - 23/05/09 10:54:34 INFO DiskBlockManager: Created local directory at /tmp/blockmgr-0afa7610-b76f-4e63-af54-4a46a53a2ea0
[2023-05-09 10:54:34,398] {spark_submit.py:490} INFO - 23/05/09 10:54:34 INFO MemoryStore: MemoryStore started with capacity 366.3 MiB
[2023-05-09 10:54:34,424] {spark_submit.py:490} INFO - 23/05/09 10:54:34 INFO SparkEnv: Registering OutputCommitCoordinator
[2023-05-09 10:54:34,691] {spark_submit.py:490} INFO - 23/05/09 10:54:34 INFO Utils: Successfully started service 'SparkUI' on port 4040.
[2023-05-09 10:54:34,767] {spark_submit.py:490} INFO - 23/05/09 10:54:34 INFO SparkUI: Bound SparkUI to 0.0.0.0, and started at http://kirsch-Virtual-Machine.mshome.net:4040
[2023-05-09 10:54:34,994] {spark_submit.py:490} INFO - 23/05/09 10:54:34 INFO Executor: Starting executor ID driver on host kirsch-Virtual-Machine.mshome.net
[2023-05-09 10:54:35,044] {spark_submit.py:490} INFO - 23/05/09 10:54:35 INFO Utils: Successfully started service 'org.apache.spark.network.netty.NettyBlockTransferService' on port 45121.
[2023-05-09 10:54:35,044] {spark_submit.py:490} INFO - 23/05/09 10:54:35 INFO NettyBlockTransferService: Server created on kirsch-Virtual-Machine.mshome.net:45121
[2023-05-09 10:54:35,046] {spark_submit.py:490} INFO - 23/05/09 10:54:35 INFO BlockManager: Using org.apache.spark.storage.RandomBlockReplicationPolicy for block replication policy
[2023-05-09 10:54:35,057] {spark_submit.py:490} INFO - 23/05/09 10:54:35 INFO BlockManagerMaster: Registering BlockManager BlockManagerId(driver, kirsch-Virtual-Machine.mshome.net, 45121, None)
[2023-05-09 10:54:35,062] {spark_submit.py:490} INFO - 23/05/09 10:54:35 INFO BlockManagerMasterEndpoint: Registering block manager kirsch-Virtual-Machine.mshome.net:45121 with 366.3 MiB RAM, BlockManagerId(driver, kirsch-Virtual-Machine.mshome.net, 45121, None)
[2023-05-09 10:54:35,065] {spark_submit.py:490} INFO - 23/05/09 10:54:35 INFO BlockManagerMaster: Registered BlockManager BlockManagerId(driver, kirsch-Virtual-Machine.mshome.net, 45121, None)
[2023-05-09 10:54:35,068] {spark_submit.py:490} INFO - 23/05/09 10:54:35 INFO BlockManager: Initialized BlockManager: BlockManagerId(driver, kirsch-Virtual-Machine.mshome.net, 45121, None)
[2023-05-09 10:54:35,927] {spark_submit.py:490} INFO - 23/05/09 10:54:35 INFO SharedState: Setting hive.metastore.warehouse.dir ('null') to the value of spark.sql.warehouse.dir.
[2023-05-09 10:54:35,968] {spark_submit.py:490} INFO - 23/05/09 10:54:35 INFO SharedState: Warehouse path is 'file:/home/kirsch/airflow-alura/spark-warehouse'.
[2023-05-09 10:54:36,916] {spark_submit.py:490} INFO - 23/05/09 10:54:36 INFO InMemoryFileIndex: It took 38 ms to list leaf files for 1 paths.
[2023-05-09 10:54:37,072] {spark_submit.py:490} INFO - 23/05/09 10:54:37 INFO InMemoryFileIndex: It took 3 ms to list leaf files for 1 paths.
[2023-05-09 10:54:39,618] {spark_submit.py:490} INFO - 23/05/09 10:54:39 INFO FileSourceStrategy: Pushed Filters:
[2023-05-09 10:54:39,619] {spark_submit.py:490} INFO - 23/05/09 10:54:39 INFO FileSourceStrategy: Post-Scan Filters:
[2023-05-09 10:54:39,625] {spark_submit.py:490} INFO - 23/05/09 10:54:39 INFO FileSourceStrategy: Output Data Schema: struct<value: string>
[2023-05-09 10:54:39,951] {spark_submit.py:490} INFO - 23/05/09 10:54:39 INFO MemoryStore: Block broadcast_0 stored as values in memory (estimated size 338.2 KiB, free 366.0 MiB)
[2023-05-09 10:54:40,012] {spark_submit.py:490} INFO - 23/05/09 10:54:40 INFO MemoryStore: Block broadcast_0_piece0 stored as bytes in memory (estimated size 32.5 KiB, free 365.9 MiB)
[2023-05-09 10:54:40,015] {spark_submit.py:490} INFO - 23/05/09 10:54:40 INFO BlockManagerInfo: Added broadcast_0_piece0 in memory on kirsch-Virtual-Machine.mshome.net:45121 (size: 32.5 KiB, free: 366.3 MiB)
[2023-05-09 10:54:40,021] {spark_submit.py:490} INFO - 23/05/09 10:54:40 INFO SparkContext: Created broadcast 0 from json at NativeMethodAccessorImpl.java:0
[2023-05-09 10:54:40,033] {spark_submit.py:490} INFO - 23/05/09 10:54:40 INFO FileSourceScanExec: Planning scan with bin packing, max size: 4198634 bytes, open cost is considered as scanning 4194304 bytes.
[2023-05-09 10:54:40,231] {spark_submit.py:490} INFO - 23/05/09 10:54:40 INFO SparkContext: Starting job: json at NativeMethodAccessorImpl.java:0
[2023-05-09 10:54:40,253] {spark_submit.py:490} INFO - 23/05/09 10:54:40 INFO DAGScheduler: Got job 0 (json at NativeMethodAccessorImpl.java:0) with 1 output partitions
[2023-05-09 10:54:40,253] {spark_submit.py:490} INFO - 23/05/09 10:54:40 INFO DAGScheduler: Final stage: ResultStage 0 (json at NativeMethodAccessorImpl.java:0)
[2023-05-09 10:54:40,254] {spark_submit.py:490} INFO - 23/05/09 10:54:40 INFO DAGScheduler: Parents of final stage: List()
[2023-05-09 10:54:40,260] {spark_submit.py:490} INFO - 23/05/09 10:54:40 INFO DAGScheduler: Missing parents: List()
[2023-05-09 10:54:40,266] {spark_submit.py:490} INFO - 23/05/09 10:54:40 INFO DAGScheduler: Submitting ResultStage 0 (MapPartitionsRDD[3] at json at NativeMethodAccessorImpl.java:0), which has no missing parents
[2023-05-09 10:54:40,366] {spark_submit.py:490} INFO - 23/05/09 10:54:40 INFO MemoryStore: Block broadcast_1 stored as values in memory (estimated size 12.5 KiB, free 365.9 MiB)
[2023-05-09 10:54:40,368] {spark_submit.py:490} INFO - 23/05/09 10:54:40 INFO MemoryStore: Block broadcast_1_piece0 stored as bytes in memory (estimated size 6.5 KiB, free 365.9 MiB)
[2023-05-09 10:54:40,369] {spark_submit.py:490} INFO - 23/05/09 10:54:40 INFO BlockManagerInfo: Added broadcast_1_piece0 in memory on kirsch-Virtual-Machine.mshome.net:45121 (size: 6.5 KiB, free: 366.3 MiB)
[2023-05-09 10:54:40,369] {spark_submit.py:490} INFO - 23/05/09 10:54:40 INFO SparkContext: Created broadcast 1 from broadcast at DAGScheduler.scala:1474
[2023-05-09 10:54:40,386] {spark_submit.py:490} INFO - 23/05/09 10:54:40 INFO DAGScheduler: Submitting 1 missing tasks from ResultStage 0 (MapPartitionsRDD[3] at json at NativeMethodAccessorImpl.java:0) (first 15 tasks are for partitions Vector(0))
[2023-05-09 10:54:40,387] {spark_submit.py:490} INFO - 23/05/09 10:54:40 INFO TaskSchedulerImpl: Adding task set 0.0 with 1 tasks resource profile 0
[2023-05-09 10:54:40,454] {spark_submit.py:490} INFO - 23/05/09 10:54:40 INFO TaskSetManager: Starting task 0.0 in stage 0.0 (TID 0) (kirsch-Virtual-Machine.mshome.net, executor driver, partition 0, PROCESS_LOCAL, 4944 bytes) taskResourceAssignments Map()
[2023-05-09 10:54:40,471] {spark_submit.py:490} INFO - 23/05/09 10:54:40 INFO Executor: Running task 0.0 in stage 0.0 (TID 0)
[2023-05-09 10:54:40,963] {spark_submit.py:490} INFO - 23/05/09 10:54:40 INFO FileScanRDD: Reading File path: file:///home/kirsch/airflow-alura/datalake/Bronze/twitter_datascience/extract_date=2023-05-05/datascience_20230505.json, range: 0-4330, partition values: [empty row]
[2023-05-09 10:54:41,167] {spark_submit.py:490} INFO - 23/05/09 10:54:41 INFO CodeGenerator: Code generated in 151.202007 ms
[2023-05-09 10:54:41,249] {spark_submit.py:490} INFO - 23/05/09 10:54:41 INFO Executor: Finished task 0.0 in stage 0.0 (TID 0). 2768 bytes result sent to driver
[2023-05-09 10:54:41,267] {spark_submit.py:490} INFO - 23/05/09 10:54:41 INFO TaskSetManager: Finished task 0.0 in stage 0.0 (TID 0) in 829 ms on kirsch-Virtual-Machine.mshome.net (executor driver) (1/1)
[2023-05-09 10:54:41,270] {spark_submit.py:490} INFO - 23/05/09 10:54:41 INFO TaskSchedulerImpl: Removed TaskSet 0.0, whose tasks have all completed, from pool
[2023-05-09 10:54:41,282] {spark_submit.py:490} INFO - 23/05/09 10:54:41 INFO DAGScheduler: ResultStage 0 (json at NativeMethodAccessorImpl.java:0) finished in 0,998 s
[2023-05-09 10:54:41,285] {spark_submit.py:490} INFO - 23/05/09 10:54:41 INFO DAGScheduler: Job 0 is finished. Cancelling potential speculative or zombie tasks for this job
[2023-05-09 10:54:41,288] {spark_submit.py:490} INFO - 23/05/09 10:54:41 INFO TaskSchedulerImpl: Killing all running tasks in stage 0: Stage finished
[2023-05-09 10:54:41,296] {spark_submit.py:490} INFO - 23/05/09 10:54:41 INFO DAGScheduler: Job 0 finished: json at NativeMethodAccessorImpl.java:0, took 1,063691 s
[2023-05-09 10:54:42,119] {spark_submit.py:490} INFO - 23/05/09 10:54:42 INFO FileSourceStrategy: Pushed Filters: IsNotNull(data)
[2023-05-09 10:54:42,121] {spark_submit.py:490} INFO - 23/05/09 10:54:42 INFO FileSourceStrategy: Post-Scan Filters: (size(data#7, true) > 0),isnotnull(data#7)
[2023-05-09 10:54:42,121] {spark_submit.py:490} INFO - 23/05/09 10:54:42 INFO FileSourceStrategy: Output Data Schema: struct<data: array<struct<author_id:string,conversation_id:string,created_at:string,edit_history_tweet_ids:array<bigint>,id:string,in_reply_to_user_id:string,lang:string,public_metrics:struct<like_count:bigint,quote_count:bigint,reply_count:bigint,retweet_count:bigint>,text:string>>>
[2023-05-09 10:54:42,216] {spark_submit.py:490} INFO - 23/05/09 10:54:42 INFO FileOutputCommitter: File Output Committer Algorithm version is 1
[2023-05-09 10:54:42,216] {spark_submit.py:490} INFO - 23/05/09 10:54:42 INFO FileOutputCommitter: FileOutputCommitter skip cleanup _temporary folders under output directory:false, ignore cleanup failures: false
[2023-05-09 10:54:42,217] {spark_submit.py:490} INFO - 23/05/09 10:54:42 INFO SQLHadoopMapReduceCommitProtocol: Using output committer class org.apache.hadoop.mapreduce.lib.output.FileOutputCommitter
[2023-05-09 10:54:42,428] {spark_submit.py:490} INFO - 23/05/09 10:54:42 INFO CodeGenerator: Code generated in 119.056658 ms
[2023-05-09 10:54:42,436] {spark_submit.py:490} INFO - 23/05/09 10:54:42 INFO MemoryStore: Block broadcast_2 stored as values in memory (estimated size 338.0 KiB, free 365.6 MiB)
[2023-05-09 10:54:42,448] {spark_submit.py:490} INFO - 23/05/09 10:54:42 INFO MemoryStore: Block broadcast_2_piece0 stored as bytes in memory (estimated size 32.5 KiB, free 365.6 MiB)
[2023-05-09 10:54:42,451] {spark_submit.py:490} INFO - 23/05/09 10:54:42 INFO BlockManagerInfo: Added broadcast_2_piece0 in memory on kirsch-Virtual-Machine.mshome.net:45121 (size: 32.5 KiB, free: 366.2 MiB)
[2023-05-09 10:54:42,454] {spark_submit.py:490} INFO - 23/05/09 10:54:42 INFO SparkContext: Created broadcast 2 from json at NativeMethodAccessorImpl.java:0
[2023-05-09 10:54:42,459] {spark_submit.py:490} INFO - 23/05/09 10:54:42 INFO FileSourceScanExec: Planning scan with bin packing, max size: 4198634 bytes, open cost is considered as scanning 4194304 bytes.
[2023-05-09 10:54:42,544] {spark_submit.py:490} INFO - 23/05/09 10:54:42 INFO SparkContext: Starting job: json at NativeMethodAccessorImpl.java:0
[2023-05-09 10:54:42,547] {spark_submit.py:490} INFO - 23/05/09 10:54:42 INFO DAGScheduler: Got job 1 (json at NativeMethodAccessorImpl.java:0) with 1 output partitions
[2023-05-09 10:54:42,557] {spark_submit.py:490} INFO - 23/05/09 10:54:42 INFO DAGScheduler: Final stage: ResultStage 1 (json at NativeMethodAccessorImpl.java:0)
[2023-05-09 10:54:42,558] {spark_submit.py:490} INFO - 23/05/09 10:54:42 INFO DAGScheduler: Parents of final stage: List()
[2023-05-09 10:54:42,559] {spark_submit.py:490} INFO - 23/05/09 10:54:42 INFO DAGScheduler: Missing parents: List()
[2023-05-09 10:54:42,559] {spark_submit.py:490} INFO - 23/05/09 10:54:42 INFO DAGScheduler: Submitting ResultStage 1 (CoalescedRDD[7] at json at NativeMethodAccessorImpl.java:0), which has no missing parents
[2023-05-09 10:54:42,589] {spark_submit.py:490} INFO - 23/05/09 10:54:42 INFO MemoryStore: Block broadcast_3 stored as values in memory (estimated size 228.8 KiB, free 365.3 MiB)
[2023-05-09 10:54:42,597] {spark_submit.py:490} INFO - 23/05/09 10:54:42 INFO MemoryStore: Block broadcast_3_piece0 stored as bytes in memory (estimated size 79.5 KiB, free 365.3 MiB)
[2023-05-09 10:54:42,598] {spark_submit.py:490} INFO - 23/05/09 10:54:42 INFO BlockManagerInfo: Added broadcast_3_piece0 in memory on kirsch-Virtual-Machine.mshome.net:45121 (size: 79.5 KiB, free: 366.2 MiB)
[2023-05-09 10:54:42,599] {spark_submit.py:490} INFO - 23/05/09 10:54:42 INFO SparkContext: Created broadcast 3 from broadcast at DAGScheduler.scala:1474
[2023-05-09 10:54:42,603] {spark_submit.py:490} INFO - 23/05/09 10:54:42 INFO DAGScheduler: Submitting 1 missing tasks from ResultStage 1 (CoalescedRDD[7] at json at NativeMethodAccessorImpl.java:0) (first 15 tasks are for partitions Vector(0))
[2023-05-09 10:54:42,603] {spark_submit.py:490} INFO - 23/05/09 10:54:42 INFO TaskSchedulerImpl: Adding task set 1.0 with 1 tasks resource profile 0
[2023-05-09 10:54:42,613] {spark_submit.py:490} INFO - 23/05/09 10:54:42 INFO TaskSetManager: Starting task 0.0 in stage 1.0 (TID 1) (kirsch-Virtual-Machine.mshome.net, executor driver, partition 0, PROCESS_LOCAL, 5173 bytes) taskResourceAssignments Map()
[2023-05-09 10:54:42,615] {spark_submit.py:490} INFO - 23/05/09 10:54:42 INFO Executor: Running task 0.0 in stage 1.0 (TID 1)
[2023-05-09 10:54:42,677] {spark_submit.py:490} INFO - 23/05/09 10:54:42 INFO FileOutputCommitter: File Output Committer Algorithm version is 1
[2023-05-09 10:54:42,677] {spark_submit.py:490} INFO - 23/05/09 10:54:42 INFO FileOutputCommitter: FileOutputCommitter skip cleanup _temporary folders under output directory:false, ignore cleanup failures: false
[2023-05-09 10:54:42,678] {spark_submit.py:490} INFO - 23/05/09 10:54:42 INFO SQLHadoopMapReduceCommitProtocol: Using output committer class org.apache.hadoop.mapreduce.lib.output.FileOutputCommitter
[2023-05-09 10:54:42,734] {spark_submit.py:490} INFO - 23/05/09 10:54:42 INFO FileScanRDD: Reading File path: file:///home/kirsch/airflow-alura/datalake/Bronze/twitter_datascience/extract_date=2023-05-05/datascience_20230505.json, range: 0-4330, partition values: [empty row]
[2023-05-09 10:54:42,783] {spark_submit.py:490} INFO - 23/05/09 10:54:42 INFO CodeGenerator: Code generated in 40.944292 ms
[2023-05-09 10:54:42,818] {spark_submit.py:490} INFO - 23/05/09 10:54:42 INFO CodeGenerator: Code generated in 10.220748 ms
[2023-05-09 10:54:42,881] {spark_submit.py:490} INFO - 23/05/09 10:54:42 INFO FileOutputCommitter: Saved output of task 'attempt_202305091054427302623378818881034_0001_m_000000_1' to file:/home/kirsch/airflow-alura/datalake/Silver/twitter_datascience/tweet/process_date=2023-05-05/_temporary/0/task_202305091054427302623378818881034_0001_m_000000
[2023-05-09 10:54:42,882] {spark_submit.py:490} INFO - 23/05/09 10:54:42 INFO SparkHadoopMapRedUtil: attempt_202305091054427302623378818881034_0001_m_000000_1: Committed
[2023-05-09 10:54:42,890] {spark_submit.py:490} INFO - 23/05/09 10:54:42 INFO Executor: Finished task 0.0 in stage 1.0 (TID 1). 2670 bytes result sent to driver
[2023-05-09 10:54:42,895] {spark_submit.py:490} INFO - 23/05/09 10:54:42 INFO TaskSetManager: Finished task 0.0 in stage 1.0 (TID 1) in 290 ms on kirsch-Virtual-Machine.mshome.net (executor driver) (1/1)
[2023-05-09 10:54:42,896] {spark_submit.py:490} INFO - 23/05/09 10:54:42 INFO TaskSchedulerImpl: Removed TaskSet 1.0, whose tasks have all completed, from pool
[2023-05-09 10:54:42,898] {spark_submit.py:490} INFO - 23/05/09 10:54:42 INFO DAGScheduler: ResultStage 1 (json at NativeMethodAccessorImpl.java:0) finished in 0,348 s
[2023-05-09 10:54:42,899] {spark_submit.py:490} INFO - 23/05/09 10:54:42 INFO DAGScheduler: Job 1 is finished. Cancelling potential speculative or zombie tasks for this job
[2023-05-09 10:54:42,900] {spark_submit.py:490} INFO - 23/05/09 10:54:42 INFO TaskSchedulerImpl: Killing all running tasks in stage 1: Stage finished
[2023-05-09 10:54:42,900] {spark_submit.py:490} INFO - 23/05/09 10:54:42 INFO DAGScheduler: Job 1 finished: json at NativeMethodAccessorImpl.java:0, took 0,353237 s
[2023-05-09 10:54:42,903] {spark_submit.py:490} INFO - 23/05/09 10:54:42 INFO FileFormatWriter: Start to commit write Job ddce2eca-5e9c-4e27-9fb6-b7b5a57396a6.
[2023-05-09 10:54:42,924] {spark_submit.py:490} INFO - 23/05/09 10:54:42 INFO FileFormatWriter: Write Job ddce2eca-5e9c-4e27-9fb6-b7b5a57396a6 committed. Elapsed time: 18 ms.
[2023-05-09 10:54:42,932] {spark_submit.py:490} INFO - 23/05/09 10:54:42 INFO FileFormatWriter: Finished processing stats for write job ddce2eca-5e9c-4e27-9fb6-b7b5a57396a6.
[2023-05-09 10:54:42,978] {spark_submit.py:490} INFO - 23/05/09 10:54:42 INFO FileSourceStrategy: Pushed Filters:
[2023-05-09 10:54:42,978] {spark_submit.py:490} INFO - 23/05/09 10:54:42 INFO FileSourceStrategy: Post-Scan Filters:
[2023-05-09 10:54:42,978] {spark_submit.py:490} INFO - 23/05/09 10:54:42 INFO FileSourceStrategy: Output Data Schema: struct<includes: struct<users: array<struct<created_at:string,id:string,name:string,username:string>>>>
[2023-05-09 10:54:42,988] {spark_submit.py:490} INFO - 23/05/09 10:54:42 INFO FileOutputCommitter: File Output Committer Algorithm version is 1
[2023-05-09 10:54:42,988] {spark_submit.py:490} INFO - 23/05/09 10:54:42 INFO FileOutputCommitter: FileOutputCommitter skip cleanup _temporary folders under output directory:false, ignore cleanup failures: false
[2023-05-09 10:54:42,988] {spark_submit.py:490} INFO - 23/05/09 10:54:42 INFO SQLHadoopMapReduceCommitProtocol: Using output committer class org.apache.hadoop.mapreduce.lib.output.FileOutputCommitter
[2023-05-09 10:54:43,036] {spark_submit.py:490} INFO - 23/05/09 10:54:43 INFO CodeGenerator: Code generated in 17.195981 ms
[2023-05-09 10:54:43,043] {spark_submit.py:490} INFO - 23/05/09 10:54:43 INFO MemoryStore: Block broadcast_4 stored as values in memory (estimated size 338.0 KiB, free 364.9 MiB)
[2023-05-09 10:54:43,063] {spark_submit.py:490} INFO - 23/05/09 10:54:43 INFO MemoryStore: Block broadcast_4_piece0 stored as bytes in memory (estimated size 32.5 KiB, free 364.9 MiB)
[2023-05-09 10:54:43,064] {spark_submit.py:490} INFO - 23/05/09 10:54:43 INFO BlockManagerInfo: Added broadcast_4_piece0 in memory on kirsch-Virtual-Machine.mshome.net:45121 (size: 32.5 KiB, free: 366.1 MiB)
[2023-05-09 10:54:43,065] {spark_submit.py:490} INFO - 23/05/09 10:54:43 INFO SparkContext: Created broadcast 4 from json at NativeMethodAccessorImpl.java:0
[2023-05-09 10:54:43,066] {spark_submit.py:490} INFO - 23/05/09 10:54:43 INFO FileSourceScanExec: Planning scan with bin packing, max size: 4198634 bytes, open cost is considered as scanning 4194304 bytes.
[2023-05-09 10:54:43,099] {spark_submit.py:490} INFO - 23/05/09 10:54:43 INFO SparkContext: Starting job: json at NativeMethodAccessorImpl.java:0
[2023-05-09 10:54:43,101] {spark_submit.py:490} INFO - 23/05/09 10:54:43 INFO DAGScheduler: Got job 2 (json at NativeMethodAccessorImpl.java:0) with 1 output partitions
[2023-05-09 10:54:43,101] {spark_submit.py:490} INFO - 23/05/09 10:54:43 INFO DAGScheduler: Final stage: ResultStage 2 (json at NativeMethodAccessorImpl.java:0)
[2023-05-09 10:54:43,101] {spark_submit.py:490} INFO - 23/05/09 10:54:43 INFO DAGScheduler: Parents of final stage: List()
[2023-05-09 10:54:43,101] {spark_submit.py:490} INFO - 23/05/09 10:54:43 INFO DAGScheduler: Missing parents: List()
[2023-05-09 10:54:43,102] {spark_submit.py:490} INFO - 23/05/09 10:54:43 INFO DAGScheduler: Submitting ResultStage 2 (CoalescedRDD[11] at json at NativeMethodAccessorImpl.java:0), which has no missing parents
[2023-05-09 10:54:43,131] {spark_submit.py:490} INFO - 23/05/09 10:54:43 INFO MemoryStore: Block broadcast_5 stored as values in memory (estimated size 208.9 KiB, free 364.7 MiB)
[2023-05-09 10:54:43,135] {spark_submit.py:490} INFO - 23/05/09 10:54:43 INFO MemoryStore: Block broadcast_5_piece0 stored as bytes in memory (estimated size 74.9 KiB, free 364.6 MiB)
[2023-05-09 10:54:43,136] {spark_submit.py:490} INFO - 23/05/09 10:54:43 INFO BlockManagerInfo: Added broadcast_5_piece0 in memory on kirsch-Virtual-Machine.mshome.net:45121 (size: 74.9 KiB, free: 366.0 MiB)
[2023-05-09 10:54:43,137] {spark_submit.py:490} INFO - 23/05/09 10:54:43 INFO SparkContext: Created broadcast 5 from broadcast at DAGScheduler.scala:1474
[2023-05-09 10:54:43,138] {spark_submit.py:490} INFO - 23/05/09 10:54:43 INFO DAGScheduler: Submitting 1 missing tasks from ResultStage 2 (CoalescedRDD[11] at json at NativeMethodAccessorImpl.java:0) (first 15 tasks are for partitions Vector(0))
[2023-05-09 10:54:43,139] {spark_submit.py:490} INFO - 23/05/09 10:54:43 INFO TaskSchedulerImpl: Adding task set 2.0 with 1 tasks resource profile 0
[2023-05-09 10:54:43,140] {spark_submit.py:490} INFO - 23/05/09 10:54:43 INFO TaskSetManager: Starting task 0.0 in stage 2.0 (TID 2) (kirsch-Virtual-Machine.mshome.net, executor driver, partition 0, PROCESS_LOCAL, 5173 bytes) taskResourceAssignments Map()
[2023-05-09 10:54:43,141] {spark_submit.py:490} INFO - 23/05/09 10:54:43 INFO Executor: Running task 0.0 in stage 2.0 (TID 2)
[2023-05-09 10:54:43,166] {spark_submit.py:490} INFO - 23/05/09 10:54:43 INFO FileOutputCommitter: File Output Committer Algorithm version is 1
[2023-05-09 10:54:43,167] {spark_submit.py:490} INFO - 23/05/09 10:54:43 INFO FileOutputCommitter: FileOutputCommitter skip cleanup _temporary folders under output directory:false, ignore cleanup failures: false
[2023-05-09 10:54:43,167] {spark_submit.py:490} INFO - 23/05/09 10:54:43 INFO SQLHadoopMapReduceCommitProtocol: Using output committer class org.apache.hadoop.mapreduce.lib.output.FileOutputCommitter
[2023-05-09 10:54:43,190] {spark_submit.py:490} INFO - 23/05/09 10:54:43 INFO FileScanRDD: Reading File path: file:///home/kirsch/airflow-alura/datalake/Bronze/twitter_datascience/extract_date=2023-05-05/datascience_20230505.json, range: 0-4330, partition values: [empty row]
[2023-05-09 10:54:43,216] {spark_submit.py:490} INFO - 23/05/09 10:54:43 INFO CodeGenerator: Code generated in 22.655306 ms
[2023-05-09 10:54:43,232] {spark_submit.py:490} INFO - 23/05/09 10:54:43 INFO FileOutputCommitter: Saved output of task 'attempt_202305091054437765767598790857442_0002_m_000000_2' to file:/home/kirsch/airflow-alura/datalake/Silver/twitter_datascience/user/process_date=2023-05-05/_temporary/0/task_202305091054437765767598790857442_0002_m_000000
[2023-05-09 10:54:43,232] {spark_submit.py:490} INFO - 23/05/09 10:54:43 INFO SparkHadoopMapRedUtil: attempt_202305091054437765767598790857442_0002_m_000000_2: Committed
[2023-05-09 10:54:43,234] {spark_submit.py:490} INFO - 23/05/09 10:54:43 INFO Executor: Finished task 0.0 in stage 2.0 (TID 2). 2571 bytes result sent to driver
[2023-05-09 10:54:43,236] {spark_submit.py:490} INFO - 23/05/09 10:54:43 INFO TaskSetManager: Finished task 0.0 in stage 2.0 (TID 2) in 97 ms on kirsch-Virtual-Machine.mshome.net (executor driver) (1/1)
[2023-05-09 10:54:43,236] {spark_submit.py:490} INFO - 23/05/09 10:54:43 INFO TaskSchedulerImpl: Removed TaskSet 2.0, whose tasks have all completed, from pool
[2023-05-09 10:54:43,237] {spark_submit.py:490} INFO - 23/05/09 10:54:43 INFO DAGScheduler: ResultStage 2 (json at NativeMethodAccessorImpl.java:0) finished in 0,133 s
[2023-05-09 10:54:43,237] {spark_submit.py:490} INFO - 23/05/09 10:54:43 INFO DAGScheduler: Job 2 is finished. Cancelling potential speculative or zombie tasks for this job
[2023-05-09 10:54:43,238] {spark_submit.py:490} INFO - 23/05/09 10:54:43 INFO TaskSchedulerImpl: Killing all running tasks in stage 2: Stage finished
[2023-05-09 10:54:43,238] {spark_submit.py:490} INFO - 23/05/09 10:54:43 INFO DAGScheduler: Job 2 finished: json at NativeMethodAccessorImpl.java:0, took 0,138110 s
[2023-05-09 10:54:43,238] {spark_submit.py:490} INFO - 23/05/09 10:54:43 INFO FileFormatWriter: Start to commit write Job 6d5dc0ac-1f68-4991-8755-409053b86787.
[2023-05-09 10:54:43,260] {spark_submit.py:490} INFO - 23/05/09 10:54:43 INFO FileFormatWriter: Write Job 6d5dc0ac-1f68-4991-8755-409053b86787 committed. Elapsed time: 21 ms.
[2023-05-09 10:54:43,262] {spark_submit.py:490} INFO - 23/05/09 10:54:43 INFO FileFormatWriter: Finished processing stats for write job 6d5dc0ac-1f68-4991-8755-409053b86787.
[2023-05-09 10:54:43,313] {spark_submit.py:490} INFO - 23/05/09 10:54:43 INFO SparkContext: Invoking stop() from shutdown hook
[2023-05-09 10:54:43,328] {spark_submit.py:490} INFO - 23/05/09 10:54:43 INFO SparkUI: Stopped Spark web UI at http://kirsch-Virtual-Machine.mshome.net:4040
[2023-05-09 10:54:43,367] {spark_submit.py:490} INFO - 23/05/09 10:54:43 INFO MapOutputTrackerMasterEndpoint: MapOutputTrackerMasterEndpoint stopped!
[2023-05-09 10:54:43,384] {spark_submit.py:490} INFO - 23/05/09 10:54:43 INFO MemoryStore: MemoryStore cleared
[2023-05-09 10:54:43,385] {spark_submit.py:490} INFO - 23/05/09 10:54:43 INFO BlockManager: BlockManager stopped
[2023-05-09 10:54:43,400] {spark_submit.py:490} INFO - 23/05/09 10:54:43 INFO BlockManagerMaster: BlockManagerMaster stopped
[2023-05-09 10:54:43,403] {spark_submit.py:490} INFO - 23/05/09 10:54:43 INFO OutputCommitCoordinator$OutputCommitCoordinatorEndpoint: OutputCommitCoordinator stopped!
[2023-05-09 10:54:43,407] {spark_submit.py:490} INFO - 23/05/09 10:54:43 INFO SparkContext: Successfully stopped SparkContext
[2023-05-09 10:54:43,410] {spark_submit.py:490} INFO - 23/05/09 10:54:43 INFO ShutdownHookManager: Shutdown hook called
[2023-05-09 10:54:43,410] {spark_submit.py:490} INFO - 23/05/09 10:54:43 INFO ShutdownHookManager: Deleting directory /tmp/spark-49e29e6f-c612-4b99-9453-24b6d5fb870c
[2023-05-09 10:54:43,414] {spark_submit.py:490} INFO - 23/05/09 10:54:43 INFO ShutdownHookManager: Deleting directory /tmp/spark-49e29e6f-c612-4b99-9453-24b6d5fb870c/pyspark-6956efca-9c14-44a5-acfd-0f289d385502
[2023-05-09 10:54:43,418] {spark_submit.py:490} INFO - 23/05/09 10:54:43 INFO ShutdownHookManager: Deleting directory /tmp/spark-580017b8-e24a-4a94-968b-1b0f474035d1
[2023-05-09 10:54:43,471] {taskinstance.py:1395} INFO - Marking task as SUCCESS. dag_id=TwitterDag, task_id=transform_twitter_datascience, execution_date=20230505T000000, start_date=20230509T135431, end_date=20230509T135443
[2023-05-09 10:54:43,520] {local_task_job.py:156} INFO - Task exited with return code 0
[2023-05-09 10:54:43,547] {local_task_job.py:273} INFO - 1 downstream tasks scheduled from follow-on schedule check
