[2023-05-05 14:21:09,827] {taskinstance.py:1159} INFO - Dependencies all met for <TaskInstance: TwitterDag.twitter_datascience scheduled__2023-05-04T00:00:00+00:00 [queued]>
[2023-05-05 14:21:09,844] {taskinstance.py:1159} INFO - Dependencies all met for <TaskInstance: TwitterDag.twitter_datascience scheduled__2023-05-04T00:00:00+00:00 [queued]>
[2023-05-05 14:21:09,844] {taskinstance.py:1356} INFO - 
--------------------------------------------------------------------------------
[2023-05-05 14:21:09,845] {taskinstance.py:1357} INFO - Starting attempt 1 of 1
[2023-05-05 14:21:09,845] {taskinstance.py:1358} INFO - 
--------------------------------------------------------------------------------
[2023-05-05 14:21:09,883] {taskinstance.py:1377} INFO - Executing <Task(TwitterOperator): twitter_datascience> on 2023-05-04 00:00:00+00:00
[2023-05-05 14:21:09,887] {standard_task_runner.py:52} INFO - Started process 5885 to run task
[2023-05-05 14:21:09,899] {standard_task_runner.py:79} INFO - Running: ['airflow', 'tasks', 'run', 'TwitterDag', 'twitter_datascience', 'scheduled__2023-05-04T00:00:00+00:00', '--job-id', '19', '--raw', '--subdir', 'DAGS_FOLDER/twitter_dag.py', '--cfg-path', '/tmp/tmpststu3bp', '--error-file', '/tmp/tmpry33ttmb']
[2023-05-05 14:21:09,899] {standard_task_runner.py:80} INFO - Job 19: Subtask twitter_datascience
[2023-05-05 14:21:10,035] {task_command.py:370} INFO - Running <TaskInstance: TwitterDag.twitter_datascience scheduled__2023-05-04T00:00:00+00:00 [running]> on host kirsch-Virtual-Machine
[2023-05-05 14:21:10,206] {taskinstance.py:1569} INFO - Exporting the following env vars:
AIRFLOW_CTX_DAG_OWNER=airflow
AIRFLOW_CTX_DAG_ID=TwitterDag
AIRFLOW_CTX_TASK_ID=twitter_datascience
AIRFLOW_CTX_EXECUTION_DATE=2023-05-04T00:00:00+00:00
AIRFLOW_CTX_TRY_NUMBER=1
AIRFLOW_CTX_DAG_RUN_ID=scheduled__2023-05-04T00:00:00+00:00
[2023-05-05 14:21:10,224] {base.py:68} INFO - Using connection ID 'twitter_default' for task execution.
[2023-05-05 14:21:10,230] {logging_mixin.py:115} WARNING - /home/kirsch/airflowalura/venv/lib/python3.10/site-packages/airflow/models/connection.py:294 DeprecationWarning: Encountered non-JSON in `extra` field for connection 'twitter_default'. Support for non-JSON `extra` will be removed in Airflow 3.0
[2023-05-05 14:21:10,248] {connection.py:403} ERROR - Failed parsing the json for conn_id twitter_default
Traceback (most recent call last):
  File "/home/kirsch/airflowalura/venv/lib/python3.10/site-packages/airflow/models/connection.py", line 400, in extra_dejson
    obj = json.loads(self.extra)
  File "/usr/lib/python3.10/json/__init__.py", line 346, in loads
    return _default_decoder.decode(s)
  File "/usr/lib/python3.10/json/decoder.py", line 337, in decode
    obj, end = self.raw_decode(s, idx=_w(s, 0).end())
  File "/usr/lib/python3.10/json/decoder.py", line 353, in raw_decode
    obj, end = self.scan_once(s, idx)
json.decoder.JSONDecodeError: Expecting property name enclosed in double quotes: line 1 column 2 (char 1)
[2023-05-05 14:21:10,253] {twitter_hook.py:31} INFO - URL: https://labdados.com/2/tweets/search/recent?query=datascience&tweet.fields=author_id,conversation_id,created_at,id,in_reply_to_user_id,public_metrics,lang,text&expansions=author_id&user.fields=id,name,username,created_at&start_time=2023-05-04T00:00:00.00Z&end_time=2023-05-05T00:00:00.00Z
[2023-05-05 14:21:11,569] {twitter_hook.py:31} INFO - URL: https://labdados.com/2/tweets/search/recent?query=datascience&tweet.fields=author_id,conversation_id,created_at,id,in_reply_to_user_id,public_metrics,lang,text&expansions=author_id&user.fields=id,name,username,created_at&start_time=2023-05-04T00:00:00.00Z&end_time=2023-05-05T00:00:00.00Z&next_token=1234567890abcdef
[2023-05-05 14:21:11,833] {taskinstance.py:1395} INFO - Marking task as SUCCESS. dag_id=TwitterDag, task_id=twitter_datascience, execution_date=20230504T000000, start_date=20230505T172109, end_date=20230505T172111
[2023-05-05 14:21:11,909] {local_task_job.py:156} INFO - Task exited with return code 0
[2023-05-05 14:21:11,954] {local_task_job.py:273} INFO - 0 downstream tasks scheduled from follow-on schedule check
