[2023-05-09 10:55:43,799] {taskinstance.py:1159} INFO - Dependencies all met for <TaskInstance: TwitterDag.twitter_datascience scheduled__2023-05-08T00:00:00+00:00 [queued]>
[2023-05-09 10:55:43,817] {taskinstance.py:1159} INFO - Dependencies all met for <TaskInstance: TwitterDag.twitter_datascience scheduled__2023-05-08T00:00:00+00:00 [queued]>
[2023-05-09 10:55:43,818] {taskinstance.py:1356} INFO - 
--------------------------------------------------------------------------------
[2023-05-09 10:55:43,818] {taskinstance.py:1357} INFO - Starting attempt 1 of 1
[2023-05-09 10:55:43,818] {taskinstance.py:1358} INFO - 
--------------------------------------------------------------------------------
[2023-05-09 10:55:43,845] {taskinstance.py:1377} INFO - Executing <Task(TwitterOperator): twitter_datascience> on 2023-05-08 00:00:00+00:00
[2023-05-09 10:55:43,848] {standard_task_runner.py:52} INFO - Started process 18776 to run task
[2023-05-09 10:55:43,852] {standard_task_runner.py:79} INFO - Running: ['airflow', 'tasks', 'run', 'TwitterDag', 'twitter_datascience', 'scheduled__2023-05-08T00:00:00+00:00', '--job-id', '21', '--raw', '--subdir', 'DAGS_FOLDER/twitter_dag.py', '--cfg-path', '/tmp/tmpoy0eqf10', '--error-file', '/tmp/tmp09_gn_sb']
[2023-05-09 10:55:43,854] {standard_task_runner.py:80} INFO - Job 21: Subtask twitter_datascience
[2023-05-09 10:55:43,927] {task_command.py:370} INFO - Running <TaskInstance: TwitterDag.twitter_datascience scheduled__2023-05-08T00:00:00+00:00 [running]> on host kirsch-Virtual-Machine
[2023-05-09 10:55:44,002] {taskinstance.py:1569} INFO - Exporting the following env vars:
AIRFLOW_CTX_DAG_OWNER=airflow
AIRFLOW_CTX_DAG_ID=TwitterDag
AIRFLOW_CTX_TASK_ID=twitter_datascience
AIRFLOW_CTX_EXECUTION_DATE=2023-05-08T00:00:00+00:00
AIRFLOW_CTX_TRY_NUMBER=1
AIRFLOW_CTX_DAG_RUN_ID=scheduled__2023-05-08T00:00:00+00:00
[2023-05-09 10:55:44,010] {base.py:68} INFO - Using connection ID 'twitter_default' for task execution.
[2023-05-09 10:55:44,012] {twitter_hook.py:31} INFO - URL: https://labdados.com/2/tweets/search/recent?query=datascience&tweet.fields=author_id,conversation_id,created_at,id,in_reply_to_user_id,public_metrics,lang,text&expansions=author_id&user.fields=id,name,username,created_at&start_time=2023-05-08T00:00:00.00Z&end_time=2023-05-09T00:00:00.00Z
[2023-05-09 10:55:44,582] {twitter_hook.py:31} INFO - URL: https://labdados.com/2/tweets/search/recent?query=datascience&tweet.fields=author_id,conversation_id,created_at,id,in_reply_to_user_id,public_metrics,lang,text&expansions=author_id&user.fields=id,name,username,created_at&start_time=2023-05-08T00:00:00.00Z&end_time=2023-05-09T00:00:00.00Z&next_token=1234567890abcdef
[2023-05-09 10:55:44,733] {taskinstance.py:1395} INFO - Marking task as SUCCESS. dag_id=TwitterDag, task_id=twitter_datascience, execution_date=20230508T000000, start_date=20230509T135543, end_date=20230509T135544
[2023-05-09 10:55:44,756] {local_task_job.py:156} INFO - Task exited with return code 0
[2023-05-09 10:55:44,783] {local_task_job.py:273} INFO - 1 downstream tasks scheduled from follow-on schedule check
