[2023-05-09 10:53:49,045] {taskinstance.py:1159} INFO - Dependencies all met for <TaskInstance: TwitterDag.transform_twitter_datascience scheduled__2023-05-03T00:00:00+00:00 [queued]>
[2023-05-09 10:53:49,049] {taskinstance.py:1159} INFO - Dependencies all met for <TaskInstance: TwitterDag.transform_twitter_datascience scheduled__2023-05-03T00:00:00+00:00 [queued]>
[2023-05-09 10:53:49,050] {taskinstance.py:1356} INFO - 
--------------------------------------------------------------------------------
[2023-05-09 10:53:49,050] {taskinstance.py:1357} INFO - Starting attempt 1 of 1
[2023-05-09 10:53:49,050] {taskinstance.py:1358} INFO - 
--------------------------------------------------------------------------------
[2023-05-09 10:53:49,065] {taskinstance.py:1377} INFO - Executing <Task(SparkSubmitOperator): transform_twitter_datascience> on 2023-05-03 00:00:00+00:00
[2023-05-09 10:53:49,067] {standard_task_runner.py:52} INFO - Started process 16347 to run task
[2023-05-09 10:53:49,069] {standard_task_runner.py:79} INFO - Running: ['airflow', 'tasks', 'run', 'TwitterDag', 'transform_twitter_datascience', 'scheduled__2023-05-03T00:00:00+00:00', '--job-id', '11', '--raw', '--subdir', 'DAGS_FOLDER/twitter_dag.py', '--cfg-path', '/tmp/tmpzjhfsmyp', '--error-file', '/tmp/tmp82782zje']
[2023-05-09 10:53:49,069] {standard_task_runner.py:80} INFO - Job 11: Subtask transform_twitter_datascience
[2023-05-09 10:53:49,108] {task_command.py:370} INFO - Running <TaskInstance: TwitterDag.transform_twitter_datascience scheduled__2023-05-03T00:00:00+00:00 [running]> on host kirsch-Virtual-Machine
[2023-05-09 10:53:49,191] {taskinstance.py:1569} INFO - Exporting the following env vars:
AIRFLOW_CTX_DAG_OWNER=airflow
AIRFLOW_CTX_DAG_ID=TwitterDag
AIRFLOW_CTX_TASK_ID=transform_twitter_datascience
AIRFLOW_CTX_EXECUTION_DATE=2023-05-03T00:00:00+00:00
AIRFLOW_CTX_TRY_NUMBER=1
AIRFLOW_CTX_DAG_RUN_ID=scheduled__2023-05-03T00:00:00+00:00
[2023-05-09 10:53:49,195] {base.py:68} INFO - Using connection ID 'spark_default' for task execution.
[2023-05-09 10:53:49,196] {spark_submit.py:339} INFO - Spark-Submit cmd: spark-submit --master local --name twitter_transformation /home/kirsch/airflow-alura/src/spark/transformation.py --src /home/kirsch/airflow-alura/datalake/Bronze/twitter_datascience/extract_date=2023-05-03 --dest /home/kirsch/airflow-alura/datalake/Silver/twitter_datascience/ --process-date 2023-05-03
[2023-05-09 10:53:50,395] {spark_submit.py:490} INFO - 23/05/09 10:53:50 WARN Utils: Your hostname, kirsch-Virtual-Machine resolves to a loopback address: 127.0.1.1; using 172.18.244.229 instead (on interface eth0)
[2023-05-09 10:53:50,395] {spark_submit.py:490} INFO - 23/05/09 10:53:50 WARN Utils: Set SPARK_LOCAL_IP if you need to bind to another address
[2023-05-09 10:53:51,197] {spark_submit.py:490} INFO - Using Spark's default log4j profile: org/apache/spark/log4j-defaults.properties
[2023-05-09 10:53:51,204] {spark_submit.py:490} INFO - 23/05/09 10:53:51 INFO SparkContext: Running Spark version 3.2.4
[2023-05-09 10:53:51,299] {spark_submit.py:490} INFO - 23/05/09 10:53:51 WARN NativeCodeLoader: Unable to load native-hadoop library for your platform... using builtin-java classes where applicable
[2023-05-09 10:53:51,381] {spark_submit.py:490} INFO - 23/05/09 10:53:51 INFO ResourceUtils: ==============================================================
[2023-05-09 10:53:51,381] {spark_submit.py:490} INFO - 23/05/09 10:53:51 INFO ResourceUtils: No custom resources configured for spark.driver.
[2023-05-09 10:53:51,382] {spark_submit.py:490} INFO - 23/05/09 10:53:51 INFO ResourceUtils: ==============================================================
[2023-05-09 10:53:51,382] {spark_submit.py:490} INFO - 23/05/09 10:53:51 INFO SparkContext: Submitted application: twitter_transformation
[2023-05-09 10:53:51,407] {spark_submit.py:490} INFO - 23/05/09 10:53:51 INFO ResourceProfile: Default ResourceProfile created, executor resources: Map(cores -> name: cores, amount: 1, script: , vendor: , memory -> name: memory, amount: 1024, script: , vendor: , offHeap -> name: offHeap, amount: 0, script: , vendor: ), task resources: Map(cpus -> name: cpus, amount: 1.0)
[2023-05-09 10:53:51,420] {spark_submit.py:490} INFO - 23/05/09 10:53:51 INFO ResourceProfile: Limiting resource is cpu
[2023-05-09 10:53:51,421] {spark_submit.py:490} INFO - 23/05/09 10:53:51 INFO ResourceProfileManager: Added ResourceProfile id: 0
[2023-05-09 10:53:51,480] {spark_submit.py:490} INFO - 23/05/09 10:53:51 INFO SecurityManager: Changing view acls to: kirsch
[2023-05-09 10:53:51,480] {spark_submit.py:490} INFO - 23/05/09 10:53:51 INFO SecurityManager: Changing modify acls to: kirsch
[2023-05-09 10:53:51,480] {spark_submit.py:490} INFO - 23/05/09 10:53:51 INFO SecurityManager: Changing view acls groups to:
[2023-05-09 10:53:51,481] {spark_submit.py:490} INFO - 23/05/09 10:53:51 INFO SecurityManager: Changing modify acls groups to:
[2023-05-09 10:53:51,481] {spark_submit.py:490} INFO - 23/05/09 10:53:51 INFO SecurityManager: SecurityManager: authentication disabled; ui acls disabled; users  with view permissions: Set(kirsch); groups with view permissions: Set(); users  with modify permissions: Set(kirsch); groups with modify permissions: Set()
[2023-05-09 10:53:51,697] {spark_submit.py:490} INFO - 23/05/09 10:53:51 INFO Utils: Successfully started service 'sparkDriver' on port 34729.
[2023-05-09 10:53:51,725] {spark_submit.py:490} INFO - 23/05/09 10:53:51 INFO SparkEnv: Registering MapOutputTracker
[2023-05-09 10:53:51,758] {spark_submit.py:490} INFO - 23/05/09 10:53:51 INFO SparkEnv: Registering BlockManagerMaster
[2023-05-09 10:53:51,774] {spark_submit.py:490} INFO - 23/05/09 10:53:51 INFO BlockManagerMasterEndpoint: Using org.apache.spark.storage.DefaultTopologyMapper for getting topology information
[2023-05-09 10:53:51,774] {spark_submit.py:490} INFO - 23/05/09 10:53:51 INFO BlockManagerMasterEndpoint: BlockManagerMasterEndpoint up
[2023-05-09 10:53:51,780] {spark_submit.py:490} INFO - 23/05/09 10:53:51 INFO SparkEnv: Registering BlockManagerMasterHeartbeat
[2023-05-09 10:53:51,802] {spark_submit.py:490} INFO - 23/05/09 10:53:51 INFO DiskBlockManager: Created local directory at /tmp/blockmgr-57e6a727-0f73-40ec-9c47-23c8ef30e4eb
[2023-05-09 10:53:51,828] {spark_submit.py:490} INFO - 23/05/09 10:53:51 INFO MemoryStore: MemoryStore started with capacity 366.3 MiB
[2023-05-09 10:53:51,848] {spark_submit.py:490} INFO - 23/05/09 10:53:51 INFO SparkEnv: Registering OutputCommitCoordinator
[2023-05-09 10:53:52,096] {spark_submit.py:490} INFO - 23/05/09 10:53:52 INFO Utils: Successfully started service 'SparkUI' on port 4040.
[2023-05-09 10:53:52,192] {spark_submit.py:490} INFO - 23/05/09 10:53:52 INFO SparkUI: Bound SparkUI to 0.0.0.0, and started at http://kirsch-Virtual-Machine.mshome.net:4040
[2023-05-09 10:53:52,387] {spark_submit.py:490} INFO - 23/05/09 10:53:52 INFO Executor: Starting executor ID driver on host kirsch-Virtual-Machine.mshome.net
[2023-05-09 10:53:52,420] {spark_submit.py:490} INFO - 23/05/09 10:53:52 INFO Utils: Successfully started service 'org.apache.spark.network.netty.NettyBlockTransferService' on port 34289.
[2023-05-09 10:53:52,420] {spark_submit.py:490} INFO - 23/05/09 10:53:52 INFO NettyBlockTransferService: Server created on kirsch-Virtual-Machine.mshome.net:34289
[2023-05-09 10:53:52,421] {spark_submit.py:490} INFO - 23/05/09 10:53:52 INFO BlockManager: Using org.apache.spark.storage.RandomBlockReplicationPolicy for block replication policy
[2023-05-09 10:53:52,429] {spark_submit.py:490} INFO - 23/05/09 10:53:52 INFO BlockManagerMaster: Registering BlockManager BlockManagerId(driver, kirsch-Virtual-Machine.mshome.net, 34289, None)
[2023-05-09 10:53:52,433] {spark_submit.py:490} INFO - 23/05/09 10:53:52 INFO BlockManagerMasterEndpoint: Registering block manager kirsch-Virtual-Machine.mshome.net:34289 with 366.3 MiB RAM, BlockManagerId(driver, kirsch-Virtual-Machine.mshome.net, 34289, None)
[2023-05-09 10:53:52,435] {spark_submit.py:490} INFO - 23/05/09 10:53:52 INFO BlockManagerMaster: Registered BlockManager BlockManagerId(driver, kirsch-Virtual-Machine.mshome.net, 34289, None)
[2023-05-09 10:53:52,437] {spark_submit.py:490} INFO - 23/05/09 10:53:52 INFO BlockManager: Initialized BlockManager: BlockManagerId(driver, kirsch-Virtual-Machine.mshome.net, 34289, None)
[2023-05-09 10:53:53,264] {spark_submit.py:490} INFO - 23/05/09 10:53:53 INFO SharedState: Setting hive.metastore.warehouse.dir ('null') to the value of spark.sql.warehouse.dir.
[2023-05-09 10:53:53,300] {spark_submit.py:490} INFO - 23/05/09 10:53:53 INFO SharedState: Warehouse path is 'file:/home/kirsch/airflow-alura/spark-warehouse'.
[2023-05-09 10:53:54,153] {spark_submit.py:490} INFO - 23/05/09 10:53:54 INFO InMemoryFileIndex: It took 37 ms to list leaf files for 1 paths.
[2023-05-09 10:53:54,321] {spark_submit.py:490} INFO - 23/05/09 10:53:54 INFO InMemoryFileIndex: It took 5 ms to list leaf files for 1 paths.
[2023-05-09 10:53:56,675] {spark_submit.py:490} INFO - 23/05/09 10:53:56 INFO FileSourceStrategy: Pushed Filters:
[2023-05-09 10:53:56,677] {spark_submit.py:490} INFO - 23/05/09 10:53:56 INFO FileSourceStrategy: Post-Scan Filters:
[2023-05-09 10:53:56,681] {spark_submit.py:490} INFO - 23/05/09 10:53:56 INFO FileSourceStrategy: Output Data Schema: struct<value: string>
[2023-05-09 10:53:56,981] {spark_submit.py:490} INFO - 23/05/09 10:53:56 INFO MemoryStore: Block broadcast_0 stored as values in memory (estimated size 338.2 KiB, free 366.0 MiB)
[2023-05-09 10:53:57,032] {spark_submit.py:490} INFO - 23/05/09 10:53:57 INFO MemoryStore: Block broadcast_0_piece0 stored as bytes in memory (estimated size 32.5 KiB, free 365.9 MiB)
[2023-05-09 10:53:57,034] {spark_submit.py:490} INFO - 23/05/09 10:53:57 INFO BlockManagerInfo: Added broadcast_0_piece0 in memory on kirsch-Virtual-Machine.mshome.net:34289 (size: 32.5 KiB, free: 366.3 MiB)
[2023-05-09 10:53:57,043] {spark_submit.py:490} INFO - 23/05/09 10:53:57 INFO SparkContext: Created broadcast 0 from json at NativeMethodAccessorImpl.java:0
[2023-05-09 10:53:57,054] {spark_submit.py:490} INFO - 23/05/09 10:53:57 INFO FileSourceScanExec: Planning scan with bin packing, max size: 4215999 bytes, open cost is considered as scanning 4194304 bytes.
[2023-05-09 10:53:57,226] {spark_submit.py:490} INFO - 23/05/09 10:53:57 INFO SparkContext: Starting job: json at NativeMethodAccessorImpl.java:0
[2023-05-09 10:53:57,255] {spark_submit.py:490} INFO - 23/05/09 10:53:57 INFO DAGScheduler: Got job 0 (json at NativeMethodAccessorImpl.java:0) with 1 output partitions
[2023-05-09 10:53:57,256] {spark_submit.py:490} INFO - 23/05/09 10:53:57 INFO DAGScheduler: Final stage: ResultStage 0 (json at NativeMethodAccessorImpl.java:0)
[2023-05-09 10:53:57,256] {spark_submit.py:490} INFO - 23/05/09 10:53:57 INFO DAGScheduler: Parents of final stage: List()
[2023-05-09 10:53:57,257] {spark_submit.py:490} INFO - 23/05/09 10:53:57 INFO DAGScheduler: Missing parents: List()
[2023-05-09 10:53:57,263] {spark_submit.py:490} INFO - 23/05/09 10:53:57 INFO DAGScheduler: Submitting ResultStage 0 (MapPartitionsRDD[3] at json at NativeMethodAccessorImpl.java:0), which has no missing parents
[2023-05-09 10:53:57,351] {spark_submit.py:490} INFO - 23/05/09 10:53:57 INFO MemoryStore: Block broadcast_1 stored as values in memory (estimated size 12.5 KiB, free 365.9 MiB)
[2023-05-09 10:53:57,356] {spark_submit.py:490} INFO - 23/05/09 10:53:57 INFO MemoryStore: Block broadcast_1_piece0 stored as bytes in memory (estimated size 6.5 KiB, free 365.9 MiB)
[2023-05-09 10:53:57,357] {spark_submit.py:490} INFO - 23/05/09 10:53:57 INFO BlockManagerInfo: Added broadcast_1_piece0 in memory on kirsch-Virtual-Machine.mshome.net:34289 (size: 6.5 KiB, free: 366.3 MiB)
[2023-05-09 10:53:57,357] {spark_submit.py:490} INFO - 23/05/09 10:53:57 INFO SparkContext: Created broadcast 1 from broadcast at DAGScheduler.scala:1474
[2023-05-09 10:53:57,374] {spark_submit.py:490} INFO - 23/05/09 10:53:57 INFO DAGScheduler: Submitting 1 missing tasks from ResultStage 0 (MapPartitionsRDD[3] at json at NativeMethodAccessorImpl.java:0) (first 15 tasks are for partitions Vector(0))
[2023-05-09 10:53:57,375] {spark_submit.py:490} INFO - 23/05/09 10:53:57 INFO TaskSchedulerImpl: Adding task set 0.0 with 1 tasks resource profile 0
[2023-05-09 10:53:57,439] {spark_submit.py:490} INFO - 23/05/09 10:53:57 INFO TaskSetManager: Starting task 0.0 in stage 0.0 (TID 0) (kirsch-Virtual-Machine.mshome.net, executor driver, partition 0, PROCESS_LOCAL, 4944 bytes) taskResourceAssignments Map()
[2023-05-09 10:53:57,451] {spark_submit.py:490} INFO - 23/05/09 10:53:57 INFO Executor: Running task 0.0 in stage 0.0 (TID 0)
[2023-05-09 10:53:57,877] {spark_submit.py:490} INFO - 23/05/09 10:53:57 INFO FileScanRDD: Reading File path: file:///home/kirsch/airflow-alura/datalake/Bronze/twitter_datascience/extract_date=2023-05-03/datascience_20230503.json, range: 0-21695, partition values: [empty row]
[2023-05-09 10:53:58,043] {spark_submit.py:490} INFO - 23/05/09 10:53:58 INFO CodeGenerator: Code generated in 123.083052 ms
[2023-05-09 10:53:58,128] {spark_submit.py:490} INFO - 23/05/09 10:53:58 INFO Executor: Finished task 0.0 in stage 0.0 (TID 0). 2841 bytes result sent to driver
[2023-05-09 10:53:58,142] {spark_submit.py:490} INFO - 23/05/09 10:53:58 INFO TaskSetManager: Finished task 0.0 in stage 0.0 (TID 0) in 717 ms on kirsch-Virtual-Machine.mshome.net (executor driver) (1/1)
[2023-05-09 10:53:58,145] {spark_submit.py:490} INFO - 23/05/09 10:53:58 INFO TaskSchedulerImpl: Removed TaskSet 0.0, whose tasks have all completed, from pool
[2023-05-09 10:53:58,156] {spark_submit.py:490} INFO - 23/05/09 10:53:58 INFO DAGScheduler: ResultStage 0 (json at NativeMethodAccessorImpl.java:0) finished in 0,876 s
[2023-05-09 10:53:58,161] {spark_submit.py:490} INFO - 23/05/09 10:53:58 INFO DAGScheduler: Job 0 is finished. Cancelling potential speculative or zombie tasks for this job
[2023-05-09 10:53:58,162] {spark_submit.py:490} INFO - 23/05/09 10:53:58 INFO TaskSchedulerImpl: Killing all running tasks in stage 0: Stage finished
[2023-05-09 10:53:58,166] {spark_submit.py:490} INFO - 23/05/09 10:53:58 INFO DAGScheduler: Job 0 finished: json at NativeMethodAccessorImpl.java:0, took 0,938732 s
[2023-05-09 10:53:58,579] {spark_submit.py:490} INFO - 23/05/09 10:53:58 INFO FileSourceStrategy: Pushed Filters: IsNotNull(data)
[2023-05-09 10:53:58,585] {spark_submit.py:490} INFO - 23/05/09 10:53:58 INFO FileSourceStrategy: Post-Scan Filters: (size(data#7, true) > 0),isnotnull(data#7)
[2023-05-09 10:53:58,586] {spark_submit.py:490} INFO - 23/05/09 10:53:58 INFO FileSourceStrategy: Output Data Schema: struct<data: array<struct<author_id:string,conversation_id:string,created_at:string,edit_history_tweet_ids:array<bigint>,id:string,in_reply_to_user_id:string,lang:string,public_metrics:struct<like_count:bigint,quote_count:bigint,reply_count:bigint,retweet_count:bigint>,text:string>>>
[2023-05-09 10:53:58,742] {spark_submit.py:490} INFO - 23/05/09 10:53:58 INFO FileOutputCommitter: File Output Committer Algorithm version is 1
[2023-05-09 10:53:58,742] {spark_submit.py:490} INFO - 23/05/09 10:53:58 INFO FileOutputCommitter: FileOutputCommitter skip cleanup _temporary folders under output directory:false, ignore cleanup failures: false
[2023-05-09 10:53:58,744] {spark_submit.py:490} INFO - 23/05/09 10:53:58 INFO SQLHadoopMapReduceCommitProtocol: Using output committer class org.apache.hadoop.mapreduce.lib.output.FileOutputCommitter
[2023-05-09 10:53:59,011] {spark_submit.py:490} INFO - 23/05/09 10:53:59 INFO CodeGenerator: Code generated in 111.5425 ms
[2023-05-09 10:53:59,019] {spark_submit.py:490} INFO - 23/05/09 10:53:59 INFO MemoryStore: Block broadcast_2 stored as values in memory (estimated size 338.0 KiB, free 365.6 MiB)
[2023-05-09 10:53:59,027] {spark_submit.py:490} INFO - 23/05/09 10:53:59 INFO MemoryStore: Block broadcast_2_piece0 stored as bytes in memory (estimated size 32.5 KiB, free 365.6 MiB)
[2023-05-09 10:53:59,028] {spark_submit.py:490} INFO - 23/05/09 10:53:59 INFO BlockManagerInfo: Added broadcast_2_piece0 in memory on kirsch-Virtual-Machine.mshome.net:34289 (size: 32.5 KiB, free: 366.2 MiB)
[2023-05-09 10:53:59,031] {spark_submit.py:490} INFO - 23/05/09 10:53:59 INFO SparkContext: Created broadcast 2 from json at NativeMethodAccessorImpl.java:0
[2023-05-09 10:53:59,038] {spark_submit.py:490} INFO - 23/05/09 10:53:59 INFO FileSourceScanExec: Planning scan with bin packing, max size: 4215999 bytes, open cost is considered as scanning 4194304 bytes.
[2023-05-09 10:53:59,109] {spark_submit.py:490} INFO - 23/05/09 10:53:59 INFO SparkContext: Starting job: json at NativeMethodAccessorImpl.java:0
[2023-05-09 10:53:59,111] {spark_submit.py:490} INFO - 23/05/09 10:53:59 INFO DAGScheduler: Got job 1 (json at NativeMethodAccessorImpl.java:0) with 1 output partitions
[2023-05-09 10:53:59,111] {spark_submit.py:490} INFO - 23/05/09 10:53:59 INFO DAGScheduler: Final stage: ResultStage 1 (json at NativeMethodAccessorImpl.java:0)
[2023-05-09 10:53:59,111] {spark_submit.py:490} INFO - 23/05/09 10:53:59 INFO DAGScheduler: Parents of final stage: List()
[2023-05-09 10:53:59,111] {spark_submit.py:490} INFO - 23/05/09 10:53:59 INFO DAGScheduler: Missing parents: List()
[2023-05-09 10:53:59,115] {spark_submit.py:490} INFO - 23/05/09 10:53:59 INFO DAGScheduler: Submitting ResultStage 1 (CoalescedRDD[7] at json at NativeMethodAccessorImpl.java:0), which has no missing parents
[2023-05-09 10:53:59,174] {spark_submit.py:490} INFO - 23/05/09 10:53:59 INFO MemoryStore: Block broadcast_3 stored as values in memory (estimated size 228.8 KiB, free 365.3 MiB)
[2023-05-09 10:53:59,176] {spark_submit.py:490} INFO - 23/05/09 10:53:59 INFO MemoryStore: Block broadcast_3_piece0 stored as bytes in memory (estimated size 79.5 KiB, free 365.3 MiB)
[2023-05-09 10:53:59,177] {spark_submit.py:490} INFO - 23/05/09 10:53:59 INFO BlockManagerInfo: Added broadcast_3_piece0 in memory on kirsch-Virtual-Machine.mshome.net:34289 (size: 79.5 KiB, free: 366.2 MiB)
[2023-05-09 10:53:59,178] {spark_submit.py:490} INFO - 23/05/09 10:53:59 INFO SparkContext: Created broadcast 3 from broadcast at DAGScheduler.scala:1474
[2023-05-09 10:53:59,178] {spark_submit.py:490} INFO - 23/05/09 10:53:59 INFO DAGScheduler: Submitting 1 missing tasks from ResultStage 1 (CoalescedRDD[7] at json at NativeMethodAccessorImpl.java:0) (first 15 tasks are for partitions Vector(0))
[2023-05-09 10:53:59,178] {spark_submit.py:490} INFO - 23/05/09 10:53:59 INFO TaskSchedulerImpl: Adding task set 1.0 with 1 tasks resource profile 0
[2023-05-09 10:53:59,188] {spark_submit.py:490} INFO - 23/05/09 10:53:59 INFO TaskSetManager: Starting task 0.0 in stage 1.0 (TID 1) (kirsch-Virtual-Machine.mshome.net, executor driver, partition 0, PROCESS_LOCAL, 5173 bytes) taskResourceAssignments Map()
[2023-05-09 10:53:59,189] {spark_submit.py:490} INFO - 23/05/09 10:53:59 INFO Executor: Running task 0.0 in stage 1.0 (TID 1)
[2023-05-09 10:53:59,247] {spark_submit.py:490} INFO - 23/05/09 10:53:59 INFO FileOutputCommitter: File Output Committer Algorithm version is 1
[2023-05-09 10:53:59,247] {spark_submit.py:490} INFO - 23/05/09 10:53:59 INFO FileOutputCommitter: FileOutputCommitter skip cleanup _temporary folders under output directory:false, ignore cleanup failures: false
[2023-05-09 10:53:59,249] {spark_submit.py:490} INFO - 23/05/09 10:53:59 INFO SQLHadoopMapReduceCommitProtocol: Using output committer class org.apache.hadoop.mapreduce.lib.output.FileOutputCommitter
[2023-05-09 10:53:59,295] {spark_submit.py:490} INFO - 23/05/09 10:53:59 INFO FileScanRDD: Reading File path: file:///home/kirsch/airflow-alura/datalake/Bronze/twitter_datascience/extract_date=2023-05-03/datascience_20230503.json, range: 0-21695, partition values: [empty row]
[2023-05-09 10:53:59,338] {spark_submit.py:490} INFO - 23/05/09 10:53:59 INFO CodeGenerator: Code generated in 37.065467 ms
[2023-05-09 10:53:59,370] {spark_submit.py:490} INFO - 23/05/09 10:53:59 INFO CodeGenerator: Code generated in 10.045445 ms
[2023-05-09 10:53:59,418] {spark_submit.py:490} INFO - 23/05/09 10:53:59 INFO FileOutputCommitter: Saved output of task 'attempt_202305091053593592630166560183083_0001_m_000000_1' to file:/home/kirsch/airflow-alura/datalake/Silver/twitter_datascience/tweet/process_date=2023-05-03/_temporary/0/task_202305091053593592630166560183083_0001_m_000000
[2023-05-09 10:53:59,420] {spark_submit.py:490} INFO - 23/05/09 10:53:59 INFO SparkHadoopMapRedUtil: attempt_202305091053593592630166560183083_0001_m_000000_1: Committed
[2023-05-09 10:53:59,425] {spark_submit.py:490} INFO - 23/05/09 10:53:59 INFO Executor: Finished task 0.0 in stage 1.0 (TID 1). 2670 bytes result sent to driver
[2023-05-09 10:53:59,427] {spark_submit.py:490} INFO - 23/05/09 10:53:59 INFO TaskSetManager: Finished task 0.0 in stage 1.0 (TID 1) in 248 ms on kirsch-Virtual-Machine.mshome.net (executor driver) (1/1)
[2023-05-09 10:53:59,427] {spark_submit.py:490} INFO - 23/05/09 10:53:59 INFO TaskSchedulerImpl: Removed TaskSet 1.0, whose tasks have all completed, from pool
[2023-05-09 10:53:59,428] {spark_submit.py:490} INFO - 23/05/09 10:53:59 INFO DAGScheduler: ResultStage 1 (json at NativeMethodAccessorImpl.java:0) finished in 0,315 s
[2023-05-09 10:53:59,428] {spark_submit.py:490} INFO - 23/05/09 10:53:59 INFO DAGScheduler: Job 1 is finished. Cancelling potential speculative or zombie tasks for this job
[2023-05-09 10:53:59,428] {spark_submit.py:490} INFO - 23/05/09 10:53:59 INFO TaskSchedulerImpl: Killing all running tasks in stage 1: Stage finished
[2023-05-09 10:53:59,429] {spark_submit.py:490} INFO - 23/05/09 10:53:59 INFO DAGScheduler: Job 1 finished: json at NativeMethodAccessorImpl.java:0, took 0,319793 s
[2023-05-09 10:53:59,436] {spark_submit.py:490} INFO - 23/05/09 10:53:59 INFO FileFormatWriter: Start to commit write Job 6e675d95-9994-4b29-953c-4fd254eb2f0c.
[2023-05-09 10:53:59,456] {spark_submit.py:490} INFO - 23/05/09 10:53:59 INFO FileFormatWriter: Write Job 6e675d95-9994-4b29-953c-4fd254eb2f0c committed. Elapsed time: 19 ms.
[2023-05-09 10:53:59,460] {spark_submit.py:490} INFO - 23/05/09 10:53:59 INFO FileFormatWriter: Finished processing stats for write job 6e675d95-9994-4b29-953c-4fd254eb2f0c.
[2023-05-09 10:53:59,499] {spark_submit.py:490} INFO - 23/05/09 10:53:59 INFO FileSourceStrategy: Pushed Filters:
[2023-05-09 10:53:59,500] {spark_submit.py:490} INFO - 23/05/09 10:53:59 INFO FileSourceStrategy: Post-Scan Filters:
[2023-05-09 10:53:59,502] {spark_submit.py:490} INFO - 23/05/09 10:53:59 INFO FileSourceStrategy: Output Data Schema: struct<includes: struct<users: array<struct<created_at:string,id:string,name:string,username:string>>>>
[2023-05-09 10:53:59,511] {spark_submit.py:490} INFO - 23/05/09 10:53:59 INFO FileOutputCommitter: File Output Committer Algorithm version is 1
[2023-05-09 10:53:59,511] {spark_submit.py:490} INFO - 23/05/09 10:53:59 INFO FileOutputCommitter: FileOutputCommitter skip cleanup _temporary folders under output directory:false, ignore cleanup failures: false
[2023-05-09 10:53:59,511] {spark_submit.py:490} INFO - 23/05/09 10:53:59 INFO SQLHadoopMapReduceCommitProtocol: Using output committer class org.apache.hadoop.mapreduce.lib.output.FileOutputCommitter
[2023-05-09 10:53:59,561] {spark_submit.py:490} INFO - 23/05/09 10:53:59 INFO CodeGenerator: Code generated in 17.374578 ms
[2023-05-09 10:53:59,571] {spark_submit.py:490} INFO - 23/05/09 10:53:59 INFO MemoryStore: Block broadcast_4 stored as values in memory (estimated size 338.0 KiB, free 364.9 MiB)
[2023-05-09 10:53:59,584] {spark_submit.py:490} INFO - 23/05/09 10:53:59 INFO MemoryStore: Block broadcast_4_piece0 stored as bytes in memory (estimated size 32.5 KiB, free 364.9 MiB)
[2023-05-09 10:53:59,587] {spark_submit.py:490} INFO - 23/05/09 10:53:59 INFO BlockManagerInfo: Added broadcast_4_piece0 in memory on kirsch-Virtual-Machine.mshome.net:34289 (size: 32.5 KiB, free: 366.1 MiB)
[2023-05-09 10:53:59,588] {spark_submit.py:490} INFO - 23/05/09 10:53:59 INFO SparkContext: Created broadcast 4 from json at NativeMethodAccessorImpl.java:0
[2023-05-09 10:53:59,589] {spark_submit.py:490} INFO - 23/05/09 10:53:59 INFO FileSourceScanExec: Planning scan with bin packing, max size: 4215999 bytes, open cost is considered as scanning 4194304 bytes.
[2023-05-09 10:53:59,610] {spark_submit.py:490} INFO - 23/05/09 10:53:59 INFO SparkContext: Starting job: json at NativeMethodAccessorImpl.java:0
[2023-05-09 10:53:59,612] {spark_submit.py:490} INFO - 23/05/09 10:53:59 INFO DAGScheduler: Got job 2 (json at NativeMethodAccessorImpl.java:0) with 1 output partitions
[2023-05-09 10:53:59,612] {spark_submit.py:490} INFO - 23/05/09 10:53:59 INFO DAGScheduler: Final stage: ResultStage 2 (json at NativeMethodAccessorImpl.java:0)
[2023-05-09 10:53:59,612] {spark_submit.py:490} INFO - 23/05/09 10:53:59 INFO DAGScheduler: Parents of final stage: List()
[2023-05-09 10:53:59,612] {spark_submit.py:490} INFO - 23/05/09 10:53:59 INFO DAGScheduler: Missing parents: List()
[2023-05-09 10:53:59,615] {spark_submit.py:490} INFO - 23/05/09 10:53:59 INFO DAGScheduler: Submitting ResultStage 2 (CoalescedRDD[11] at json at NativeMethodAccessorImpl.java:0), which has no missing parents
[2023-05-09 10:53:59,639] {spark_submit.py:490} INFO - 23/05/09 10:53:59 INFO MemoryStore: Block broadcast_5 stored as values in memory (estimated size 208.9 KiB, free 364.7 MiB)
[2023-05-09 10:53:59,642] {spark_submit.py:490} INFO - 23/05/09 10:53:59 INFO MemoryStore: Block broadcast_5_piece0 stored as bytes in memory (estimated size 74.9 KiB, free 364.6 MiB)
[2023-05-09 10:53:59,643] {spark_submit.py:490} INFO - 23/05/09 10:53:59 INFO BlockManagerInfo: Added broadcast_5_piece0 in memory on kirsch-Virtual-Machine.mshome.net:34289 (size: 74.9 KiB, free: 366.0 MiB)
[2023-05-09 10:53:59,644] {spark_submit.py:490} INFO - 23/05/09 10:53:59 INFO SparkContext: Created broadcast 5 from broadcast at DAGScheduler.scala:1474
[2023-05-09 10:53:59,644] {spark_submit.py:490} INFO - 23/05/09 10:53:59 INFO DAGScheduler: Submitting 1 missing tasks from ResultStage 2 (CoalescedRDD[11] at json at NativeMethodAccessorImpl.java:0) (first 15 tasks are for partitions Vector(0))
[2023-05-09 10:53:59,644] {spark_submit.py:490} INFO - 23/05/09 10:53:59 INFO TaskSchedulerImpl: Adding task set 2.0 with 1 tasks resource profile 0
[2023-05-09 10:53:59,645] {spark_submit.py:490} INFO - 23/05/09 10:53:59 INFO TaskSetManager: Starting task 0.0 in stage 2.0 (TID 2) (kirsch-Virtual-Machine.mshome.net, executor driver, partition 0, PROCESS_LOCAL, 5173 bytes) taskResourceAssignments Map()
[2023-05-09 10:53:59,646] {spark_submit.py:490} INFO - 23/05/09 10:53:59 INFO Executor: Running task 0.0 in stage 2.0 (TID 2)
[2023-05-09 10:53:59,674] {spark_submit.py:490} INFO - 23/05/09 10:53:59 INFO FileOutputCommitter: File Output Committer Algorithm version is 1
[2023-05-09 10:53:59,674] {spark_submit.py:490} INFO - 23/05/09 10:53:59 INFO FileOutputCommitter: FileOutputCommitter skip cleanup _temporary folders under output directory:false, ignore cleanup failures: false
[2023-05-09 10:53:59,674] {spark_submit.py:490} INFO - 23/05/09 10:53:59 INFO SQLHadoopMapReduceCommitProtocol: Using output committer class org.apache.hadoop.mapreduce.lib.output.FileOutputCommitter
[2023-05-09 10:53:59,696] {spark_submit.py:490} INFO - 23/05/09 10:53:59 INFO FileScanRDD: Reading File path: file:///home/kirsch/airflow-alura/datalake/Bronze/twitter_datascience/extract_date=2023-05-03/datascience_20230503.json, range: 0-21695, partition values: [empty row]
[2023-05-09 10:53:59,715] {spark_submit.py:490} INFO - 23/05/09 10:53:59 INFO CodeGenerator: Code generated in 14.681366 ms
[2023-05-09 10:53:59,729] {spark_submit.py:490} INFO - 23/05/09 10:53:59 INFO FileOutputCommitter: Saved output of task 'attempt_20230509105359140359836906783443_0002_m_000000_2' to file:/home/kirsch/airflow-alura/datalake/Silver/twitter_datascience/user/process_date=2023-05-03/_temporary/0/task_20230509105359140359836906783443_0002_m_000000
[2023-05-09 10:53:59,729] {spark_submit.py:490} INFO - 23/05/09 10:53:59 INFO SparkHadoopMapRedUtil: attempt_20230509105359140359836906783443_0002_m_000000_2: Committed
[2023-05-09 10:53:59,730] {spark_submit.py:490} INFO - 23/05/09 10:53:59 INFO Executor: Finished task 0.0 in stage 2.0 (TID 2). 2571 bytes result sent to driver
[2023-05-09 10:53:59,736] {spark_submit.py:490} INFO - 23/05/09 10:53:59 INFO TaskSetManager: Finished task 0.0 in stage 2.0 (TID 2) in 90 ms on kirsch-Virtual-Machine.mshome.net (executor driver) (1/1)
[2023-05-09 10:53:59,736] {spark_submit.py:490} INFO - 23/05/09 10:53:59 INFO TaskSchedulerImpl: Removed TaskSet 2.0, whose tasks have all completed, from pool
[2023-05-09 10:53:59,739] {spark_submit.py:490} INFO - 23/05/09 10:53:59 INFO DAGScheduler: ResultStage 2 (json at NativeMethodAccessorImpl.java:0) finished in 0,122 s
[2023-05-09 10:53:59,739] {spark_submit.py:490} INFO - 23/05/09 10:53:59 INFO DAGScheduler: Job 2 is finished. Cancelling potential speculative or zombie tasks for this job
[2023-05-09 10:53:59,739] {spark_submit.py:490} INFO - 23/05/09 10:53:59 INFO TaskSchedulerImpl: Killing all running tasks in stage 2: Stage finished
[2023-05-09 10:53:59,741] {spark_submit.py:490} INFO - 23/05/09 10:53:59 INFO DAGScheduler: Job 2 finished: json at NativeMethodAccessorImpl.java:0, took 0,130611 s
[2023-05-09 10:53:59,741] {spark_submit.py:490} INFO - 23/05/09 10:53:59 INFO FileFormatWriter: Start to commit write Job 92f9591f-b648-4cc2-a716-49efdb92fd5f.
[2023-05-09 10:53:59,775] {spark_submit.py:490} INFO - 23/05/09 10:53:59 INFO FileFormatWriter: Write Job 92f9591f-b648-4cc2-a716-49efdb92fd5f committed. Elapsed time: 32 ms.
[2023-05-09 10:53:59,775] {spark_submit.py:490} INFO - 23/05/09 10:53:59 INFO FileFormatWriter: Finished processing stats for write job 92f9591f-b648-4cc2-a716-49efdb92fd5f.
[2023-05-09 10:53:59,832] {spark_submit.py:490} INFO - 23/05/09 10:53:59 INFO SparkContext: Invoking stop() from shutdown hook
[2023-05-09 10:53:59,848] {spark_submit.py:490} INFO - 23/05/09 10:53:59 INFO SparkUI: Stopped Spark web UI at http://kirsch-Virtual-Machine.mshome.net:4040
[2023-05-09 10:53:59,880] {spark_submit.py:490} INFO - 23/05/09 10:53:59 INFO MapOutputTrackerMasterEndpoint: MapOutputTrackerMasterEndpoint stopped!
[2023-05-09 10:53:59,893] {spark_submit.py:490} INFO - 23/05/09 10:53:59 INFO MemoryStore: MemoryStore cleared
[2023-05-09 10:53:59,893] {spark_submit.py:490} INFO - 23/05/09 10:53:59 INFO BlockManager: BlockManager stopped
[2023-05-09 10:53:59,907] {spark_submit.py:490} INFO - 23/05/09 10:53:59 INFO BlockManagerMaster: BlockManagerMaster stopped
[2023-05-09 10:53:59,909] {spark_submit.py:490} INFO - 23/05/09 10:53:59 INFO OutputCommitCoordinator$OutputCommitCoordinatorEndpoint: OutputCommitCoordinator stopped!
[2023-05-09 10:53:59,912] {spark_submit.py:490} INFO - 23/05/09 10:53:59 INFO SparkContext: Successfully stopped SparkContext
[2023-05-09 10:53:59,912] {spark_submit.py:490} INFO - 23/05/09 10:53:59 INFO ShutdownHookManager: Shutdown hook called
[2023-05-09 10:53:59,913] {spark_submit.py:490} INFO - 23/05/09 10:53:59 INFO ShutdownHookManager: Deleting directory /tmp/spark-6e7231af-7936-4887-b7f8-3b8a75d1bf6d
[2023-05-09 10:53:59,916] {spark_submit.py:490} INFO - 23/05/09 10:53:59 INFO ShutdownHookManager: Deleting directory /tmp/spark-3a32dcc1-c693-4b8e-9946-0470e1e75530/pyspark-f2728d35-b4b1-4eab-87da-96cb9410d31a
[2023-05-09 10:53:59,920] {spark_submit.py:490} INFO - 23/05/09 10:53:59 INFO ShutdownHookManager: Deleting directory /tmp/spark-3a32dcc1-c693-4b8e-9946-0470e1e75530
[2023-05-09 10:53:59,953] {taskinstance.py:1395} INFO - Marking task as SUCCESS. dag_id=TwitterDag, task_id=transform_twitter_datascience, execution_date=20230503T000000, start_date=20230509T135349, end_date=20230509T135359
[2023-05-09 10:53:59,980] {local_task_job.py:156} INFO - Task exited with return code 0
[2023-05-09 10:54:00,004] {local_task_job.py:273} INFO - 1 downstream tasks scheduled from follow-on schedule check
